

Microchip MPLAB XC8 Assembler V2.45 build 20230818022343 
                                                                                               Tue Feb 20 12:27:45 2024

Microchip MPLAB XC8 C Compiler v2.45 (Free license) build 20230818022343 Og1 
     1                           	processor	16F1719
     2                           	pagewidth 120
     3                           	opt	flic
     4                           	psect	idataCOMMON,global,class=CODE,delta=2,noexec
     5                           	psect	cinit,global,class=CODE,merge=1,delta=2
     6                           	psect	bssCOMMON,global,class=COMMON,space=1,delta=1,noexec
     7                           	psect	dataCOMMON,global,class=COMMON,space=1,delta=1,noexec
     8                           	psect	cstackCOMMON,global,class=COMMON,space=1,delta=1,noexec
     9                           	psect	cstackBANK0,global,class=BANK0,space=1,delta=1,noexec
    10                           	psect	maintext,global,class=CODE,merge=1,split=1,delta=2
    11                           	psect	text1,local,class=CODE,merge=1,delta=2
    12                           	psect	text2,local,class=CODE,merge=1,delta=2
    13                           	psect	text3,local,class=CODE,merge=1,delta=2
    14                           	psect	text4,local,class=CODE,merge=1,delta=2
    15                           	psect	text5,local,class=CODE,merge=1,delta=2
    16                           	psect	intentry,global,class=CODE,delta=2
    17                           	psect	text7,local,class=CODE,merge=1,delta=2,group=1
    18                           	psect	config,global,abs,ovrld,class=CONFIG,space=4,delta=2,noexec
    19                           	dabs	1,0x7E,2
    20     0000                     
    21                           ; Generated 06/07/2023 GMT
    22                           ; 
    23                           ; Copyright © 2023, Microchip Technology Inc. and its subsidiaries ("Microchip")
    24                           ; All rights reserved.
    25                           ; 
    26                           ; This software is developed by Microchip Technology Inc. and its subsidiaries ("Microch
      +                          ip").
    27                           ; 
    28                           ; Redistribution and use in source and binary forms, with or without modification, are
    29                           ; permitted provided that the following conditions are met:
    30                           ; 
    31                           ;     1. Redistributions of source code must retain the above copyright notice, this lis
      +                          t of
    32                           ;        conditions and the following disclaimer.
    33                           ; 
    34                           ;     2. Redistributions in binary form must reproduce the above copyright notice, this 
      +                          list
    35                           ;        of conditions and the following disclaimer in the documentation and/or other
    36                           ;        materials provided with the distribution. Publication is not required when
    37                           ;        this file is used in an embedded application.
    38                           ; 
    39                           ;     3. Microchip's name may not be used to endorse or promote products derived from th
      +                          is
    40                           ;        software without specific prior written permission.
    41                           ; 
    42                           ; THIS SOFTWARE IS PROVIDED BY MICROCHIP "AS IS" AND ANY EXPRESS OR IMPLIED WARRANTIES,
    43                           ; INCLUDING, BUT NOT LIMITED TO, THE IMPLIED WARRANTIES OF MERCHANTABILITY AND FITNESS F
      +                          OR
    44                           ; PURPOSE ARE DISCLAIMED.  IN NO EVENT SHALL MICROCHIP BE LIABLE FOR ANY DIRECT, INDIREC
      +                          T,
    45                           ; INCIDENTAL, SPECIAL, EXEMPLARY, OR CONSEQUENTIAL DAMAGES (INCLUDING BUT NOT LIMITED TO
    46                           ; PROCUREMENT OF SUBSTITUTE GOODS OR SERVICES; LOSS OF USE, DATA OR PROFITS; OR BUSINESS
    47                           ; INTERRUPTION) HOWSOEVER CAUSED AND ON ANY THEORY OF LIABILITY, WHETHER IN CONTRACT, ST
      +                          RICT
    48                           ; LIABILITY, OR TORT (INCLUDING NEGLIGENCE OR OTHERWISE) ARISING IN ANY WAY OUT OF THE U
      +                          SE OF
    49                           ; THIS SOFTWARE, EVEN IF ADVISED OF THE POSSIBILITY OF SUCH DAMAGE.
    50                           ; 
    51                           ; 
    52                           ; Code-generator required, PIC16F1719 Definitions
    53                           ; 
    54                           ; SFR Addresses
    55     0000                     	;# 
    56     0001                     	;# 
    57     0002                     	;# 
    58     0003                     	;# 
    59     0004                     	;# 
    60     0005                     	;# 
    61     0006                     	;# 
    62     0007                     	;# 
    63     0008                     	;# 
    64     0009                     	;# 
    65     000A                     	;# 
    66     000B                     	;# 
    67     000C                     	;# 
    68     000D                     	;# 
    69     000E                     	;# 
    70     000F                     	;# 
    71     0010                     	;# 
    72     0011                     	;# 
    73     0012                     	;# 
    74     0013                     	;# 
    75     0015                     	;# 
    76     0016                     	;# 
    77     0016                     	;# 
    78     0017                     	;# 
    79     0018                     	;# 
    80     0019                     	;# 
    81     001A                     	;# 
    82     001B                     	;# 
    83     001C                     	;# 
    84     008C                     	;# 
    85     008D                     	;# 
    86     008E                     	;# 
    87     008F                     	;# 
    88     0090                     	;# 
    89     0091                     	;# 
    90     0092                     	;# 
    91     0093                     	;# 
    92     0095                     	;# 
    93     0096                     	;# 
    94     0097                     	;# 
    95     0098                     	;# 
    96     0099                     	;# 
    97     009A                     	;# 
    98     009B                     	;# 
    99     009B                     	;# 
   100     009C                     	;# 
   101     009D                     	;# 
   102     009E                     	;# 
   103     009F                     	;# 
   104     010C                     	;# 
   105     010D                     	;# 
   106     010E                     	;# 
   107     010F                     	;# 
   108     0110                     	;# 
   109     0111                     	;# 
   110     0112                     	;# 
   111     0113                     	;# 
   112     0114                     	;# 
   113     0115                     	;# 
   114     0116                     	;# 
   115     0117                     	;# 
   116     0118                     	;# 
   117     0119                     	;# 
   118     011A                     	;# 
   119     011B                     	;# 
   120     011B                     	;# 
   121     011C                     	;# 
   122     018C                     	;# 
   123     018D                     	;# 
   124     018E                     	;# 
   125     018F                     	;# 
   126     0190                     	;# 
   127     0191                     	;# 
   128     0191                     	;# 
   129     0192                     	;# 
   130     0193                     	;# 
   131     0193                     	;# 
   132     0194                     	;# 
   133     0195                     	;# 
   134     0196                     	;# 
   135     0197                     	;# 
   136     0199                     	;# 
   137     0199                     	;# 
   138     0199                     	;# 
   139     019A                     	;# 
   140     019A                     	;# 
   141     019A                     	;# 
   142     019B                     	;# 
   143     019B                     	;# 
   144     019B                     	;# 
   145     019B                     	;# 
   146     019B                     	;# 
   147     019C                     	;# 
   148     019C                     	;# 
   149     019C                     	;# 
   150     019D                     	;# 
   151     019D                     	;# 
   152     019D                     	;# 
   153     019E                     	;# 
   154     019E                     	;# 
   155     019E                     	;# 
   156     019F                     	;# 
   157     019F                     	;# 
   158     019F                     	;# 
   159     019F                     	;# 
   160     019F                     	;# 
   161     020C                     	;# 
   162     020D                     	;# 
   163     020E                     	;# 
   164     020F                     	;# 
   165     0210                     	;# 
   166     0211                     	;# 
   167     0211                     	;# 
   168     0212                     	;# 
   169     0212                     	;# 
   170     0213                     	;# 
   171     0213                     	;# 
   172     0214                     	;# 
   173     0214                     	;# 
   174     0215                     	;# 
   175     0215                     	;# 
   176     0215                     	;# 
   177     0215                     	;# 
   178     0216                     	;# 
   179     0216                     	;# 
   180     0217                     	;# 
   181     0217                     	;# 
   182     028C                     	;# 
   183     028D                     	;# 
   184     028E                     	;# 
   185     028F                     	;# 
   186     0290                     	;# 
   187     0291                     	;# 
   188     0291                     	;# 
   189     0292                     	;# 
   190     0293                     	;# 
   191     0293                     	;# 
   192     0298                     	;# 
   193     0298                     	;# 
   194     0299                     	;# 
   195     029A                     	;# 
   196     029A                     	;# 
   197     029E                     	;# 
   198     030C                     	;# 
   199     030D                     	;# 
   200     030E                     	;# 
   201     030F                     	;# 
   202     0310                     	;# 
   203     038C                     	;# 
   204     038D                     	;# 
   205     038E                     	;# 
   206     038F                     	;# 
   207     0390                     	;# 
   208     0391                     	;# 
   209     0392                     	;# 
   210     0393                     	;# 
   211     0394                     	;# 
   212     0395                     	;# 
   213     0396                     	;# 
   214     0397                     	;# 
   215     0398                     	;# 
   216     0399                     	;# 
   217     039D                     	;# 
   218     039E                     	;# 
   219     039F                     	;# 
   220     0415                     	;# 
   221     0416                     	;# 
   222     0417                     	;# 
   223     041C                     	;# 
   224     041D                     	;# 
   225     041E                     	;# 
   226     0498                     	;# 
   227     0498                     	;# 
   228     0499                     	;# 
   229     049A                     	;# 
   230     049B                     	;# 
   231     049B                     	;# 
   232     049C                     	;# 
   233     049D                     	;# 
   234     049E                     	;# 
   235     049F                     	;# 
   236     0511                     	;# 
   237     0515                     	;# 
   238     0617                     	;# 
   239     0618                     	;# 
   240     0619                     	;# 
   241     0619                     	;# 
   242     061A                     	;# 
   243     061B                     	;# 
   244     061C                     	;# 
   245     061C                     	;# 
   246     0691                     	;# 
   247     0692                     	;# 
   248     0693                     	;# 
   249     0694                     	;# 
   250     0695                     	;# 
   251     0696                     	;# 
   252     0697                     	;# 
   253     0698                     	;# 
   254     0699                     	;# 
   255     069A                     	;# 
   256     069B                     	;# 
   257     069C                     	;# 
   258     069D                     	;# 
   259     069E                     	;# 
   260     069F                     	;# 
   261     0E0F                     	;# 
   262     0E10                     	;# 
   263     0E11                     	;# 
   264     0E12                     	;# 
   265     0E13                     	;# 
   266     0E14                     	;# 
   267     0E15                     	;# 
   268     0E17                     	;# 
   269     0E20                     	;# 
   270     0E21                     	;# 
   271     0E22                     	;# 
   272     0E24                     	;# 
   273     0E25                     	;# 
   274     0E28                     	;# 
   275     0E29                     	;# 
   276     0E2A                     	;# 
   277     0E2B                     	;# 
   278     0E90                     	;# 
   279     0E91                     	;# 
   280     0E92                     	;# 
   281     0E93                     	;# 
   282     0E94                     	;# 
   283     0E95                     	;# 
   284     0E96                     	;# 
   285     0E97                     	;# 
   286     0E98                     	;# 
   287     0E99                     	;# 
   288     0E9A                     	;# 
   289     0E9B                     	;# 
   290     0E9C                     	;# 
   291     0E9D                     	;# 
   292     0E9E                     	;# 
   293     0E9F                     	;# 
   294     0EA0                     	;# 
   295     0EA1                     	;# 
   296     0EA2                     	;# 
   297     0EA3                     	;# 
   298     0EA4                     	;# 
   299     0EA5                     	;# 
   300     0EA6                     	;# 
   301     0EA7                     	;# 
   302     0EA8                     	;# 
   303     0EA9                     	;# 
   304     0EAA                     	;# 
   305     0EAB                     	;# 
   306     0EAC                     	;# 
   307     0EAD                     	;# 
   308     0EAE                     	;# 
   309     0EAF                     	;# 
   310     0EB0                     	;# 
   311     0EB1                     	;# 
   312     0EB2                     	;# 
   313     0F0F                     	;# 
   314     0F10                     	;# 
   315     0F11                     	;# 
   316     0F12                     	;# 
   317     0F13                     	;# 
   318     0F14                     	;# 
   319     0F15                     	;# 
   320     0F16                     	;# 
   321     0F17                     	;# 
   322     0F18                     	;# 
   323     0F19                     	;# 
   324     0F1A                     	;# 
   325     0F1B                     	;# 
   326     0F1C                     	;# 
   327     0F1D                     	;# 
   328     0F1E                     	;# 
   329     0F1F                     	;# 
   330     0F20                     	;# 
   331     0F21                     	;# 
   332     0F22                     	;# 
   333     0F23                     	;# 
   334     0F24                     	;# 
   335     0F25                     	;# 
   336     0F26                     	;# 
   337     0F27                     	;# 
   338     0F28                     	;# 
   339     0F29                     	;# 
   340     0F2A                     	;# 
   341     0F2B                     	;# 
   342     0F2C                     	;# 
   343     0F2D                     	;# 
   344     0F2E                     	;# 
   345     0F2F                     	;# 
   346     0F30                     	;# 
   347     0F31                     	;# 
   348     0F32                     	;# 
   349     0F33                     	;# 
   350     0F34                     	;# 
   351     0F35                     	;# 
   352     0F36                     	;# 
   353     0F37                     	;# 
   354     0FE4                     	;# 
   355     0FE5                     	;# 
   356     0FE6                     	;# 
   357     0FE7                     	;# 
   358     0FE8                     	;# 
   359     0FE9                     	;# 
   360     0FEA                     	;# 
   361     0FEB                     	;# 
   362     0FED                     	;# 
   363     0FEE                     	;# 
   364     0FEF                     	;# 
   365                           
   366                           	psect	idataCOMMON
   367     0132                     __pidataCOMMON:
   368                           
   369                           ;initializer for _nombreLeds
   370     0132  3404               	retlw	4
   371     0011                     _PIR1bits	set	17
   372     000B                     _INTCONbits	set	11
   373     001A                     _TMR2	set	26
   374     001B                     _PR2	set	27
   375     001C                     _T2CONbits	set	28
   376     0089                     _TMR2IF	set	137
   377     008C                     _TRISAbits	set	140
   378     0091                     _PIE1bits	set	145
   379     008D                     _TRISBbits	set	141
   380     008F                     _TRISDbits	set	143
   381     0489                     _TMR2IE	set	1161
   382     010D                     _LATBbits	set	269
   383     010F                     _LATDbits	set	271
   384     018C                     _ANSELAbits	set	396
   385     0396                     _IOCBFbits	set	918
   386     0393                     _IOCAFbits	set	915
   387     0392                     _IOCANbits	set	914
   388                           
   389                           	psect	cinit
   390     0075                     start_initialization:	
   391                           ; #config settings
   392                           
   393     0075                     __initialization:
   394                           
   395                           ; Initialize objects allocated to COMMON
   396     0075  3181  2132  3180   	fcall	__pidataCOMMON	;fetch initializer
   397     0078  00F9               	movwf	__pdataCOMMON& (0+127)
   398                           
   399                           ; Clear objects allocated to COMMON
   400     0079  01F7               	clrf	__pbssCOMMON& (0+127)
   401     007A  01F8               	clrf	(__pbssCOMMON+1)& (0+127)
   402     007B                     end_of_initialization:	
   403                           ;End of C runtime variable initialization code
   404                           
   405     007B                     __end_of__initialization:
   406     007B  107E               	bcf	int$flags,0	;clear compiler interrupt flag (level 1)
   407     007C  0020               	movlb	0
   408     007D  3180  287F         	ljmp	_main	;jump to C main() function
   409                           
   410                           	psect	bssCOMMON
   411     0077                     __pbssCOMMON:
   412     0077                     _compteur:
   413     0077                     	ds	1
   414     0078                     _compteurTimerOverflow:
   415     0078                     	ds	1
   416                           
   417                           	psect	dataCOMMON
   418     0079                     __pdataCOMMON:
   419     0079                     _nombreLeds:
   420     0079                     	ds	1
   421                           
   422                           	psect	cstackCOMMON
   423     0070                     __pcstackCOMMON:
   424     0070                     ?_init_leds:
   425     0070                     ?_init_timer2:	
   426                           ; 1 bytes @ 0x0
   427                           
   428     0070                     ?_init_interrupt:	
   429                           ; 1 bytes @ 0x0
   430                           
   431     0070                     ?_init_bouton:	
   432                           ; 1 bytes @ 0x0
   433                           
   434     0070                     ?_isr:	
   435                           ; 1 bytes @ 0x0
   436                           
   437     0070                     ?_main:	
   438                           ; 1 bytes @ 0x0
   439                           
   440     0070                     ?___lbmod:	
   441                           ; 1 bytes @ 0x0
   442                           
   443     0070                     ___lbmod@divisor:	
   444                           ; 1 bytes @ 0x0
   445                           
   446                           
   447                           ; 1 bytes @ 0x0
   448     0070                     	ds	1
   449     0071                     ??___lbmod:
   450                           
   451                           ; 1 bytes @ 0x1
   452     0071                     	ds	1
   453     0072                     ___lbmod@dividend:
   454                           
   455                           ; 1 bytes @ 0x2
   456     0072                     	ds	1
   457     0073                     ___lbmod@counter:
   458                           
   459                           ; 1 bytes @ 0x3
   460     0073                     	ds	1
   461     0074                     ___lbmod@rem:
   462                           
   463                           ; 1 bytes @ 0x4
   464     0074                     	ds	1
   465     0075                     ??_isr:
   466                           
   467                           ; 1 bytes @ 0x5
   468     0075                     	ds	2
   469                           
   470                           	psect	cstackBANK0
   471     0020                     __pcstackBANK0:
   472     0020                     ??_init_leds:
   473     0020                     ??_init_timer2:	
   474                           ; 1 bytes @ 0x0
   475                           
   476     0020                     ??_init_interrupt:	
   477                           ; 1 bytes @ 0x0
   478                           
   479     0020                     ??_init_bouton:	
   480                           ; 1 bytes @ 0x0
   481                           
   482     0020                     ?_delay_ms:	
   483                           ; 1 bytes @ 0x0
   484                           
   485     0020                     delay_ms@milliseconds:	
   486                           ; 1 bytes @ 0x0
   487                           
   488                           
   489                           ; 2 bytes @ 0x0
   490     0020                     	ds	2
   491     0022                     ??_delay_ms:
   492                           
   493                           ; 1 bytes @ 0x2
   494     0022                     	ds	1
   495     0023                     delay_ms@i:
   496                           
   497                           ; 2 bytes @ 0x3
   498     0023                     	ds	2
   499     0025                     ??_main:
   500                           
   501                           	psect	maintext
   502     007F                     __pmaintext:	
   503                           ; 1 bytes @ 0x5
   504 ;;
   505 ;;Main: autosize = 0, tempsize = 0, incstack = 0, save=0
   506 ;;
   507 ;; *************** function _main *****************
   508 ;; Defined at:
   509 ;;		line 133 in file "main.c"
   510 ;; Parameters:    Size  Location     Type
   511 ;;		None
   512 ;; Auto vars:     Size  Location     Type
   513 ;;		None
   514 ;; Return value:  Size  Location     Type
   515 ;;                  1    wreg      void 
   516 ;; Registers used:
   517 ;;		wreg, status,2, status,0, pclath, cstack
   518 ;; Tracked objects:
   519 ;;		On entry : B1F/0
   520 ;;		On exit  : 0/0
   521 ;;		Unchanged: 0/0
   522 ;; Data sizes:     COMMON   BANK0   BANK1   BANK2   BANK3   BANK4   BANK5   BANK6   BANK7   BANK8   BANK9  BANK10  BANK1
      +1  BANK12  BANK13  BANK14  BANK15  BANK16  BANK17  BANK18  BANK19  BANK20  BANK21  BANK22  BANK23  BANK24  BANK25
   523 ;;      Params:         0       0       0       0       0       0       0       0       0       0       0       0       
      +0       0       0       0       0       0       0       0       0       0       0       0       0       0       0
   524 ;;      Locals:         0       0       0       0       0       0       0       0       0       0       0       0       
      +0       0       0       0       0       0       0       0       0       0       0       0       0       0       0
   525 ;;      Temps:          0       0       0       0       0       0       0       0       0       0       0       0       
      +0       0       0       0       0       0       0       0       0       0       0       0       0       0       0
   526 ;;      Totals:         0       0       0       0       0       0       0       0       0       0       0       0       
      +0       0       0       0       0       0       0       0       0       0       0       0       0       0       0
   527 ;;Total ram usage:        0 bytes
   528 ;; Hardware stack levels required when called: 3
   529 ;; This function calls:
   530 ;;		_delay_ms
   531 ;;		_init_bouton
   532 ;;		_init_interrupt
   533 ;;		_init_leds
   534 ;;		_init_timer2
   535 ;; This function is called by:
   536 ;;		Startup code after reset
   537 ;; This function uses a non-reentrant model
   538 ;;
   539                           
   540     007F                     _main:	
   541                           ;psect for function _main
   542                           
   543     007F                     l885:	
   544                           ;incstack = 0
   545                           ; Regs used in _main: [wreg+status,2+status,0+pclath+cstack]
   546                           
   547                           
   548                           ;main.c: 135:     init_leds();
   549     007F  3180  20BA  3180   	fcall	_init_leds
   550     0082                     l887:
   551                           
   552                           ;main.c: 136:     init_timer2();
   553     0082  3181  2117  3180   	fcall	_init_timer2
   554     0085                     l889:
   555                           
   556                           ;main.c: 137:     init_interrupt();
   557     0085  3181  2123  3180   	fcall	_init_interrupt
   558     0088                     l891:
   559                           
   560                           ;main.c: 138:     init_bouton();
   561     0088  3181  212D  3180   	fcall	_init_bouton
   562     008B                     l893:
   563                           
   564                           ;main.c: 143:         LATBbits.LATB3 = 1;
   565     008B  0022               	movlb	2	; select bank2
   566     008C  158D               	bsf	13,3	;volatile
   567     008D                     l895:
   568                           
   569                           ;main.c: 144:         LATBbits.LATB0 = 0;
   570     008D  100D               	bcf	13,0	;volatile
   571     008E                     l897:
   572                           
   573                           ;main.c: 145:         delay_ms(1000);
   574     008E  30E8               	movlw	232
   575     008F  0020               	movlb	0	; select bank0
   576     0090  00A0               	movwf	delay_ms@milliseconds
   577     0091  3003               	movlw	3
   578     0092  00A1               	movwf	delay_ms@milliseconds+1
   579     0093  3180  20FA  3180   	fcall	_delay_ms
   580     0096                     l899:
   581                           
   582                           ;main.c: 147:         LATBbits.LATB2 = 1;
   583     0096  0022               	movlb	2	; select bank2
   584     0097  150D               	bsf	13,2	;volatile
   585     0098                     l901:
   586                           
   587                           ;main.c: 148:         LATBbits.LATB3 = 0;
   588     0098  118D               	bcf	13,3	;volatile
   589     0099                     l903:
   590                           
   591                           ;main.c: 149:         delay_ms(1000);
   592     0099  30E8               	movlw	232
   593     009A  0020               	movlb	0	; select bank0
   594     009B  00A0               	movwf	delay_ms@milliseconds
   595     009C  3003               	movlw	3
   596     009D  00A1               	movwf	delay_ms@milliseconds+1
   597     009E  3180  20FA  3180   	fcall	_delay_ms
   598     00A1                     l905:
   599                           
   600                           ;main.c: 151:         LATBbits.LATB1 = 1;
   601     00A1  0022               	movlb	2	; select bank2
   602     00A2  148D               	bsf	13,1	;volatile
   603     00A3                     l907:
   604                           
   605                           ;main.c: 152:         LATBbits.LATB2 = 0;
   606     00A3  110D               	bcf	13,2	;volatile
   607     00A4                     l909:
   608                           
   609                           ;main.c: 153:         delay_ms(1000);
   610     00A4  30E8               	movlw	232
   611     00A5  0020               	movlb	0	; select bank0
   612     00A6  00A0               	movwf	delay_ms@milliseconds
   613     00A7  3003               	movlw	3
   614     00A8  00A1               	movwf	delay_ms@milliseconds+1
   615     00A9  3180  20FA  3180   	fcall	_delay_ms
   616     00AC                     l911:
   617                           
   618                           ;main.c: 155:         LATBbits.LATB0 = 1;
   619     00AC  0022               	movlb	2	; select bank2
   620     00AD  140D               	bsf	13,0	;volatile
   621     00AE                     l913:
   622                           
   623                           ;main.c: 156:         LATBbits.LATB1 = 0;
   624     00AE  108D               	bcf	13,1	;volatile
   625     00AF                     l915:
   626                           
   627                           ;main.c: 157:         delay_ms(1000);
   628     00AF  30E8               	movlw	232
   629     00B0  0020               	movlb	0	; select bank0
   630     00B1  00A0               	movwf	delay_ms@milliseconds
   631     00B2  3003               	movlw	3
   632     00B3  00A1               	movwf	delay_ms@milliseconds+1
   633     00B4  3180  20FA  3180   	fcall	_delay_ms
   634     00B7  288B               	goto	l893
   635     00B8  3180  2873         	ljmp	start
   636     00BA                     __end_of_main:
   637                           
   638                           	psect	text1
   639     0117                     __ptext1:	
   640 ;; *************** function _init_timer2 *****************
   641 ;; Defined at:
   642 ;;		line 51 in file "main.c"
   643 ;; Parameters:    Size  Location     Type
   644 ;;		None
   645 ;; Auto vars:     Size  Location     Type
   646 ;;		None
   647 ;; Return value:  Size  Location     Type
   648 ;;                  1    wreg      void 
   649 ;; Registers used:
   650 ;;		wreg, status,2, status,0
   651 ;; Tracked objects:
   652 ;;		On entry : 0/0
   653 ;;		On exit  : 0/0
   654 ;;		Unchanged: 0/0
   655 ;; Data sizes:     COMMON   BANK0   BANK1   BANK2   BANK3   BANK4   BANK5   BANK6   BANK7   BANK8   BANK9  BANK10  BANK1
      +1  BANK12  BANK13  BANK14  BANK15  BANK16  BANK17  BANK18  BANK19  BANK20  BANK21  BANK22  BANK23  BANK24  BANK25
   656 ;;      Params:         0       0       0       0       0       0       0       0       0       0       0       0       
      +0       0       0       0       0       0       0       0       0       0       0       0       0       0       0
   657 ;;      Locals:         0       0       0       0       0       0       0       0       0       0       0       0       
      +0       0       0       0       0       0       0       0       0       0       0       0       0       0       0
   658 ;;      Temps:          0       0       0       0       0       0       0       0       0       0       0       0       
      +0       0       0       0       0       0       0       0       0       0       0       0       0       0       0
   659 ;;      Totals:         0       0       0       0       0       0       0       0       0       0       0       0       
      +0       0       0       0       0       0       0       0       0       0       0       0       0       0       0
   660 ;;Total ram usage:        0 bytes
   661 ;; Hardware stack levels used: 1
   662 ;; Hardware stack levels required when called: 2
   663 ;; This function calls:
   664 ;;		Nothing
   665 ;; This function is called by:
   666 ;;		_main
   667 ;; This function uses a non-reentrant model
   668 ;;
   669                           
   670     0117                     _init_timer2:	
   671                           ;psect for function _init_timer2
   672                           
   673     0117                     l873:	
   674                           ;incstack = 0
   675                           ; Regs used in _init_timer2: [wreg+status,2+status,0]
   676                           
   677                           
   678                           ;main.c: 53:     T2CONbits.T2CKPS = 2;
   679     0117  0020               	movlb	0	; select bank0
   680     0118  081C               	movf	28,w	;volatile
   681     0119  39FC               	andlw	-4
   682     011A  3802               	iorlw	2
   683     011B  009C               	movwf	28	;volatile
   684                           
   685                           ;main.c: 54:     T2CONbits.T2OUTPS = 0;
   686     011C  3087               	movlw	-121
   687     011D  059C               	andwf	28,f	;volatile
   688     011E                     l875:
   689                           
   690                           ;main.c: 55:     PR2 = 124;
   691     011E  307C               	movlw	124
   692     011F  009B               	movwf	27	;volatile
   693     0120                     l877:
   694                           
   695                           ;main.c: 56:     T2CONbits.TMR2ON = 1;
   696     0120  151C               	bsf	28,2	;volatile
   697     0121                     l879:
   698                           
   699                           ;main.c: 57:     TMR2 = 0;
   700     0121  019A               	clrf	26	;volatile
   701     0122                     l48:
   702     0122  0008               	return
   703     0123                     __end_of_init_timer2:
   704                           
   705                           	psect	text2
   706     00BA                     __ptext2:	
   707 ;; *************** function _init_leds *****************
   708 ;; Defined at:
   709 ;;		line 39 in file "main.c"
   710 ;; Parameters:    Size  Location     Type
   711 ;;		None
   712 ;; Auto vars:     Size  Location     Type
   713 ;;		None
   714 ;; Return value:  Size  Location     Type
   715 ;;                  1    wreg      void 
   716 ;; Registers used:
   717 ;;		None
   718 ;; Tracked objects:
   719 ;;		On entry : 0/0
   720 ;;		On exit  : 0/0
   721 ;;		Unchanged: 0/0
   722 ;; Data sizes:     COMMON   BANK0   BANK1   BANK2   BANK3   BANK4   BANK5   BANK6   BANK7   BANK8   BANK9  BANK10  BANK1
      +1  BANK12  BANK13  BANK14  BANK15  BANK16  BANK17  BANK18  BANK19  BANK20  BANK21  BANK22  BANK23  BANK24  BANK25
   723 ;;      Params:         0       0       0       0       0       0       0       0       0       0       0       0       
      +0       0       0       0       0       0       0       0       0       0       0       0       0       0       0
   724 ;;      Locals:         0       0       0       0       0       0       0       0       0       0       0       0       
      +0       0       0       0       0       0       0       0       0       0       0       0       0       0       0
   725 ;;      Temps:          0       0       0       0       0       0       0       0       0       0       0       0       
      +0       0       0       0       0       0       0       0       0       0       0       0       0       0       0
   726 ;;      Totals:         0       0       0       0       0       0       0       0       0       0       0       0       
      +0       0       0       0       0       0       0       0       0       0       0       0       0       0       0
   727 ;;Total ram usage:        0 bytes
   728 ;; Hardware stack levels used: 1
   729 ;; Hardware stack levels required when called: 2
   730 ;; This function calls:
   731 ;;		Nothing
   732 ;; This function is called by:
   733 ;;		_main
   734 ;; This function uses a non-reentrant model
   735 ;;
   736                           
   737     00BA                     _init_leds:	
   738                           ;psect for function _init_leds
   739                           
   740     00BA                     l871:	
   741                           ;incstack = 0
   742                           ; Regs used in _init_leds: []
   743                           
   744                           
   745                           ;main.c: 40:     TRISDbits.TRISD0 = 0; LATDbits.LATD0 = 0;
   746     00BA  0021               	movlb	1	; select bank1
   747     00BB  100F               	bcf	15,0	;volatile
   748     00BC  0022               	movlb	2	; select bank2
   749     00BD  100F               	bcf	15,0	;volatile
   750                           
   751                           ;main.c: 41:     TRISDbits.TRISD1 = 0; LATDbits.LATD1 = 0;
   752     00BE  0021               	movlb	1	; select bank1
   753     00BF  108F               	bcf	15,1	;volatile
   754     00C0  0022               	movlb	2	; select bank2
   755     00C1  108F               	bcf	15,1	;volatile
   756                           
   757                           ;main.c: 42:     TRISDbits.TRISD2 = 0; LATDbits.LATD2 = 0;
   758     00C2  0021               	movlb	1	; select bank1
   759     00C3  110F               	bcf	15,2	;volatile
   760     00C4  0022               	movlb	2	; select bank2
   761     00C5  110F               	bcf	15,2	;volatile
   762                           
   763                           ;main.c: 43:     TRISDbits.TRISD3 = 0; LATDbits.LATD3 = 0;
   764     00C6  0021               	movlb	1	; select bank1
   765     00C7  118F               	bcf	15,3	;volatile
   766     00C8  0022               	movlb	2	; select bank2
   767     00C9  118F               	bcf	15,3	;volatile
   768                           
   769                           ;main.c: 44:     TRISBbits.TRISB0 = 0; LATBbits.LATB0 = 0;
   770     00CA  0021               	movlb	1	; select bank1
   771     00CB  100D               	bcf	13,0	;volatile
   772     00CC  0022               	movlb	2	; select bank2
   773     00CD  100D               	bcf	13,0	;volatile
   774                           
   775                           ;main.c: 45:     TRISBbits.TRISB1 = 0; LATBbits.LATB1 = 0;
   776     00CE  0021               	movlb	1	; select bank1
   777     00CF  108D               	bcf	13,1	;volatile
   778     00D0  0022               	movlb	2	; select bank2
   779     00D1  108D               	bcf	13,1	;volatile
   780                           
   781                           ;main.c: 46:     TRISBbits.TRISB2 = 0; LATBbits.LATB2 = 0;
   782     00D2  0021               	movlb	1	; select bank1
   783     00D3  110D               	bcf	13,2	;volatile
   784     00D4  0022               	movlb	2	; select bank2
   785     00D5  110D               	bcf	13,2	;volatile
   786                           
   787                           ;main.c: 47:     TRISBbits.TRISB3 = 0; LATBbits.LATB3 = 0;
   788     00D6  0021               	movlb	1	; select bank1
   789     00D7  118D               	bcf	13,3	;volatile
   790     00D8  0022               	movlb	2	; select bank2
   791     00D9  118D               	bcf	13,3	;volatile
   792     00DA                     l45:
   793     00DA  0008               	return
   794     00DB                     __end_of_init_leds:
   795                           
   796                           	psect	text3
   797     0123                     __ptext3:	
   798 ;; *************** function _init_interrupt *****************
   799 ;; Defined at:
   800 ;;		line 61 in file "main.c"
   801 ;; Parameters:    Size  Location     Type
   802 ;;		None
   803 ;; Auto vars:     Size  Location     Type
   804 ;;		None
   805 ;; Return value:  Size  Location     Type
   806 ;;                  1    wreg      void 
   807 ;; Registers used:
   808 ;;		None
   809 ;; Tracked objects:
   810 ;;		On entry : 0/0
   811 ;;		On exit  : 0/0
   812 ;;		Unchanged: 0/0
   813 ;; Data sizes:     COMMON   BANK0   BANK1   BANK2   BANK3   BANK4   BANK5   BANK6   BANK7   BANK8   BANK9  BANK10  BANK1
      +1  BANK12  BANK13  BANK14  BANK15  BANK16  BANK17  BANK18  BANK19  BANK20  BANK21  BANK22  BANK23  BANK24  BANK25
   814 ;;      Params:         0       0       0       0       0       0       0       0       0       0       0       0       
      +0       0       0       0       0       0       0       0       0       0       0       0       0       0       0
   815 ;;      Locals:         0       0       0       0       0       0       0       0       0       0       0       0       
      +0       0       0       0       0       0       0       0       0       0       0       0       0       0       0
   816 ;;      Temps:          0       0       0       0       0       0       0       0       0       0       0       0       
      +0       0       0       0       0       0       0       0       0       0       0       0       0       0       0
   817 ;;      Totals:         0       0       0       0       0       0       0       0       0       0       0       0       
      +0       0       0       0       0       0       0       0       0       0       0       0       0       0       0
   818 ;;Total ram usage:        0 bytes
   819 ;; Hardware stack levels used: 1
   820 ;; Hardware stack levels required when called: 2
   821 ;; This function calls:
   822 ;;		Nothing
   823 ;; This function is called by:
   824 ;;		_main
   825 ;; This function uses a non-reentrant model
   826 ;;
   827                           
   828     0123                     _init_interrupt:	
   829                           ;psect for function _init_interrupt
   830                           
   831     0123                     l881:	
   832                           ;incstack = 0
   833                           ; Regs used in _init_interrupt: []
   834                           
   835                           
   836                           ;main.c: 62:     INTCONbits.GIE = 1;
   837     0123  178B               	bsf	11,7	;volatile
   838                           
   839                           ;main.c: 63:     INTCONbits.PEIE = 1;
   840     0124  170B               	bsf	11,6	;volatile
   841                           
   842                           ;main.c: 64:     PIE1bits.TMR2IE = 1;
   843     0125  0021               	movlb	1	; select bank1
   844     0126  1491               	bsf	17,1	;volatile
   845                           
   846                           ;main.c: 65:     PIR1bits.TMR2IF = 1;
   847     0127  0020               	movlb	0	; select bank0
   848     0128  1491               	bsf	17,1	;volatile
   849                           
   850                           ;main.c: 67:     INTCONbits.IOCIE = 1;
   851     0129  158B               	bsf	11,3	;volatile
   852                           
   853                           ;main.c: 68:     IOCANbits.IOCAN5 = 1;
   854     012A  0027               	movlb	7	; select bank7
   855     012B  1692               	bsf	18,5	;volatile
   856     012C                     l51:
   857     012C  0008               	return
   858     012D                     __end_of_init_interrupt:
   859                           
   860                           	psect	text4
   861     012D                     __ptext4:	
   862 ;; *************** function _init_bouton *****************
   863 ;; Defined at:
   864 ;;		line 72 in file "main.c"
   865 ;; Parameters:    Size  Location     Type
   866 ;;		None
   867 ;; Auto vars:     Size  Location     Type
   868 ;;		None
   869 ;; Return value:  Size  Location     Type
   870 ;;                  1    wreg      void 
   871 ;; Registers used:
   872 ;;		None
   873 ;; Tracked objects:
   874 ;;		On entry : 0/0
   875 ;;		On exit  : 0/0
   876 ;;		Unchanged: 0/0
   877 ;; Data sizes:     COMMON   BANK0   BANK1   BANK2   BANK3   BANK4   BANK5   BANK6   BANK7   BANK8   BANK9  BANK10  BANK1
      +1  BANK12  BANK13  BANK14  BANK15  BANK16  BANK17  BANK18  BANK19  BANK20  BANK21  BANK22  BANK23  BANK24  BANK25
   878 ;;      Params:         0       0       0       0       0       0       0       0       0       0       0       0       
      +0       0       0       0       0       0       0       0       0       0       0       0       0       0       0
   879 ;;      Locals:         0       0       0       0       0       0       0       0       0       0       0       0       
      +0       0       0       0       0       0       0       0       0       0       0       0       0       0       0
   880 ;;      Temps:          0       0       0       0       0       0       0       0       0       0       0       0       
      +0       0       0       0       0       0       0       0       0       0       0       0       0       0       0
   881 ;;      Totals:         0       0       0       0       0       0       0       0       0       0       0       0       
      +0       0       0       0       0       0       0       0       0       0       0       0       0       0       0
   882 ;;Total ram usage:        0 bytes
   883 ;; Hardware stack levels used: 1
   884 ;; Hardware stack levels required when called: 2
   885 ;; This function calls:
   886 ;;		Nothing
   887 ;; This function is called by:
   888 ;;		_main
   889 ;; This function uses a non-reentrant model
   890 ;;
   891                           
   892     012D                     _init_bouton:	
   893                           ;psect for function _init_bouton
   894                           
   895     012D                     l883:	
   896                           ;incstack = 0
   897                           ; Regs used in _init_bouton: []
   898                           
   899                           
   900                           ;main.c: 73:     TRISAbits.TRISA5 = 1;
   901     012D  0021               	movlb	1	; select bank1
   902     012E  168C               	bsf	12,5	;volatile
   903                           
   904                           ;main.c: 74:     ANSELAbits.ANSA5 = 0;
   905     012F  0023               	movlb	3	; select bank3
   906     0130  128C               	bcf	12,5	;volatile
   907     0131                     l54:
   908     0131  0008               	return
   909     0132                     __end_of_init_bouton:
   910                           
   911                           	psect	text5
   912     00FA                     __ptext5:	
   913 ;; *************** function _delay_ms *****************
   914 ;; Defined at:
   915 ;;		line 78 in file "main.c"
   916 ;; Parameters:    Size  Location     Type
   917 ;;  milliseconds    2    0[BANK0 ] unsigned int 
   918 ;; Auto vars:     Size  Location     Type
   919 ;;  i               2    3[BANK0 ] unsigned int 
   920 ;; Return value:  Size  Location     Type
   921 ;;                  1    wreg      void 
   922 ;; Registers used:
   923 ;;		wreg, status,2
   924 ;; Tracked objects:
   925 ;;		On entry : 0/0
   926 ;;		On exit  : 0/0
   927 ;;		Unchanged: 0/0
   928 ;; Data sizes:     COMMON   BANK0   BANK1   BANK2   BANK3   BANK4   BANK5   BANK6   BANK7   BANK8   BANK9  BANK10  BANK1
      +1  BANK12  BANK13  BANK14  BANK15  BANK16  BANK17  BANK18  BANK19  BANK20  BANK21  BANK22  BANK23  BANK24  BANK25
   929 ;;      Params:         0       2       0       0       0       0       0       0       0       0       0       0       
      +0       0       0       0       0       0       0       0       0       0       0       0       0       0       0
   930 ;;      Locals:         0       2       0       0       0       0       0       0       0       0       0       0       
      +0       0       0       0       0       0       0       0       0       0       0       0       0       0       0
   931 ;;      Temps:          0       1       0       0       0       0       0       0       0       0       0       0       
      +0       0       0       0       0       0       0       0       0       0       0       0       0       0       0
   932 ;;      Totals:         0       5       0       0       0       0       0       0       0       0       0       0       
      +0       0       0       0       0       0       0       0       0       0       0       0       0       0       0
   933 ;;Total ram usage:        5 bytes
   934 ;; Hardware stack levels used: 1
   935 ;; Hardware stack levels required when called: 2
   936 ;; This function calls:
   937 ;;		Nothing
   938 ;; This function is called by:
   939 ;;		_main
   940 ;; This function uses a non-reentrant model
   941 ;;
   942                           
   943     00FA                     _delay_ms:	
   944                           ;psect for function _delay_ms
   945                           
   946     00FA                     l747:	
   947                           ;incstack = 0
   948                           ; Regs used in _delay_ms: [wreg+status,2]
   949                           
   950                           
   951                           ;main.c: 79:     for (unsigned int i = 0; i < milliseconds; i++) {
   952     00FA  0020               	movlb	0	; select bank0
   953     00FB  01A3               	clrf	delay_ms@i
   954     00FC  01A4               	clrf	delay_ms@i+1
   955     00FD  290C               	goto	l57
   956     00FE                     l749:
   957                           
   958                           ;main.c: 80:         _delay((unsigned long)((1)*(8000000/4000.0)));
   959     00FE  3003               	movlw	3
   960     00FF  0020               	movlb	0	; select bank0
   961     0100  00A2               	movwf	??_delay_ms
   962     0101  3097               	movlw	151
   963     0102                     u277:
   964     0102  0B89               	decfsz	9,f
   965     0103  2902               	goto	u277
   966     0104  0BA2               	decfsz	??_delay_ms,f
   967     0105  2902               	goto	u277
   968     0106  3200               	nop2
   969                           
   970                           ;main.c: 81:     }
   971     0107  3001               	movlw	1
   972     0108  0020               	movlb	0	; select bank0
   973     0109  07A3               	addwf	delay_ms@i,f
   974     010A  3000               	movlw	0
   975     010B  3DA4               	addwfc	delay_ms@i+1,f
   976     010C                     l57:
   977     010C  0821               	movf	delay_ms@milliseconds+1,w
   978     010D  0224               	subwf	delay_ms@i+1,w
   979     010E  1D03               	skipz
   980     010F  2912               	goto	u145
   981     0110  0820               	movf	delay_ms@milliseconds,w
   982     0111  0223               	subwf	delay_ms@i,w
   983     0112                     u145:
   984     0112  1C03               	skipc
   985     0113  2915               	goto	u141
   986     0114  2916               	goto	u140
   987     0115                     u141:
   988     0115  28FE               	goto	l749
   989     0116                     u140:
   990     0116                     l60:
   991     0116  0008               	return
   992     0117                     __end_of_delay_ms:
   993                           
   994                           	psect	intentry
   995     0004                     __pintentry:	
   996 ;; *************** function _isr *****************
   997 ;; Defined at:
   998 ;;		line 85 in file "main.c"
   999 ;; Parameters:    Size  Location     Type
  1000 ;;		None
  1001 ;; Auto vars:     Size  Location     Type
  1002 ;;		None
  1003 ;; Return value:  Size  Location     Type
  1004 ;;                  1    wreg      void 
  1005 ;; Registers used:
  1006 ;;		wreg, fsr0l, fsr0h, status,2, status,0, pclath, cstack
  1007 ;; Tracked objects:
  1008 ;;		On entry : 0/0
  1009 ;;		On exit  : 0/0
  1010 ;;		Unchanged: 0/0
  1011 ;; Data sizes:     COMMON   BANK0   BANK1   BANK2   BANK3   BANK4   BANK5   BANK6   BANK7   BANK8   BANK9  BANK10  BANK1
      +1  BANK12  BANK13  BANK14  BANK15  BANK16  BANK17  BANK18  BANK19  BANK20  BANK21  BANK22  BANK23  BANK24  BANK25
  1012 ;;      Params:         0       0       0       0       0       0       0       0       0       0       0       0       
      +0       0       0       0       0       0       0       0       0       0       0       0       0       0       0
  1013 ;;      Locals:         0       0       0       0       0       0       0       0       0       0       0       0       
      +0       0       0       0       0       0       0       0       0       0       0       0       0       0       0
  1014 ;;      Temps:          2       0       0       0       0       0       0       0       0       0       0       0       
      +0       0       0       0       0       0       0       0       0       0       0       0       0       0       0
  1015 ;;      Totals:         2       0       0       0       0       0       0       0       0       0       0       0       
      +0       0       0       0       0       0       0       0       0       0       0       0       0       0       0
  1016 ;;Total ram usage:        2 bytes
  1017 ;; Hardware stack levels used: 1
  1018 ;; Hardware stack levels required when called: 1
  1019 ;; This function calls:
  1020 ;;		___lbmod
  1021 ;; This function is called by:
  1022 ;;		Interrupt level 1
  1023 ;; This function uses a non-reentrant model
  1024 ;;
  1025                           
  1026     0004                     _isr:
  1027                           
  1028                           ;incstack = 0
  1029     0004  147E               	bsf	int$flags,0	;set compiler interrupt flag (level 1)
  1030                           
  1031                           ; Regs used in _isr: [wreg-fsr0h+status,2+status,0+pclath+cstack]
  1032     0005  3180               	pagesel	$
  1033     0006                     i1l767:
  1034                           
  1035                           ;main.c: 87:     if (IOCAFbits.IOCAF5 == 1) {
  1036     0006  0027               	movlb	7	; select bank7
  1037     0007  1E93               	btfss	19,5	;volatile
  1038     0008  280A               	goto	u18_21
  1039     0009  280B               	goto	u18_20
  1040     000A                     u18_21:
  1041     000A  2818               	goto	i1l773
  1042     000B                     u18_20:
  1043     000B                     i1l769:
  1044                           
  1045                           ;main.c: 88:         IOCAFbits.IOCAF5 = 0;
  1046     000B  1293               	bcf	19,5	;volatile
  1047     000C                     i1l771:
  1048                           
  1049                           ;main.c: 89:         T2CONbits.TMR2ON = !T2CONbits.TMR2ON;
  1050     000C  1003               	clrc
  1051     000D  0020               	movlb	0	; select bank0
  1052     000E  1D1C               	btfss	28,2	;volatile
  1053     000F  1403               	setc
  1054     0010  1803               	btfsc	3,0
  1055     0011  2813               	goto	u19_21
  1056     0012  2816               	goto	u19_20
  1057     0013                     u19_21:
  1058     0013  0020               	movlb	0	; select bank0
  1059     0014  151C               	bsf	28,2	;volatile
  1060     0015  2818               	goto	u20_24
  1061     0016                     u19_20:
  1062     0016  0020               	movlb	0	; select bank0
  1063     0017  111C               	bcf	28,2	;volatile
  1064     0018                     u20_24:
  1065     0018                     i1l773:
  1066                           
  1067                           ;main.c: 93:     if (IOCBFbits.IOCBF0 == 1) {
  1068     0018  0027               	movlb	7	; select bank7
  1069     0019  1C16               	btfss	22,0	;volatile
  1070     001A  281C               	goto	u21_21
  1071     001B  281D               	goto	u21_20
  1072     001C                     u21_21:
  1073     001C  282A               	goto	i1l779
  1074     001D                     u21_20:
  1075     001D                     i1l775:
  1076                           
  1077                           ;main.c: 94:         IOCBFbits.IOCBF0 = 0;
  1078     001D  1016               	bcf	22,0	;volatile
  1079     001E                     i1l777:
  1080                           
  1081                           ;main.c: 95:         T2CONbits.TMR2ON = ~T2CONbits.TMR2ON;
  1082     001E  1003               	clrc
  1083     001F  0020               	movlb	0	; select bank0
  1084     0020  1D1C               	btfss	28,2	;volatile
  1085     0021  1403               	setc
  1086     0022  1803               	btfsc	3,0
  1087     0023  2825               	goto	u22_21
  1088     0024  2828               	goto	u22_20
  1089     0025                     u22_21:
  1090     0025  0020               	movlb	0	; select bank0
  1091     0026  151C               	bsf	28,2	;volatile
  1092     0027  282A               	goto	u23_24
  1093     0028                     u22_20:
  1094     0028  0020               	movlb	0	; select bank0
  1095     0029  111C               	bcf	28,2	;volatile
  1096     002A                     u23_24:
  1097     002A                     i1l779:
  1098                           
  1099                           ;main.c: 99:     if (TMR2IE && TMR2IF) {
  1100     002A  0021               	movlb	1	; select bank1
  1101     002B  1C91               	btfss	17,1	;volatile
  1102     002C  282E               	goto	u24_21
  1103     002D  282F               	goto	u24_20
  1104     002E                     u24_21:
  1105     002E  2871               	goto	i1l75
  1106     002F                     u24_20:
  1107     002F                     i1l781:
  1108     002F  0020               	movlb	0	; select bank0
  1109     0030  1C91               	btfss	17,1	;volatile
  1110     0031  2833               	goto	u25_21
  1111     0032  2834               	goto	u25_20
  1112     0033                     u25_21:
  1113     0033  2871               	goto	i1l75
  1114     0034                     u25_20:
  1115     0034                     i1l783:
  1116                           
  1117                           ;main.c: 100:         TMR2IF = 0;
  1118     0034  1091               	bcf	17,1	;volatile
  1119     0035                     i1l785:
  1120                           
  1121                           ;main.c: 102:         compteurTimerOverflow++;
  1122     0035  3001               	movlw	1
  1123     0036  00F5               	movwf	??_isr
  1124     0037  0875               	movf	??_isr,w
  1125     0038  07F8               	addwf	_compteurTimerOverflow,f	;volatile
  1126                           
  1127                           ;main.c: 104:         if (compteurTimerOverflow == 125) {
  1128     0039  307D               	movlw	125
  1129     003A  0678               	xorwf	_compteurTimerOverflow,w	;volatile
  1130     003B  1D03               	btfss	3,2
  1131     003C  283E               	goto	u26_21
  1132     003D  283F               	goto	u26_20
  1133     003E                     u26_21:
  1134     003E  2871               	goto	i1l75
  1135     003F                     u26_20:
  1136     003F  2855               	goto	i1l799
  1137     0040                     i1l70:	
  1138                           ;main.c: 106:                 case 0:
  1139                           
  1140                           
  1141                           ;main.c: 107:                     LATDbits.LATD0 = 1;
  1142     0040  0022               	movlb	2	; select bank2
  1143     0041  140F               	bsf	15,0	;volatile
  1144                           
  1145                           ;main.c: 108:                     LATDbits.LATD3 = 0;
  1146     0042  118F               	bcf	15,3	;volatile
  1147     0043                     i1l789:
  1148                           
  1149                           ;main.c: 109:                     compteur++;
  1150     0043  3001               	movlw	1
  1151     0044  00F5               	movwf	??_isr
  1152     0045  0875               	movf	??_isr,w
  1153     0046  07F7               	addwf	_compteur,f	;volatile
  1154                           
  1155                           ;main.c: 110:                     break;
  1156     0047  2870               	goto	i1l801
  1157     0048                     i1l72:	
  1158                           ;main.c: 111:                 case 1:
  1159                           
  1160                           
  1161                           ;main.c: 112:                     LATDbits.LATD1 = 1;
  1162     0048  0022               	movlb	2	; select bank2
  1163     0049  148F               	bsf	15,1	;volatile
  1164                           
  1165                           ;main.c: 113:                     LATDbits.LATD0 = 0;
  1166     004A  100F               	bcf	15,0	;volatile
  1167     004B  2843               	goto	i1l789
  1168     004C                     i1l73:	
  1169                           ;main.c: 116:                 case 2:
  1170                           
  1171                           
  1172                           ;main.c: 117:                     LATDbits.LATD2 = 1;
  1173     004C  0022               	movlb	2	; select bank2
  1174     004D  150F               	bsf	15,2	;volatile
  1175                           
  1176                           ;main.c: 118:                     LATDbits.LATD1 = 0;
  1177     004E  108F               	bcf	15,1	;volatile
  1178     004F  2843               	goto	i1l789
  1179     0050                     i1l74:	
  1180                           ;main.c: 121:                 case 3:
  1181                           
  1182                           
  1183                           ;main.c: 122:                     LATDbits.LATD3 = 1;
  1184     0050  0022               	movlb	2	; select bank2
  1185     0051  158F               	bsf	15,3	;volatile
  1186                           
  1187                           ;main.c: 123:                     LATDbits.LATD2 = 0;
  1188     0052  110F               	bcf	15,2	;volatile
  1189     0053                     i1l795:
  1190                           
  1191                           ;main.c: 124:                     compteur = 0;
  1192     0053  01F7               	clrf	_compteur	;volatile
  1193                           
  1194                           ;main.c: 125:                     break;
  1195     0054  2870               	goto	i1l801
  1196     0055                     i1l799:
  1197     0055  0879               	movf	_nombreLeds,w	;volatile
  1198     0056  00F0               	movwf	___lbmod@divisor
  1199     0057  0877               	movf	_compteur,w	;volatile
  1200     0058  3180  20DB  3180   	fcall	___lbmod
  1201     005B  00F5               	movwf	??_isr
  1202     005C  01F6               	clrf	??_isr+1
  1203                           
  1204                           ; Switch on 2 bytes has been partitioned into a top level switch of size 1, and 1 sub-sw
      +                          itches
  1205                           ; Switch size 1, requested type "simple"
  1206                           ; Number of cases is 1, Range of values is 0 to 0
  1207                           ; switch strategies available:
  1208                           ; Name         Instructions Cycles
  1209                           ; simple_byte            4     3 (average)
  1210                           ; direct_byte            8     6 (fixed)
  1211                           ; jumptable            260     6 (fixed)
  1212                           ;	Chosen strategy is simple_byte
  1213     005D  0876               	movf	??_isr+1,w
  1214     005E  3A00               	xorlw	0	; case 0
  1215     005F  1903               	skipnz
  1216     0060  2862               	goto	i1l947
  1217     0061  2870               	goto	i1l801
  1218     0062                     i1l947:
  1219                           
  1220                           ; Switch size 1, requested type "simple"
  1221                           ; Number of cases is 4, Range of values is 0 to 3
  1222                           ; switch strategies available:
  1223                           ; Name         Instructions Cycles
  1224                           ; simple_byte           13     7 (average)
  1225                           ; direct_byte           14     6 (fixed)
  1226                           ; jumptable            260     6 (fixed)
  1227                           ;	Chosen strategy is simple_byte
  1228     0062  0875               	movf	??_isr,w
  1229     0063  3A00               	xorlw	0	; case 0
  1230     0064  1903               	skipnz
  1231     0065  2840               	goto	i1l70
  1232     0066  3A01               	xorlw	1	; case 1
  1233     0067  1903               	skipnz
  1234     0068  2848               	goto	i1l72
  1235     0069  3A03               	xorlw	3	; case 2
  1236     006A  1903               	skipnz
  1237     006B  284C               	goto	i1l73
  1238     006C  3A01               	xorlw	1	; case 3
  1239     006D  1903               	skipnz
  1240     006E  2850               	goto	i1l74
  1241     006F  2870               	goto	i1l801
  1242     0070                     i1l801:
  1243                           
  1244                           ;main.c: 128:             compteurTimerOverflow = 0;
  1245     0070  01F8               	clrf	_compteurTimerOverflow	;volatile
  1246     0071                     i1l75:
  1247     0071  107E               	bcf	int$flags,0	;clear compiler interrupt flag (level 1)
  1248     0072  0009               	retfie
  1249     0073                     __end_of_isr:
  1250                           
  1251                           	psect	text7
  1252     00DB                     __ptext7:	
  1253 ;; *************** function ___lbmod *****************
  1254 ;; Defined at:
  1255 ;;		line 4 in file "/Applications/microchip/xc8/v2.45/pic/sources/c99/common/lbmod.c"
  1256 ;; Parameters:    Size  Location     Type
  1257 ;;  dividend        1    wreg     unsigned char 
  1258 ;;  divisor         1    0[COMMON] unsigned char 
  1259 ;; Auto vars:     Size  Location     Type
  1260 ;;  dividend        1    2[COMMON] unsigned char 
  1261 ;;  rem             1    4[COMMON] unsigned char 
  1262 ;;  counter         1    3[COMMON] unsigned char 
  1263 ;; Return value:  Size  Location     Type
  1264 ;;                  1    wreg      unsigned char 
  1265 ;; Registers used:
  1266 ;;		wreg, status,2, status,0
  1267 ;; Tracked objects:
  1268 ;;		On entry : 0/0
  1269 ;;		On exit  : 0/0
  1270 ;;		Unchanged: 0/0
  1271 ;; Data sizes:     COMMON   BANK0   BANK1   BANK2   BANK3   BANK4   BANK5   BANK6   BANK7   BANK8   BANK9  BANK10  BANK1
      +1  BANK12  BANK13  BANK14  BANK15  BANK16  BANK17  BANK18  BANK19  BANK20  BANK21  BANK22  BANK23  BANK24  BANK25
  1272 ;;      Params:         1       0       0       0       0       0       0       0       0       0       0       0       
      +0       0       0       0       0       0       0       0       0       0       0       0       0       0       0
  1273 ;;      Locals:         3       0       0       0       0       0       0       0       0       0       0       0       
      +0       0       0       0       0       0       0       0       0       0       0       0       0       0       0
  1274 ;;      Temps:          1       0       0       0       0       0       0       0       0       0       0       0       
      +0       0       0       0       0       0       0       0       0       0       0       0       0       0       0
  1275 ;;      Totals:         5       0       0       0       0       0       0       0       0       0       0       0       
      +0       0       0       0       0       0       0       0       0       0       0       0       0       0       0
  1276 ;;Total ram usage:        5 bytes
  1277 ;; Hardware stack levels used: 1
  1278 ;; This function calls:
  1279 ;;		Nothing
  1280 ;; This function is called by:
  1281 ;;		_isr
  1282 ;; This function uses a non-reentrant model
  1283 ;;
  1284                           
  1285     00DB                     ___lbmod:	
  1286                           ;psect for function ___lbmod
  1287                           
  1288                           
  1289                           ;incstack = 0
  1290                           ; Regs used in ___lbmod: [wreg+status,2+status,0]
  1291                           ;___lbmod@dividend stored from wreg
  1292     00DB  00F2               	movwf	___lbmod@dividend
  1293     00DC                     i1l751:
  1294     00DC  3008               	movlw	8
  1295     00DD  00F3               	movwf	___lbmod@counter
  1296     00DE                     i1l753:
  1297     00DE  01F4               	clrf	___lbmod@rem
  1298     00DF                     i1l755:
  1299     00DF  0872               	movf	___lbmod@dividend,w
  1300     00E0  00F1               	movwf	??___lbmod
  1301     00E1  3007               	movlw	7
  1302     00E2                     u15_25:
  1303     00E2  36F1               	lsrf	??___lbmod,f
  1304     00E3  0B89               	decfsz	9,f
  1305     00E4  28E2               	goto	u15_25
  1306     00E5  3574               	lslf	___lbmod@rem,w
  1307     00E6  0471               	iorwf	??___lbmod,w
  1308     00E7  00F4               	movwf	___lbmod@rem
  1309     00E8                     i1l757:
  1310     00E8  1003               	clrc
  1311     00E9  0DF2               	rlf	___lbmod@dividend,f
  1312     00EA                     i1l759:
  1313     00EA  0870               	movf	___lbmod@divisor,w
  1314     00EB  0274               	subwf	___lbmod@rem,w
  1315     00EC  1C03               	skipc
  1316     00ED  28EF               	goto	u16_21
  1317     00EE  28F0               	goto	u16_20
  1318     00EF                     u16_21:
  1319     00EF  28F2               	goto	i1l369
  1320     00F0                     u16_20:
  1321     00F0                     i1l761:
  1322     00F0  0870               	movf	___lbmod@divisor,w
  1323     00F1  02F4               	subwf	___lbmod@rem,f
  1324     00F2                     i1l369:
  1325     00F2  3001               	movlw	1
  1326     00F3  02F3               	subwf	___lbmod@counter,f
  1327     00F4  1D03               	btfss	3,2
  1328     00F5  28F7               	goto	u17_21
  1329     00F6  28F8               	goto	u17_20
  1330     00F7                     u17_21:
  1331     00F7  28DF               	goto	i1l755
  1332     00F8                     u17_20:
  1333     00F8                     i1l763:
  1334     00F8  0874               	movf	___lbmod@rem,w
  1335     00F9                     i1l371:
  1336     00F9  0008               	return
  1337     00FA                     __end_of___lbmod:
  1338     007E                     btemp	set	126	;btemp
  1339     007E                     int$flags	set	126
  1340     007E                     wtemp0	set	126
  1341                           
  1342                           	psect	config
  1343                           
  1344                           ;Config register CONFIG1 @ 0x8007
  1345                           ;	Oscillator Selection Bits
  1346                           ;	FOSC = HS, HS Oscillator, High-speed crystal/resonator connected between OSC1 and OSC2
      +                           pins
  1347                           ;	Watchdog Timer Enable
  1348                           ;	WDTE = SWDTEN, WDT controlled by the SWDTEN bit in the WDTCON register
  1349                           ;	Power-up Timer Enable
  1350                           ;	PWRTE = OFF, PWRT disabled
  1351                           ;	MCLR Pin Function Select
  1352                           ;	MCLRE = ON, MCLR/VPP pin function is MCLR
  1353                           ;	Flash Program Memory Code Protection
  1354                           ;	CP = OFF, Program memory code protection is disabled
  1355                           ;	Brown-out Reset Enable
  1356                           ;	BOREN = ON, Brown-out Reset enabled
  1357                           ;	Clock Out Enable
  1358                           ;	CLKOUTEN = OFF, CLKOUT function is disabled. I/O or oscillator function on the CLKOUT 
      +                          pin
  1359                           ;	Internal/External Switchover Mode
  1360                           ;	IESO = ON, Internal/External Switchover Mode is enabled
  1361                           ;	Fail-Safe Clock Monitor Enable
  1362                           ;	FCMEN = ON, Fail-Safe Clock Monitor is enabled
  1363     8007                     	org	32775
  1364     8007  3FEA               	dw	16362
  1365                           
  1366                           ;Config register CONFIG2 @ 0x8008
  1367                           ;	Flash Memory Self-Write Protection
  1368                           ;	WRT = OFF, Write protection off
  1369                           ;	Peripheral Pin Select one-way control
  1370                           ;	PPS1WAY = OFF, The PPSLOCK bit can be set and cleared repeatedly by software
  1371                           ;	Zero-cross detect disable
  1372                           ;	ZCDDIS = ON, ZCD disabled. ZCD can be enabled by setting the ZCDSEN bit of ZCDCON
  1373                           ;	Phase Lock Loop enable
  1374                           ;	PLLEN = OFF, 4x PLL is disabled
  1375                           ;	Stack Overflow/Underflow Reset Enable
  1376                           ;	STVREN = ON, Stack Overflow or Underflow will cause a Reset
  1377                           ;	Brown-out Reset Voltage Selection
  1378                           ;	BORV = LO, Brown-out Reset Voltage (Vbor), low trip point selected.
  1379                           ;	Low-Power Brown Out Reset
  1380                           ;	LPBOR = OFF, Low-Power BOR is disabled
  1381                           ;	In-Circuit Debugger Mode
  1382                           ;	DEBUG = 0x1, unprogrammed default
  1383                           ;	Low-Voltage Programming Enable
  1384                           ;	LVP = OFF, High-voltage on MCLR/VPP must be used for programming
  1385     8008                     	org	32776
  1386     8008  1EFB               	dw	7931

Data Sizes:
    Strings     0
    Constant    0
    Data        1
    BSS         2
    Persistent  32
    Stack       0

Auto Spaces:
    Space          Size  Autos    Used
    COMMON           14      7      10
    BANK0            80      5       5
    BANK1            80      0       0
    BANK2            80      0       0
    BANK3            80      0       0
    BANK4            80      0       0
    BANK5            80      0       0
    BANK6            80      0       0
    BANK7            80      0       0
    BANK8            80      0       0
    BANK9            80      0       0
    BANK10           80      0       0
    BANK11           80      0       0
    BANK12           80      0       0
    BANK13           80      0       0
    BANK14           80      0       0
    BANK15           80      0       0
    BANK16           80      0       0
    BANK17           80      0       0
    BANK18           80      0       0
    BANK19           80      0       0
    BANK20           80      0       0
    BANK21           80      0       0
    BANK22           80      0       0
    BANK23           80      0       0
    BANK24           80      0       0
    BANK25           32      0       0

Pointer List with Targets:

    None.

Critical Paths under _main in COMMON

    None.

Critical Paths under _isr in COMMON

    _isr->___lbmod

Critical Paths under _main in BANK0

    _main->_delay_ms

Critical Paths under _isr in BANK0

    None.

Critical Paths under _main in BANK1

    None.

Critical Paths under _isr in BANK1

    None.

Critical Paths under _main in BANK2

    None.

Critical Paths under _isr in BANK2

    None.

Critical Paths under _main in BANK3

    None.

Critical Paths under _isr in BANK3

    None.

Critical Paths under _main in BANK4

    None.

Critical Paths under _isr in BANK4

    None.

Critical Paths under _main in BANK5

    None.

Critical Paths under _isr in BANK5

    None.

Critical Paths under _main in BANK6

    None.

Critical Paths under _isr in BANK6

    None.

Critical Paths under _main in BANK7

    None.

Critical Paths under _isr in BANK7

    None.

Critical Paths under _main in BANK8

    None.

Critical Paths under _isr in BANK8

    None.

Critical Paths under _main in BANK9

    None.

Critical Paths under _isr in BANK9

    None.

Critical Paths under _main in BANK10

    None.

Critical Paths under _isr in BANK10

    None.

Critical Paths under _main in BANK11

    None.

Critical Paths under _isr in BANK11

    None.

Critical Paths under _main in BANK12

    None.

Critical Paths under _isr in BANK12

    None.

Critical Paths under _main in BANK13

    None.

Critical Paths under _isr in BANK13

    None.

Critical Paths under _main in BANK14

    None.

Critical Paths under _isr in BANK14

    None.

Critical Paths under _main in BANK15

    None.

Critical Paths under _isr in BANK15

    None.

Critical Paths under _main in BANK16

    None.

Critical Paths under _isr in BANK16

    None.

Critical Paths under _main in BANK17

    None.

Critical Paths under _isr in BANK17

    None.

Critical Paths under _main in BANK18

    None.

Critical Paths under _isr in BANK18

    None.

Critical Paths under _main in BANK19

    None.

Critical Paths under _isr in BANK19

    None.

Critical Paths under _main in BANK20

    None.

Critical Paths under _isr in BANK20

    None.

Critical Paths under _main in BANK21

    None.

Critical Paths under _isr in BANK21

    None.

Critical Paths under _main in BANK22

    None.

Critical Paths under _isr in BANK22

    None.

Critical Paths under _main in BANK23

    None.

Critical Paths under _isr in BANK23

    None.

Critical Paths under _main in BANK24

    None.

Critical Paths under _isr in BANK24

    None.

Critical Paths under _main in BANK25

    None.

Critical Paths under _isr in BANK25

    None.

Call Graph Tables:

 ---------------------------------------------------------------------------------
 (Depth) Function   	        Calls       Base Space   Used Autos Params    Refs
 ---------------------------------------------------------------------------------
 (0) _main                                                 0     0      0     350
                           _delay_ms
                        _init_bouton
                     _init_interrupt
                          _init_leds
                        _init_timer2
 ---------------------------------------------------------------------------------
 (1) _init_timer2                                          0     0      0       0
 ---------------------------------------------------------------------------------
 (1) _init_leds                                            0     0      0       0
 ---------------------------------------------------------------------------------
 (1) _init_interrupt                                       0     0      0       0
 ---------------------------------------------------------------------------------
 (1) _init_bouton                                          0     0      0       0
 ---------------------------------------------------------------------------------
 (1) _delay_ms                                             5     3      2     350
                                              0 BANK0      5     3      2
 ---------------------------------------------------------------------------------
 Estimated maximum stack depth 1
 ---------------------------------------------------------------------------------
 (Depth) Function   	        Calls       Base Space   Used Autos Params    Refs
 ---------------------------------------------------------------------------------
 (2) _isr                                                  2     2      0     235
                                              5 COMMON     2     2      0
                            ___lbmod
 ---------------------------------------------------------------------------------
 (3) ___lbmod                                              5     4      1     235
                                              0 COMMON     5     4      1
 ---------------------------------------------------------------------------------
 Estimated maximum stack depth 3
 ---------------------------------------------------------------------------------

 Call Graph Graphs:

 _main (ROOT)
   _delay_ms
   _init_bouton
   _init_interrupt
   _init_leds
   _init_timer2

 _isr (ROOT)
   ___lbmod

 Address spaces:
Name               Size   Autos  Total    Cost      Usage
BIGRAM             7F0      0       0       0        0.0%
NULL                 0      0       0       0        0.0%
CODE                 0      0       0       0        0.0%
BITCOMMON            E      0       0       1        0.0%
BITSFR0              0      0       0       1        0.0%
SFR0                 0      0       0       1        0.0%
COMMON               E      7       A       2       71.4%
BITSFR1              0      0       0       2        0.0%
SFR1                 0      0       0       2        0.0%
BITSFR2              0      0       0       3        0.0%
SFR2                 0      0       0       3        0.0%
STACK                0      0       0       3        0.0%
BITBANK0            50      0       0       4        0.0%
BITSFR3              0      0       0       4        0.0%
SFR3                 0      0       0       4        0.0%
BANK0               50      5       5       5        6.2%
BITSFR4              0      0       0       5        0.0%
SFR4                 0      0       0       5        0.0%
BITBANK1            50      0       0       6        0.0%
BITSFR5              0      0       0       6        0.0%
SFR5                 0      0       0       6        0.0%
BANK1               50      0       0       7        0.0%
BITSFR6              0      0       0       7        0.0%
SFR6                 0      0       0       7        0.0%
BITBANK2            50      0       0       8        0.0%
BITSFR7              0      0       0       8        0.0%
SFR7                 0      0       0       8        0.0%
BANK2               50      0       0       9        0.0%
BITSFR8              0      0       0       9        0.0%
SFR8                 0      0       0       9        0.0%
BITBANK3            50      0       0      10        0.0%
BITSFR9              0      0       0      10        0.0%
SFR9                 0      0       0      10        0.0%
BANK3               50      0       0      11        0.0%
BITSFR10             0      0       0      11        0.0%
SFR10                0      0       0      11        0.0%
BITBANK4            50      0       0      12        0.0%
BITSFR11             0      0       0      12        0.0%
SFR11                0      0       0      12        0.0%
BANK4               50      0       0      13        0.0%
BITSFR12             0      0       0      13        0.0%
SFR12                0      0       0      13        0.0%
BITSFR13             0      0       0      14        0.0%
SFR13                0      0       0      14        0.0%
ABS                  0      0       F      14        0.0%
BITBANK5            50      0       0      15        0.0%
BITSFR14             0      0       0      15        0.0%
SFR14                0      0       0      15        0.0%
BANK5               50      0       0      16        0.0%
BITSFR15             0      0       0      16        0.0%
SFR15                0      0       0      16        0.0%
BITBANK6            50      0       0      17        0.0%
BITSFR16             0      0       0      17        0.0%
SFR16                0      0       0      17        0.0%
BANK6               50      0       0      18        0.0%
BITSFR17             0      0       0      18        0.0%
SFR17                0      0       0      18        0.0%
BITBANK7            50      0       0      19        0.0%
BITSFR18             0      0       0      19        0.0%
SFR18                0      0       0      19        0.0%
BANK7               50      0       0      20        0.0%
BITSFR19             0      0       0      20        0.0%
SFR19                0      0       0      20        0.0%
BITBANK8            50      0       0      21        0.0%
BITSFR20             0      0       0      21        0.0%
SFR20                0      0       0      21        0.0%
BANK8               50      0       0      22        0.0%
BITSFR21             0      0       0      22        0.0%
SFR21                0      0       0      22        0.0%
BITBANK9            50      0       0      23        0.0%
BITSFR22             0      0       0      23        0.0%
SFR22                0      0       0      23        0.0%
BANK9               50      0       0      24        0.0%
BITSFR23             0      0       0      24        0.0%
SFR23                0      0       0      24        0.0%
BITBANK10           50      0       0      25        0.0%
BITSFR24             0      0       0      25        0.0%
SFR24                0      0       0      25        0.0%
BANK10              50      0       0      26        0.0%
BITSFR25             0      0       0      26        0.0%
SFR25                0      0       0      26        0.0%
BITBANK11           50      0       0      27        0.0%
BITSFR26             0      0       0      27        0.0%
SFR26                0      0       0      27        0.0%
BITSFR27             0      0       0      28        0.0%
SFR27                0      0       0      28        0.0%
DATA                 0      0       F      28        0.0%
BANK11              50      0       0      29        0.0%
BITSFR28             0      0       0      29        0.0%
SFR28                0      0       0      29        0.0%
BITBANK12           50      0       0      30        0.0%
BITSFR29             0      0       0      30        0.0%
SFR29                0      0       0      30        0.0%
BANK12              50      0       0      31        0.0%
BITSFR30             0      0       0      31        0.0%
SFR30                0      0       0      31        0.0%
BITBANK13           50      0       0      32        0.0%
BITSFR31             0      0       0      32        0.0%
SFR31                0      0       0      32        0.0%
BANK13              50      0       0      33        0.0%
BITBANK14           50      0       0      34        0.0%
BANK14              50      0       0      35        0.0%
BITBANK15           50      0       0      36        0.0%
BANK15              50      0       0      37        0.0%
BITBANK16           50      0       0      38        0.0%
BANK16              50      0       0      39        0.0%
BITBANK17           50      0       0      40        0.0%
BANK17              50      0       0      41        0.0%
BITBANK18           50      0       0      42        0.0%
BANK18              50      0       0      43        0.0%
BITBANK19           50      0       0      44        0.0%
BANK19              50      0       0      45        0.0%
BITBANK20           50      0       0      46        0.0%
BANK20              50      0       0      47        0.0%
BITBANK21           50      0       0      48        0.0%
BANK21              50      0       0      49        0.0%
BITBANK22           50      0       0      50        0.0%
BANK22              50      0       0      51        0.0%
BITBANK23           50      0       0      52        0.0%
BANK23              50      0       0      53        0.0%
BITBANK24           50      0       0      54        0.0%
BANK24              50      0       0      55        0.0%
BITBANK25           20      0       0      56        0.0%
BANK25              20      0       0      57        0.0%


Microchip Technology PIC Macro Assembler V2.45 build 20230818022343 
Symbol Table                                                                                   Tue Feb 20 12:27:45 2024

       ??_init_interrupt 0020                       l51 012C                       l60 0116  
                     l45 00DA                       l54 0131                       l48 0122  
                     l57 010C                      l901 0098                      l911 00AC  
                    l903 0099                      l913 00AE                      l905 00A1  
                    l747 00FA                      l915 00AF                      l907 00A3  
                    l749 00FE                      l909 00A4                      l871 00BA  
                    l881 0123                      l873 0117                      l883 012D  
                    l875 011E                      l891 0088                      l877 0120  
                    l893 008B                      l885 007F                      l879 0121  
                    l895 008D                      l887 0082                      l897 008E  
                    l889 0085                      l899 0096                      u140 0116  
                    u141 0115                      u145 0112                      _PR2 001B  
                    u277 0102                      _isr 0004                      wreg 0009  
                   ?_isr 0070                     i1l70 0040                     i1l72 0048  
                   i1l73 004C                     i1l74 0050                     i1l75 0071  
                   _TMR2 001A                     _main 007F                     btemp 007E  
                   start 0073                    ??_isr 0075                    ?_main 0070  
        __end_of___lbmod 00FA                    i1l371 00F9                    i1l369 00F2  
                  i1l801 0070                    i1l751 00DC                    i1l761 00F0  
                  i1l753 00DE                    i1l763 00F8                    i1l755 00DF  
                  i1l771 000C                    i1l757 00E8                    i1l781 002F  
                  i1l773 0018                    i1l759 00EA                    i1l783 0034  
                  i1l775 001D                    i1l767 0006                    i1l785 0035  
                  i1l777 001E                    i1l769 000B                    i1l947 0062  
                  i1l795 0053                    i1l779 002A                    i1l789 0043  
                  i1l799 0055                    u20_24 0018                    u21_20 001D  
                  u21_21 001C                    u22_20 0028                    u22_21 0025  
           ?_init_bouton 0070                    u23_24 002A                    u15_25 00E2  
                  u16_20 00F0                    u24_20 002F                    u16_21 00EF  
                  u24_21 002E                    u17_20 00F8                    u25_20 0034  
                  u17_21 00F7                    u25_21 0033                    u26_20 003F  
                  u18_20 000B                    u26_21 003E                    u18_21 000A  
                  u19_20 0016                    u19_21 0013             ?_init_timer2 0070  
                  status 0003                    wtemp0 007E          __initialization 0075  
           __end_of_main 00BA                   ??_main 0025                   _TMR2IE 0489  
                 _TMR2IF 0089         __end_of_delay_ms 0117     delay_ms@milliseconds 0020  
              ??___lbmod 0071             __pdataCOMMON 0079          ___lbmod@divisor 0070  
__end_of__initialization 007B          ___lbmod@counter 0073           __pcstackCOMMON 0070  
             __pmaintext 007F               __pintentry 0004                ?_delay_ms 0020  
                ___lbmod 00DB                  __ptext1 0117                  __ptext2 00BA  
                __ptext3 0123                  __ptext4 012D                  __ptext5 00FA  
                __ptext7 00DB                _T2CONbits 001C        __end_of_init_leds 00DB  
              _IOCAFbits 0393                _IOCBFbits 0396               ??_delay_ms 0022  
              _IOCANbits 0392     end_of_initialization 007B               _nombreLeds 0079  
       ___lbmod@dividend 0072                _TRISAbits 008C                _TRISBbits 008D  
              _TRISDbits 008F              ___lbmod@rem 0074            __pidataCOMMON 0132  
    start_initialization 0075              __end_of_isr 0073            ??_init_bouton 0020  
          ??_init_timer2 0020              __pbssCOMMON 0077                ___latbits 0003  
          __pcstackBANK0 0020           _init_interrupt 0123                 ?___lbmod 0070  
 __end_of_init_interrupt 012D                _init_leds 00BA      __end_of_init_bouton 0132  
    __end_of_init_timer2 0123                 _LATBbits 010D                 _LATDbits 010F  
              delay_ms@i 0023                 _PIE1bits 0091                 _PIR1bits 0011  
        ?_init_interrupt 0070               ?_init_leds 0070               _ANSELAbits 018C  
            _init_bouton 012D              _init_timer2 0117                 _delay_ms 00FA  
               _compteur 0077    _compteurTimerOverflow 0078                 int$flags 007E  
             _INTCONbits 000B              ??_init_leds 0020                 intlevel1 0000  
