

Microchip MPLAB XC8 Assembler V2.45 build 20230818022343 
                                                                                               Mon Jan 22 12:24:34 2024

Microchip MPLAB XC8 C Compiler v2.45 (Free license) build 20230818022343 Og1 
     1                           	processor	16F1719
     2                           	pagewidth 120
     3                           	opt	flic
     4                           	psect	idataCOMMON,global,class=CODE,delta=2,noexec
     5                           	psect	cinit,global,class=CODE,merge=1,delta=2
     6                           	psect	bssCOMMON,global,class=COMMON,space=1,delta=1,noexec
     7                           	psect	dataCOMMON,global,class=COMMON,space=1,delta=1,noexec
     8                           	psect	cstackCOMMON,global,class=COMMON,space=1,delta=1,noexec
     9                           	psect	cstackBANK0,global,class=BANK0,space=1,delta=1,noexec
    10                           	psect	maintext,global,class=CODE,merge=1,split=1,delta=2
    11                           	psect	text1,local,class=CODE,merge=1,delta=2
    12                           	psect	text2,local,class=CODE,merge=1,delta=2
    13                           	psect	text3,local,class=CODE,merge=1,delta=2
    14                           	psect	intentry,global,class=CODE,delta=2
    15                           	psect	text5,local,class=CODE,merge=1,delta=2,group=1
    16                           	psect	config,global,abs,ovrld,class=CONFIG,space=4,delta=2,noexec
    17                           	dabs	1,0x7E,2
    18     0000                     
    19                           ; Generated 06/07/2023 GMT
    20                           ; 
    21                           ; Copyright © 2023, Microchip Technology Inc. and its subsidiaries ("Microchip")
    22                           ; All rights reserved.
    23                           ; 
    24                           ; This software is developed by Microchip Technology Inc. and its subsidiaries ("Microch
      +                          ip").
    25                           ; 
    26                           ; Redistribution and use in source and binary forms, with or without modification, are
    27                           ; permitted provided that the following conditions are met:
    28                           ; 
    29                           ;     1. Redistributions of source code must retain the above copyright notice, this lis
      +                          t of
    30                           ;        conditions and the following disclaimer.
    31                           ; 
    32                           ;     2. Redistributions in binary form must reproduce the above copyright notice, this 
      +                          list
    33                           ;        of conditions and the following disclaimer in the documentation and/or other
    34                           ;        materials provided with the distribution. Publication is not required when
    35                           ;        this file is used in an embedded application.
    36                           ; 
    37                           ;     3. Microchip's name may not be used to endorse or promote products derived from th
      +                          is
    38                           ;        software without specific prior written permission.
    39                           ; 
    40                           ; THIS SOFTWARE IS PROVIDED BY MICROCHIP "AS IS" AND ANY EXPRESS OR IMPLIED WARRANTIES,
    41                           ; INCLUDING, BUT NOT LIMITED TO, THE IMPLIED WARRANTIES OF MERCHANTABILITY AND FITNESS F
      +                          OR
    42                           ; PURPOSE ARE DISCLAIMED.  IN NO EVENT SHALL MICROCHIP BE LIABLE FOR ANY DIRECT, INDIREC
      +                          T,
    43                           ; INCIDENTAL, SPECIAL, EXEMPLARY, OR CONSEQUENTIAL DAMAGES (INCLUDING BUT NOT LIMITED TO
    44                           ; PROCUREMENT OF SUBSTITUTE GOODS OR SERVICES; LOSS OF USE, DATA OR PROFITS; OR BUSINESS
    45                           ; INTERRUPTION) HOWSOEVER CAUSED AND ON ANY THEORY OF LIABILITY, WHETHER IN CONTRACT, ST
      +                          RICT
    46                           ; LIABILITY, OR TORT (INCLUDING NEGLIGENCE OR OTHERWISE) ARISING IN ANY WAY OUT OF THE U
      +                          SE OF
    47                           ; THIS SOFTWARE, EVEN IF ADVISED OF THE POSSIBILITY OF SUCH DAMAGE.
    48                           ; 
    49                           ; 
    50                           ; Code-generator required, PIC16F1719 Definitions
    51                           ; 
    52                           ; SFR Addresses
    53     0000                     	;# 
    54     0001                     	;# 
    55     0002                     	;# 
    56     0003                     	;# 
    57     0004                     	;# 
    58     0005                     	;# 
    59     0006                     	;# 
    60     0007                     	;# 
    61     0008                     	;# 
    62     0009                     	;# 
    63     000A                     	;# 
    64     000B                     	;# 
    65     000C                     	;# 
    66     000D                     	;# 
    67     000E                     	;# 
    68     000F                     	;# 
    69     0010                     	;# 
    70     0011                     	;# 
    71     0012                     	;# 
    72     0013                     	;# 
    73     0015                     	;# 
    74     0016                     	;# 
    75     0016                     	;# 
    76     0017                     	;# 
    77     0018                     	;# 
    78     0019                     	;# 
    79     001A                     	;# 
    80     001B                     	;# 
    81     001C                     	;# 
    82     008C                     	;# 
    83     008D                     	;# 
    84     008E                     	;# 
    85     008F                     	;# 
    86     0090                     	;# 
    87     0091                     	;# 
    88     0092                     	;# 
    89     0093                     	;# 
    90     0095                     	;# 
    91     0096                     	;# 
    92     0097                     	;# 
    93     0098                     	;# 
    94     0099                     	;# 
    95     009A                     	;# 
    96     009B                     	;# 
    97     009B                     	;# 
    98     009C                     	;# 
    99     009D                     	;# 
   100     009E                     	;# 
   101     009F                     	;# 
   102     010C                     	;# 
   103     010D                     	;# 
   104     010E                     	;# 
   105     010F                     	;# 
   106     0110                     	;# 
   107     0111                     	;# 
   108     0112                     	;# 
   109     0113                     	;# 
   110     0114                     	;# 
   111     0115                     	;# 
   112     0116                     	;# 
   113     0117                     	;# 
   114     0118                     	;# 
   115     0119                     	;# 
   116     011A                     	;# 
   117     011B                     	;# 
   118     011B                     	;# 
   119     011C                     	;# 
   120     018C                     	;# 
   121     018D                     	;# 
   122     018E                     	;# 
   123     018F                     	;# 
   124     0190                     	;# 
   125     0191                     	;# 
   126     0191                     	;# 
   127     0192                     	;# 
   128     0193                     	;# 
   129     0193                     	;# 
   130     0194                     	;# 
   131     0195                     	;# 
   132     0196                     	;# 
   133     0197                     	;# 
   134     0199                     	;# 
   135     0199                     	;# 
   136     0199                     	;# 
   137     019A                     	;# 
   138     019A                     	;# 
   139     019A                     	;# 
   140     019B                     	;# 
   141     019B                     	;# 
   142     019B                     	;# 
   143     019B                     	;# 
   144     019B                     	;# 
   145     019C                     	;# 
   146     019C                     	;# 
   147     019C                     	;# 
   148     019D                     	;# 
   149     019D                     	;# 
   150     019D                     	;# 
   151     019E                     	;# 
   152     019E                     	;# 
   153     019E                     	;# 
   154     019F                     	;# 
   155     019F                     	;# 
   156     019F                     	;# 
   157     019F                     	;# 
   158     019F                     	;# 
   159     020C                     	;# 
   160     020D                     	;# 
   161     020E                     	;# 
   162     020F                     	;# 
   163     0210                     	;# 
   164     0211                     	;# 
   165     0211                     	;# 
   166     0212                     	;# 
   167     0212                     	;# 
   168     0213                     	;# 
   169     0213                     	;# 
   170     0214                     	;# 
   171     0214                     	;# 
   172     0215                     	;# 
   173     0215                     	;# 
   174     0215                     	;# 
   175     0215                     	;# 
   176     0216                     	;# 
   177     0216                     	;# 
   178     0217                     	;# 
   179     0217                     	;# 
   180     028C                     	;# 
   181     028D                     	;# 
   182     028E                     	;# 
   183     028F                     	;# 
   184     0290                     	;# 
   185     0291                     	;# 
   186     0291                     	;# 
   187     0292                     	;# 
   188     0293                     	;# 
   189     0293                     	;# 
   190     0298                     	;# 
   191     0298                     	;# 
   192     0299                     	;# 
   193     029A                     	;# 
   194     029A                     	;# 
   195     029E                     	;# 
   196     030C                     	;# 
   197     030D                     	;# 
   198     030E                     	;# 
   199     030F                     	;# 
   200     0310                     	;# 
   201     038C                     	;# 
   202     038D                     	;# 
   203     038E                     	;# 
   204     038F                     	;# 
   205     0390                     	;# 
   206     0391                     	;# 
   207     0392                     	;# 
   208     0393                     	;# 
   209     0394                     	;# 
   210     0395                     	;# 
   211     0396                     	;# 
   212     0397                     	;# 
   213     0398                     	;# 
   214     0399                     	;# 
   215     039D                     	;# 
   216     039E                     	;# 
   217     039F                     	;# 
   218     0415                     	;# 
   219     0416                     	;# 
   220     0417                     	;# 
   221     041C                     	;# 
   222     041D                     	;# 
   223     041E                     	;# 
   224     0498                     	;# 
   225     0498                     	;# 
   226     0499                     	;# 
   227     049A                     	;# 
   228     049B                     	;# 
   229     049B                     	;# 
   230     049C                     	;# 
   231     049D                     	;# 
   232     049E                     	;# 
   233     049F                     	;# 
   234     0511                     	;# 
   235     0515                     	;# 
   236     0617                     	;# 
   237     0618                     	;# 
   238     0619                     	;# 
   239     0619                     	;# 
   240     061A                     	;# 
   241     061B                     	;# 
   242     061C                     	;# 
   243     061C                     	;# 
   244     0691                     	;# 
   245     0692                     	;# 
   246     0693                     	;# 
   247     0694                     	;# 
   248     0695                     	;# 
   249     0696                     	;# 
   250     0697                     	;# 
   251     0698                     	;# 
   252     0699                     	;# 
   253     069A                     	;# 
   254     069B                     	;# 
   255     069C                     	;# 
   256     069D                     	;# 
   257     069E                     	;# 
   258     069F                     	;# 
   259     0E0F                     	;# 
   260     0E10                     	;# 
   261     0E11                     	;# 
   262     0E12                     	;# 
   263     0E13                     	;# 
   264     0E14                     	;# 
   265     0E15                     	;# 
   266     0E17                     	;# 
   267     0E20                     	;# 
   268     0E21                     	;# 
   269     0E22                     	;# 
   270     0E24                     	;# 
   271     0E25                     	;# 
   272     0E28                     	;# 
   273     0E29                     	;# 
   274     0E2A                     	;# 
   275     0E2B                     	;# 
   276     0E90                     	;# 
   277     0E91                     	;# 
   278     0E92                     	;# 
   279     0E93                     	;# 
   280     0E94                     	;# 
   281     0E95                     	;# 
   282     0E96                     	;# 
   283     0E97                     	;# 
   284     0E98                     	;# 
   285     0E99                     	;# 
   286     0E9A                     	;# 
   287     0E9B                     	;# 
   288     0E9C                     	;# 
   289     0E9D                     	;# 
   290     0E9E                     	;# 
   291     0E9F                     	;# 
   292     0EA0                     	;# 
   293     0EA1                     	;# 
   294     0EA2                     	;# 
   295     0EA3                     	;# 
   296     0EA4                     	;# 
   297     0EA5                     	;# 
   298     0EA6                     	;# 
   299     0EA7                     	;# 
   300     0EA8                     	;# 
   301     0EA9                     	;# 
   302     0EAA                     	;# 
   303     0EAB                     	;# 
   304     0EAC                     	;# 
   305     0EAD                     	;# 
   306     0EAE                     	;# 
   307     0EAF                     	;# 
   308     0EB0                     	;# 
   309     0EB1                     	;# 
   310     0EB2                     	;# 
   311     0F0F                     	;# 
   312     0F10                     	;# 
   313     0F11                     	;# 
   314     0F12                     	;# 
   315     0F13                     	;# 
   316     0F14                     	;# 
   317     0F15                     	;# 
   318     0F16                     	;# 
   319     0F17                     	;# 
   320     0F18                     	;# 
   321     0F19                     	;# 
   322     0F1A                     	;# 
   323     0F1B                     	;# 
   324     0F1C                     	;# 
   325     0F1D                     	;# 
   326     0F1E                     	;# 
   327     0F1F                     	;# 
   328     0F20                     	;# 
   329     0F21                     	;# 
   330     0F22                     	;# 
   331     0F23                     	;# 
   332     0F24                     	;# 
   333     0F25                     	;# 
   334     0F26                     	;# 
   335     0F27                     	;# 
   336     0F28                     	;# 
   337     0F29                     	;# 
   338     0F2A                     	;# 
   339     0F2B                     	;# 
   340     0F2C                     	;# 
   341     0F2D                     	;# 
   342     0F2E                     	;# 
   343     0F2F                     	;# 
   344     0F30                     	;# 
   345     0F31                     	;# 
   346     0F32                     	;# 
   347     0F33                     	;# 
   348     0F34                     	;# 
   349     0F35                     	;# 
   350     0F36                     	;# 
   351     0F37                     	;# 
   352     0FE4                     	;# 
   353     0FE5                     	;# 
   354     0FE6                     	;# 
   355     0FE7                     	;# 
   356     0FE8                     	;# 
   357     0FE9                     	;# 
   358     0FEA                     	;# 
   359     0FEB                     	;# 
   360     0FED                     	;# 
   361     0FEE                     	;# 
   362     0FEF                     	;# 
   363                           
   364                           	psect	idataCOMMON
   365     00D4                     __pidataCOMMON:
   366                           
   367                           ;initializer for _nombreLeds
   368     00D4  3408               	retlw	8
   369     000B                     _INTCONbits	set	11
   370     001A                     _TMR2	set	26
   371     001B                     _PR2	set	27
   372     001C                     _T2CONbits	set	28
   373     0089                     _TMR2IF	set	137
   374     008D                     _TRISBbits	set	141
   375     008F                     _TRISDbits	set	143
   376     0489                     _TMR2IE	set	1161
   377     010D                     _LATBbits	set	269
   378     010F                     _LATDbits	set	271
   379                           
   380                           	psect	cinit
   381     006D                     start_initialization:	
   382                           ; #config settings
   383                           
   384     006D                     __initialization:
   385                           
   386                           ; Initialize objects allocated to COMMON
   387     006D  3180  20D4  3180   	fcall	__pidataCOMMON	;fetch initializer
   388     0070  00F9               	movwf	__pdataCOMMON& (0+127)
   389                           
   390                           ; Clear objects allocated to COMMON
   391     0071  01F7               	clrf	__pbssCOMMON& (0+127)
   392     0072  01F8               	clrf	(__pbssCOMMON+1)& (0+127)
   393     0073                     end_of_initialization:	
   394                           ;End of C runtime variable initialization code
   395                           
   396     0073                     __end_of__initialization:
   397     0073  107E               	bcf	int$flags,0	;clear compiler interrupt flag (level 1)
   398     0074  0020               	movlb	0
   399     0075  3180  28C5         	ljmp	_main	;jump to C main() function
   400                           
   401                           	psect	bssCOMMON
   402     0077                     __pbssCOMMON:
   403     0077                     _compteur:
   404     0077                     	ds	1
   405     0078                     _compteurTimerOverflow:
   406     0078                     	ds	1
   407                           
   408                           	psect	dataCOMMON
   409     0079                     __pdataCOMMON:
   410     0079                     _nombreLeds:
   411     0079                     	ds	1
   412                           
   413                           	psect	cstackCOMMON
   414     0070                     __pcstackCOMMON:
   415     0070                     ?_init_leds:
   416     0070                     ?_init_timer2:	
   417                           ; 1 bytes @ 0x0
   418                           
   419     0070                     ?_init_interrupt:	
   420                           ; 1 bytes @ 0x0
   421                           
   422     0070                     ?_isr:	
   423                           ; 1 bytes @ 0x0
   424                           
   425     0070                     ?_main:	
   426                           ; 1 bytes @ 0x0
   427                           
   428     0070                     ?___lbmod:	
   429                           ; 1 bytes @ 0x0
   430                           
   431     0070                     ___lbmod@divisor:	
   432                           ; 1 bytes @ 0x0
   433                           
   434                           
   435                           ; 1 bytes @ 0x0
   436     0070                     	ds	1
   437     0071                     ??___lbmod:
   438                           
   439                           ; 1 bytes @ 0x1
   440     0071                     	ds	1
   441     0072                     ___lbmod@dividend:
   442                           
   443                           ; 1 bytes @ 0x2
   444     0072                     	ds	1
   445     0073                     ___lbmod@counter:
   446                           
   447                           ; 1 bytes @ 0x3
   448     0073                     	ds	1
   449     0074                     ___lbmod@rem:
   450                           
   451                           ; 1 bytes @ 0x4
   452     0074                     	ds	1
   453     0075                     ??_isr:
   454                           
   455                           ; 1 bytes @ 0x5
   456     0075                     	ds	2
   457                           
   458                           	psect	cstackBANK0
   459     0000                     __pcstackBANK0:
   460     0000                     ??_init_leds:
   461     0000                     ??_init_timer2:	
   462                           ; 1 bytes @ 0x0
   463                           
   464     0000                     ??_init_interrupt:	
   465                           ; 1 bytes @ 0x0
   466                           
   467     0000                     ??_main:	
   468                           ; 1 bytes @ 0x0
   469                           
   470                           
   471                           	psect	maintext
   472     00C5                     __pmaintext:	
   473                           ; 1 bytes @ 0x0
   474 ;;
   475 ;;Main: autosize = 0, tempsize = 0, incstack = 0, save=0
   476 ;;
   477 ;; *************** function _main *****************
   478 ;; Defined at:
   479 ;;		line 109 in file "main.c"
   480 ;; Parameters:    Size  Location     Type
   481 ;;		None
   482 ;; Auto vars:     Size  Location     Type
   483 ;;		None
   484 ;; Return value:  Size  Location     Type
   485 ;;                  1    wreg      void 
   486 ;; Registers used:
   487 ;;		wreg, status,2, status,0, pclath, cstack
   488 ;; Tracked objects:
   489 ;;		On entry : B1F/0
   490 ;;		On exit  : 0/0
   491 ;;		Unchanged: 0/0
   492 ;; Data sizes:     COMMON   BANK0   BANK1   BANK2   BANK3   BANK4   BANK5   BANK6   BANK7   BANK8   BANK9  BANK10  BANK1
      +1  BANK12  BANK13  BANK14  BANK15  BANK16  BANK17  BANK18  BANK19  BANK20  BANK21  BANK22  BANK23  BANK24  BANK25
   493 ;;      Params:         0       0       0       0       0       0       0       0       0       0       0       0       
      +0       0       0       0       0       0       0       0       0       0       0       0       0       0       0
   494 ;;      Locals:         0       0       0       0       0       0       0       0       0       0       0       0       
      +0       0       0       0       0       0       0       0       0       0       0       0       0       0       0
   495 ;;      Temps:          0       0       0       0       0       0       0       0       0       0       0       0       
      +0       0       0       0       0       0       0       0       0       0       0       0       0       0       0
   496 ;;      Totals:         0       0       0       0       0       0       0       0       0       0       0       0       
      +0       0       0       0       0       0       0       0       0       0       0       0       0       0       0
   497 ;;Total ram usage:        0 bytes
   498 ;; Hardware stack levels required when called: 3
   499 ;; This function calls:
   500 ;;		_init_interrupt
   501 ;;		_init_leds
   502 ;;		_init_timer2
   503 ;; This function is called by:
   504 ;;		Startup code after reset
   505 ;; This function uses a non-reentrant model
   506 ;;
   507                           
   508     00C5                     _main:	
   509                           ;psect for function _main
   510                           
   511     00C5                     l788:	
   512                           ;incstack = 0
   513                           ; Regs used in _main: [wreg+status,2+status,0+pclath+cstack]
   514                           
   515                           
   516                           ;main.c: 111:     init_leds();
   517     00C5  3180  2077  3180   	fcall	_init_leds
   518     00C8                     l790:
   519                           
   520                           ;main.c: 112:     init_timer2();
   521     00C8  3180  20B7  3180   	fcall	_init_timer2
   522     00CB                     l792:
   523                           
   524                           ;main.c: 113:     init_interrupt();
   525     00CB  3180  20D1  3180   	fcall	_init_interrupt
   526     00CE                     l57:	
   527                           ;main.c: 115:     while (1) {
   528                           
   529     00CE                     l58:	
   530                           ;main.c: 116:     }
   531                           
   532     00CE  28CE               	goto	l57
   533     00CF  3180  286B         	ljmp	start
   534     00D1                     __end_of_main:
   535                           
   536                           	psect	text1
   537     00B7                     __ptext1:	
   538 ;; *************** function _init_timer2 *****************
   539 ;; Defined at:
   540 ;;		line 37 in file "main.c"
   541 ;; Parameters:    Size  Location     Type
   542 ;;		None
   543 ;; Auto vars:     Size  Location     Type
   544 ;;		None
   545 ;; Return value:  Size  Location     Type
   546 ;;                  1    wreg      void 
   547 ;; Registers used:
   548 ;;		wreg, status,2, status,0
   549 ;; Tracked objects:
   550 ;;		On entry : 0/0
   551 ;;		On exit  : 0/0
   552 ;;		Unchanged: 0/0
   553 ;; Data sizes:     COMMON   BANK0   BANK1   BANK2   BANK3   BANK4   BANK5   BANK6   BANK7   BANK8   BANK9  BANK10  BANK1
      +1  BANK12  BANK13  BANK14  BANK15  BANK16  BANK17  BANK18  BANK19  BANK20  BANK21  BANK22  BANK23  BANK24  BANK25
   554 ;;      Params:         0       0       0       0       0       0       0       0       0       0       0       0       
      +0       0       0       0       0       0       0       0       0       0       0       0       0       0       0
   555 ;;      Locals:         0       0       0       0       0       0       0       0       0       0       0       0       
      +0       0       0       0       0       0       0       0       0       0       0       0       0       0       0
   556 ;;      Temps:          0       0       0       0       0       0       0       0       0       0       0       0       
      +0       0       0       0       0       0       0       0       0       0       0       0       0       0       0
   557 ;;      Totals:         0       0       0       0       0       0       0       0       0       0       0       0       
      +0       0       0       0       0       0       0       0       0       0       0       0       0       0       0
   558 ;;Total ram usage:        0 bytes
   559 ;; Hardware stack levels used: 1
   560 ;; Hardware stack levels required when called: 2
   561 ;; This function calls:
   562 ;;		Nothing
   563 ;; This function is called by:
   564 ;;		_main
   565 ;; This function uses a non-reentrant model
   566 ;;
   567                           
   568     00B7                     _init_timer2:	
   569                           ;psect for function _init_timer2
   570                           
   571     00B7                     l776:	
   572                           ;incstack = 0
   573                           ; Regs used in _init_timer2: [wreg+status,2+status,0]
   574                           
   575                           
   576                           ;main.c: 39:     T2CONbits.T2CKPS = 2;
   577     00B7  0020               	movlb	0	; select bank0
   578     00B8  081C               	movf	28,w	;volatile
   579     00B9  39FC               	andlw	-4
   580     00BA  3802               	iorlw	2
   581     00BB  009C               	movwf	28	;volatile
   582                           
   583                           ;main.c: 40:     T2CONbits.T2OUTPS = 0;
   584     00BC  3087               	movlw	-121
   585     00BD  059C               	andwf	28,f	;volatile
   586     00BE                     l778:
   587                           
   588                           ;main.c: 41:     PR2 = 124;
   589     00BE  307C               	movlw	124
   590     00BF  009B               	movwf	27	;volatile
   591     00C0                     l780:
   592                           
   593                           ;main.c: 42:     T2CONbits.TMR2ON = 1;
   594     00C0  151C               	bsf	28,2	;volatile
   595     00C1                     l782:
   596                           
   597                           ;main.c: 43:     TMR2 = 0;
   598     00C1  019A               	clrf	26	;volatile
   599     00C2                     l784:
   600                           
   601                           ;main.c: 44:     TMR2IE = 1;
   602     00C2  0021               	movlb	1	; select bank1
   603     00C3  1491               	bsf	17,1	;volatile
   604     00C4                     l32:
   605     00C4  0008               	return
   606     00C5                     __end_of_init_timer2:
   607                           
   608                           	psect	text2
   609     0077                     __ptext2:	
   610 ;; *************** function _init_leds *****************
   611 ;; Defined at:
   612 ;;		line 26 in file "main.c"
   613 ;; Parameters:    Size  Location     Type
   614 ;;		None
   615 ;; Auto vars:     Size  Location     Type
   616 ;;		None
   617 ;; Return value:  Size  Location     Type
   618 ;;                  1    wreg      void 
   619 ;; Registers used:
   620 ;;		None
   621 ;; Tracked objects:
   622 ;;		On entry : 0/0
   623 ;;		On exit  : 0/0
   624 ;;		Unchanged: 0/0
   625 ;; Data sizes:     COMMON   BANK0   BANK1   BANK2   BANK3   BANK4   BANK5   BANK6   BANK7   BANK8   BANK9  BANK10  BANK1
      +1  BANK12  BANK13  BANK14  BANK15  BANK16  BANK17  BANK18  BANK19  BANK20  BANK21  BANK22  BANK23  BANK24  BANK25
   626 ;;      Params:         0       0       0       0       0       0       0       0       0       0       0       0       
      +0       0       0       0       0       0       0       0       0       0       0       0       0       0       0
   627 ;;      Locals:         0       0       0       0       0       0       0       0       0       0       0       0       
      +0       0       0       0       0       0       0       0       0       0       0       0       0       0       0
   628 ;;      Temps:          0       0       0       0       0       0       0       0       0       0       0       0       
      +0       0       0       0       0       0       0       0       0       0       0       0       0       0       0
   629 ;;      Totals:         0       0       0       0       0       0       0       0       0       0       0       0       
      +0       0       0       0       0       0       0       0       0       0       0       0       0       0       0
   630 ;;Total ram usage:        0 bytes
   631 ;; Hardware stack levels used: 1
   632 ;; Hardware stack levels required when called: 2
   633 ;; This function calls:
   634 ;;		Nothing
   635 ;; This function is called by:
   636 ;;		_main
   637 ;; This function uses a non-reentrant model
   638 ;;
   639                           
   640     0077                     _init_leds:	
   641                           ;psect for function _init_leds
   642                           
   643     0077                     l774:	
   644                           ;incstack = 0
   645                           ; Regs used in _init_leds: []
   646                           
   647                           
   648                           ;main.c: 27:     TRISDbits.TRISD0 = 0; LATDbits.LATD0 = 0;
   649     0077  0021               	movlb	1	; select bank1
   650     0078  100F               	bcf	15,0	;volatile
   651     0079  0022               	movlb	2	; select bank2
   652     007A  100F               	bcf	15,0	;volatile
   653                           
   654                           ;main.c: 28:     TRISDbits.TRISD1 = 0; LATDbits.LATD1 = 0;
   655     007B  0021               	movlb	1	; select bank1
   656     007C  108F               	bcf	15,1	;volatile
   657     007D  0022               	movlb	2	; select bank2
   658     007E  108F               	bcf	15,1	;volatile
   659                           
   660                           ;main.c: 29:     TRISDbits.TRISD2 = 0; LATDbits.LATD2 = 0;
   661     007F  0021               	movlb	1	; select bank1
   662     0080  110F               	bcf	15,2	;volatile
   663     0081  0022               	movlb	2	; select bank2
   664     0082  110F               	bcf	15,2	;volatile
   665                           
   666                           ;main.c: 30:     TRISDbits.TRISD3 = 0; LATDbits.LATD3 = 0;
   667     0083  0021               	movlb	1	; select bank1
   668     0084  118F               	bcf	15,3	;volatile
   669     0085  0022               	movlb	2	; select bank2
   670     0086  118F               	bcf	15,3	;volatile
   671                           
   672                           ;main.c: 31:     TRISBbits.TRISB0 = 0; LATBbits.LATB0 = 0;
   673     0087  0021               	movlb	1	; select bank1
   674     0088  100D               	bcf	13,0	;volatile
   675     0089  0022               	movlb	2	; select bank2
   676     008A  100D               	bcf	13,0	;volatile
   677                           
   678                           ;main.c: 32:     TRISBbits.TRISB1 = 0; LATBbits.LATB1 = 0;
   679     008B  0021               	movlb	1	; select bank1
   680     008C  108D               	bcf	13,1	;volatile
   681     008D  0022               	movlb	2	; select bank2
   682     008E  108D               	bcf	13,1	;volatile
   683                           
   684                           ;main.c: 33:     TRISBbits.TRISB2 = 0; LATBbits.LATB2 = 0;
   685     008F  0021               	movlb	1	; select bank1
   686     0090  110D               	bcf	13,2	;volatile
   687     0091  0022               	movlb	2	; select bank2
   688     0092  110D               	bcf	13,2	;volatile
   689                           
   690                           ;main.c: 34:     TRISBbits.TRISB3 = 0; LATBbits.LATB3 = 0;
   691     0093  0021               	movlb	1	; select bank1
   692     0094  118D               	bcf	13,3	;volatile
   693     0095  0022               	movlb	2	; select bank2
   694     0096  118D               	bcf	13,3	;volatile
   695     0097                     l29:
   696     0097  0008               	return
   697     0098                     __end_of_init_leds:
   698                           
   699                           	psect	text3
   700     00D1                     __ptext3:	
   701 ;; *************** function _init_interrupt *****************
   702 ;; Defined at:
   703 ;;		line 47 in file "main.c"
   704 ;; Parameters:    Size  Location     Type
   705 ;;		None
   706 ;; Auto vars:     Size  Location     Type
   707 ;;		None
   708 ;; Return value:  Size  Location     Type
   709 ;;                  1    wreg      void 
   710 ;; Registers used:
   711 ;;		None
   712 ;; Tracked objects:
   713 ;;		On entry : 0/0
   714 ;;		On exit  : 0/0
   715 ;;		Unchanged: 0/0
   716 ;; Data sizes:     COMMON   BANK0   BANK1   BANK2   BANK3   BANK4   BANK5   BANK6   BANK7   BANK8   BANK9  BANK10  BANK1
      +1  BANK12  BANK13  BANK14  BANK15  BANK16  BANK17  BANK18  BANK19  BANK20  BANK21  BANK22  BANK23  BANK24  BANK25
   717 ;;      Params:         0       0       0       0       0       0       0       0       0       0       0       0       
      +0       0       0       0       0       0       0       0       0       0       0       0       0       0       0
   718 ;;      Locals:         0       0       0       0       0       0       0       0       0       0       0       0       
      +0       0       0       0       0       0       0       0       0       0       0       0       0       0       0
   719 ;;      Temps:          0       0       0       0       0       0       0       0       0       0       0       0       
      +0       0       0       0       0       0       0       0       0       0       0       0       0       0       0
   720 ;;      Totals:         0       0       0       0       0       0       0       0       0       0       0       0       
      +0       0       0       0       0       0       0       0       0       0       0       0       0       0       0
   721 ;;Total ram usage:        0 bytes
   722 ;; Hardware stack levels used: 1
   723 ;; Hardware stack levels required when called: 2
   724 ;; This function calls:
   725 ;;		Nothing
   726 ;; This function is called by:
   727 ;;		_main
   728 ;; This function uses a non-reentrant model
   729 ;;
   730                           
   731     00D1                     _init_interrupt:	
   732                           ;psect for function _init_interrupt
   733                           
   734     00D1                     l786:	
   735                           ;incstack = 0
   736                           ; Regs used in _init_interrupt: []
   737                           
   738                           
   739                           ;main.c: 48:     INTCONbits.GIE = 1;
   740     00D1  178B               	bsf	11,7	;volatile
   741                           
   742                           ;main.c: 49:     INTCONbits.PEIE = 1;
   743     00D2  170B               	bsf	11,6	;volatile
   744     00D3                     l35:
   745     00D3  0008               	return
   746     00D4                     __end_of_init_interrupt:
   747                           
   748                           	psect	intentry
   749     0004                     __pintentry:	
   750 ;; *************** function _isr *****************
   751 ;; Defined at:
   752 ;;		line 52 in file "main.c"
   753 ;; Parameters:    Size  Location     Type
   754 ;;		None
   755 ;; Auto vars:     Size  Location     Type
   756 ;;		None
   757 ;; Return value:  Size  Location     Type
   758 ;;                  1    wreg      void 
   759 ;; Registers used:
   760 ;;		wreg, fsr0l, fsr0h, status,2, status,0, pclath, cstack
   761 ;; Tracked objects:
   762 ;;		On entry : 0/0
   763 ;;		On exit  : 0/0
   764 ;;		Unchanged: 0/0
   765 ;; Data sizes:     COMMON   BANK0   BANK1   BANK2   BANK3   BANK4   BANK5   BANK6   BANK7   BANK8   BANK9  BANK10  BANK1
      +1  BANK12  BANK13  BANK14  BANK15  BANK16  BANK17  BANK18  BANK19  BANK20  BANK21  BANK22  BANK23  BANK24  BANK25
   766 ;;      Params:         0       0       0       0       0       0       0       0       0       0       0       0       
      +0       0       0       0       0       0       0       0       0       0       0       0       0       0       0
   767 ;;      Locals:         0       0       0       0       0       0       0       0       0       0       0       0       
      +0       0       0       0       0       0       0       0       0       0       0       0       0       0       0
   768 ;;      Temps:          2       0       0       0       0       0       0       0       0       0       0       0       
      +0       0       0       0       0       0       0       0       0       0       0       0       0       0       0
   769 ;;      Totals:         2       0       0       0       0       0       0       0       0       0       0       0       
      +0       0       0       0       0       0       0       0       0       0       0       0       0       0       0
   770 ;;Total ram usage:        2 bytes
   771 ;; Hardware stack levels used: 1
   772 ;; Hardware stack levels required when called: 1
   773 ;; This function calls:
   774 ;;		___lbmod
   775 ;; This function is called by:
   776 ;;		Interrupt level 1
   777 ;; This function uses a non-reentrant model
   778 ;;
   779                           
   780     0004                     _isr:
   781                           
   782                           ;incstack = 0
   783     0004  147E               	bsf	int$flags,0	;set compiler interrupt flag (level 1)
   784                           
   785                           ; Regs used in _isr: [wreg-fsr0h+status,2+status,0+pclath+cstack]
   786     0005  3180               	pagesel	$
   787     0006                     i1l706:
   788                           
   789                           ;main.c: 53:     if (TMR2IE && TMR2IF) {
   790     0006  0021               	movlb	1	; select bank1
   791     0007  1C91               	btfss	17,1	;volatile
   792     0008  280A               	goto	u10_21
   793     0009  280B               	goto	u10_20
   794     000A                     u10_21:
   795     000A  2869               	goto	i1l52
   796     000B                     u10_20:
   797     000B                     i1l708:
   798     000B  0020               	movlb	0	; select bank0
   799     000C  1C91               	btfss	17,1	;volatile
   800     000D  280F               	goto	u11_21
   801     000E  2810               	goto	u11_20
   802     000F                     u11_21:
   803     000F  2869               	goto	i1l52
   804     0010                     u11_20:
   805     0010                     i1l710:
   806                           
   807                           ;main.c: 54:         TMR2IF = 0;
   808     0010  1091               	bcf	17,1	;volatile
   809     0011                     i1l712:
   810                           
   811                           ;main.c: 56:         compteurTimerOverflow++;
   812     0011  3001               	movlw	1
   813     0012  00F5               	movwf	??_isr
   814     0013  0875               	movf	??_isr,w
   815     0014  07F8               	addwf	_compteurTimerOverflow,f	;volatile
   816                           
   817                           ;main.c: 58:         if (compteurTimerOverflow == 125) {
   818     0015  307D               	movlw	125
   819     0016  0678               	xorwf	_compteurTimerOverflow,w	;volatile
   820     0017  1D03               	btfss	3,2
   821     0018  281A               	goto	u12_21
   822     0019  281B               	goto	u12_20
   823     001A                     u12_21:
   824     001A  2869               	goto	i1l52
   825     001B                     u12_20:
   826     001B  2841               	goto	i1l734
   827     001C                     i1l43:	
   828                           ;main.c: 61:                 case 0:
   829                           
   830                           
   831                           ;main.c: 62:                     LATDbits.LATD0 = 1;
   832     001C  0022               	movlb	2	; select bank2
   833     001D  140F               	bsf	15,0	;volatile
   834                           
   835                           ;main.c: 63:                     LATBbits.LATB3 = 0;
   836     001E  118D               	bcf	13,3	;volatile
   837     001F                     i1l716:
   838                           
   839                           ;main.c: 64:                     compteur++;
   840     001F  3001               	movlw	1
   841     0020  00F5               	movwf	??_isr
   842     0021  0875               	movf	??_isr,w
   843     0022  07F7               	addwf	_compteur,f	;volatile
   844                           
   845                           ;main.c: 65:                 break;
   846     0023  2868               	goto	i1l736
   847     0024                     i1l45:	
   848                           ;main.c: 66:                 case 1:
   849                           
   850                           
   851                           ;main.c: 67:                     LATDbits.LATD1 = 1;
   852     0024  0022               	movlb	2	; select bank2
   853     0025  148F               	bsf	15,1	;volatile
   854                           
   855                           ;main.c: 68:                     LATDbits.LATD0 = 0;
   856     0026  100F               	bcf	15,0	;volatile
   857     0027  281F               	goto	i1l716
   858     0028                     i1l46:	
   859                           ;main.c: 71:                 case 2:
   860                           
   861                           
   862                           ;main.c: 72:                     LATDbits.LATD2 = 1;
   863     0028  0022               	movlb	2	; select bank2
   864     0029  150F               	bsf	15,2	;volatile
   865                           
   866                           ;main.c: 73:                     LATDbits.LATD1 = 0;
   867     002A  108F               	bcf	15,1	;volatile
   868     002B  281F               	goto	i1l716
   869     002C                     i1l47:	
   870                           ;main.c: 76:                 case 3:
   871                           
   872                           
   873                           ;main.c: 77:                     LATDbits.LATD3 = 1;
   874     002C  0022               	movlb	2	; select bank2
   875     002D  158F               	bsf	15,3	;volatile
   876                           
   877                           ;main.c: 78:                     LATDbits.LATD2 = 0;
   878     002E  110F               	bcf	15,2	;volatile
   879     002F  281F               	goto	i1l716
   880     0030                     i1l48:	
   881                           ;main.c: 81:                 case 4:
   882                           
   883                           
   884                           ;main.c: 82:                     LATBbits.LATB0 = 1;
   885     0030  0022               	movlb	2	; select bank2
   886     0031  140D               	bsf	13,0	;volatile
   887                           
   888                           ;main.c: 83:                     LATDbits.LATD3 = 0;
   889     0032  118F               	bcf	15,3	;volatile
   890     0033  281F               	goto	i1l716
   891     0034                     i1l49:	
   892                           ;main.c: 86:                 case 5:
   893                           
   894                           
   895                           ;main.c: 87:                     LATBbits.LATB1 = 1;
   896     0034  0022               	movlb	2	; select bank2
   897     0035  148D               	bsf	13,1	;volatile
   898                           
   899                           ;main.c: 88:                     LATBbits.LATB0 = 0;
   900     0036  100D               	bcf	13,0	;volatile
   901     0037  281F               	goto	i1l716
   902     0038                     i1l50:	
   903                           ;main.c: 91:                 case 6:
   904                           
   905                           
   906                           ;main.c: 92:                     LATBbits.LATB2 = 1;
   907     0038  0022               	movlb	2	; select bank2
   908     0039  150D               	bsf	13,2	;volatile
   909                           
   910                           ;main.c: 93:                     LATBbits.LATB1 = 0;
   911     003A  108D               	bcf	13,1	;volatile
   912     003B  281F               	goto	i1l716
   913     003C                     i1l51:	
   914                           ;main.c: 96:                 case 7:
   915                           
   916                           
   917                           ;main.c: 97:                     LATBbits.LATB3 = 1;
   918     003C  0022               	movlb	2	; select bank2
   919     003D  158D               	bsf	13,3	;volatile
   920                           
   921                           ;main.c: 98:                     LATBbits.LATB2 = 0;
   922     003E  110D               	bcf	13,2	;volatile
   923     003F                     i1l730:
   924                           
   925                           ;main.c: 99:                     compteur = 0;
   926     003F  01F7               	clrf	_compteur	;volatile
   927                           
   928                           ;main.c: 100:                 break;
   929     0040  2868               	goto	i1l736
   930     0041                     i1l734:
   931     0041  0879               	movf	_nombreLeds,w	;volatile
   932     0042  00F0               	movwf	___lbmod@divisor
   933     0043  0877               	movf	_compteur,w	;volatile
   934     0044  3180  2098  3180   	fcall	___lbmod
   935     0047  00F5               	movwf	??_isr
   936     0048  01F6               	clrf	??_isr+1
   937                           
   938                           ; Switch on 2 bytes has been partitioned into a top level switch of size 1, and 1 sub-sw
      +                          itches
   939                           ; Switch size 1, requested type "simple"
   940                           ; Number of cases is 1, Range of values is 0 to 0
   941                           ; switch strategies available:
   942                           ; Name         Instructions Cycles
   943                           ; simple_byte            4     3 (average)
   944                           ; direct_byte            8     6 (fixed)
   945                           ; jumptable            260     6 (fixed)
   946                           ;	Chosen strategy is simple_byte
   947     0049  0876               	movf	??_isr+1,w
   948     004A  3A00               	xorlw	0	; case 0
   949     004B  1903               	skipnz
   950     004C  284E               	goto	i1l824
   951     004D  2868               	goto	i1l736
   952     004E                     i1l824:
   953                           
   954                           ; Switch size 1, requested type "simple"
   955                           ; Number of cases is 8, Range of values is 0 to 7
   956                           ; switch strategies available:
   957                           ; Name         Instructions Cycles
   958                           ; direct_byte           22     6 (fixed)
   959                           ; simple_byte           25    13 (average)
   960                           ; jumptable            260     6 (fixed)
   961                           ;	Chosen strategy is simple_byte
   962     004E  0875               	movf	??_isr,w
   963     004F  3A00               	xorlw	0	; case 0
   964     0050  1903               	skipnz
   965     0051  281C               	goto	i1l43
   966     0052  3A01               	xorlw	1	; case 1
   967     0053  1903               	skipnz
   968     0054  2824               	goto	i1l45
   969     0055  3A03               	xorlw	3	; case 2
   970     0056  1903               	skipnz
   971     0057  2828               	goto	i1l46
   972     0058  3A01               	xorlw	1	; case 3
   973     0059  1903               	skipnz
   974     005A  282C               	goto	i1l47
   975     005B  3A07               	xorlw	7	; case 4
   976     005C  1903               	skipnz
   977     005D  2830               	goto	i1l48
   978     005E  3A01               	xorlw	1	; case 5
   979     005F  1903               	skipnz
   980     0060  2834               	goto	i1l49
   981     0061  3A03               	xorlw	3	; case 6
   982     0062  1903               	skipnz
   983     0063  2838               	goto	i1l50
   984     0064  3A01               	xorlw	1	; case 7
   985     0065  1903               	skipnz
   986     0066  283C               	goto	i1l51
   987     0067  2868               	goto	i1l736
   988     0068                     i1l736:
   989                           
   990                           ;main.c: 103:             compteurTimerOverflow = 0;
   991     0068  01F8               	clrf	_compteurTimerOverflow	;volatile
   992     0069                     i1l52:
   993     0069  107E               	bcf	int$flags,0	;clear compiler interrupt flag (level 1)
   994     006A  0009               	retfie
   995     006B                     __end_of_isr:
   996                           
   997                           	psect	text5
   998     0098                     __ptext5:	
   999 ;; *************** function ___lbmod *****************
  1000 ;; Defined at:
  1001 ;;		line 4 in file "/Applications/microchip/xc8/v2.45/pic/sources/c99/common/lbmod.c"
  1002 ;; Parameters:    Size  Location     Type
  1003 ;;  dividend        1    wreg     unsigned char 
  1004 ;;  divisor         1    0[COMMON] unsigned char 
  1005 ;; Auto vars:     Size  Location     Type
  1006 ;;  dividend        1    2[COMMON] unsigned char 
  1007 ;;  rem             1    4[COMMON] unsigned char 
  1008 ;;  counter         1    3[COMMON] unsigned char 
  1009 ;; Return value:  Size  Location     Type
  1010 ;;                  1    wreg      unsigned char 
  1011 ;; Registers used:
  1012 ;;		wreg, status,2, status,0
  1013 ;; Tracked objects:
  1014 ;;		On entry : 0/0
  1015 ;;		On exit  : 0/0
  1016 ;;		Unchanged: 0/0
  1017 ;; Data sizes:     COMMON   BANK0   BANK1   BANK2   BANK3   BANK4   BANK5   BANK6   BANK7   BANK8   BANK9  BANK10  BANK1
      +1  BANK12  BANK13  BANK14  BANK15  BANK16  BANK17  BANK18  BANK19  BANK20  BANK21  BANK22  BANK23  BANK24  BANK25
  1018 ;;      Params:         1       0       0       0       0       0       0       0       0       0       0       0       
      +0       0       0       0       0       0       0       0       0       0       0       0       0       0       0
  1019 ;;      Locals:         3       0       0       0       0       0       0       0       0       0       0       0       
      +0       0       0       0       0       0       0       0       0       0       0       0       0       0       0
  1020 ;;      Temps:          1       0       0       0       0       0       0       0       0       0       0       0       
      +0       0       0       0       0       0       0       0       0       0       0       0       0       0       0
  1021 ;;      Totals:         5       0       0       0       0       0       0       0       0       0       0       0       
      +0       0       0       0       0       0       0       0       0       0       0       0       0       0       0
  1022 ;;Total ram usage:        5 bytes
  1023 ;; Hardware stack levels used: 1
  1024 ;; This function calls:
  1025 ;;		Nothing
  1026 ;; This function is called by:
  1027 ;;		_isr
  1028 ;; This function uses a non-reentrant model
  1029 ;;
  1030                           
  1031     0098                     ___lbmod:	
  1032                           ;psect for function ___lbmod
  1033                           
  1034                           
  1035                           ;incstack = 0
  1036                           ; Regs used in ___lbmod: [wreg+status,2+status,0]
  1037                           ;___lbmod@dividend stored from wreg
  1038     0098  00F2               	movwf	___lbmod@dividend
  1039     0099                     i1l690:
  1040     0099  3008               	movlw	8
  1041     009A  00F3               	movwf	___lbmod@counter
  1042     009B                     i1l692:
  1043     009B  01F4               	clrf	___lbmod@rem
  1044     009C                     i1l694:
  1045     009C  0872               	movf	___lbmod@dividend,w
  1046     009D  00F1               	movwf	??___lbmod
  1047     009E  3007               	movlw	7
  1048     009F                     u7_25:
  1049     009F  36F1               	lsrf	??___lbmod,f
  1050     00A0  0B89               	decfsz	9,f
  1051     00A1  289F               	goto	u7_25
  1052     00A2  3574               	lslf	___lbmod@rem,w
  1053     00A3  0471               	iorwf	??___lbmod,w
  1054     00A4  00F4               	movwf	___lbmod@rem
  1055     00A5                     i1l696:
  1056     00A5  1003               	clrc
  1057     00A6  0DF2               	rlf	___lbmod@dividend,f
  1058     00A7                     i1l698:
  1059     00A7  0870               	movf	___lbmod@divisor,w
  1060     00A8  0274               	subwf	___lbmod@rem,w
  1061     00A9  1C03               	skipc
  1062     00AA  28AC               	goto	u8_21
  1063     00AB  28AD               	goto	u8_20
  1064     00AC                     u8_21:
  1065     00AC  28AF               	goto	i1l346
  1066     00AD                     u8_20:
  1067     00AD                     i1l700:
  1068     00AD  0870               	movf	___lbmod@divisor,w
  1069     00AE  02F4               	subwf	___lbmod@rem,f
  1070     00AF                     i1l346:
  1071     00AF  3001               	movlw	1
  1072     00B0  02F3               	subwf	___lbmod@counter,f
  1073     00B1  1D03               	btfss	3,2
  1074     00B2  28B4               	goto	u9_21
  1075     00B3  28B5               	goto	u9_20
  1076     00B4                     u9_21:
  1077     00B4  289C               	goto	i1l694
  1078     00B5                     u9_20:
  1079     00B5                     i1l702:
  1080     00B5  0874               	movf	___lbmod@rem,w
  1081     00B6                     i1l348:
  1082     00B6  0008               	return
  1083     00B7                     __end_of___lbmod:
  1084     007E                     btemp	set	126	;btemp
  1085     007E                     int$flags	set	126
  1086     007E                     wtemp0	set	126
  1087                           
  1088                           	psect	config
  1089                           
  1090                           ;Config register CONFIG1 @ 0x8007
  1091                           ;	Oscillator Selection Bits
  1092                           ;	FOSC = HS, HS Oscillator, High-speed crystal/resonator connected between OSC1 and OSC2
      +                           pins
  1093                           ;	Watchdog Timer Enable
  1094                           ;	WDTE = SWDTEN, WDT controlled by the SWDTEN bit in the WDTCON register
  1095                           ;	Power-up Timer Enable
  1096                           ;	PWRTE = OFF, PWRT disabled
  1097                           ;	MCLR Pin Function Select
  1098                           ;	MCLRE = ON, MCLR/VPP pin function is MCLR
  1099                           ;	Flash Program Memory Code Protection
  1100                           ;	CP = OFF, Program memory code protection is disabled
  1101                           ;	Brown-out Reset Enable
  1102                           ;	BOREN = ON, Brown-out Reset enabled
  1103                           ;	Clock Out Enable
  1104                           ;	CLKOUTEN = OFF, CLKOUT function is disabled. I/O or oscillator function on the CLKOUT 
      +                          pin
  1105                           ;	Internal/External Switchover Mode
  1106                           ;	IESO = ON, Internal/External Switchover Mode is enabled
  1107                           ;	Fail-Safe Clock Monitor Enable
  1108                           ;	FCMEN = ON, Fail-Safe Clock Monitor is enabled
  1109     8007                     	org	32775
  1110     8007  3FEA               	dw	16362
  1111                           
  1112                           ;Config register CONFIG2 @ 0x8008
  1113                           ;	Flash Memory Self-Write Protection
  1114                           ;	WRT = OFF, Write protection off
  1115                           ;	Peripheral Pin Select one-way control
  1116                           ;	PPS1WAY = OFF, The PPSLOCK bit can be set and cleared repeatedly by software
  1117                           ;	Zero-cross detect disable
  1118                           ;	ZCDDIS = ON, ZCD disabled. ZCD can be enabled by setting the ZCDSEN bit of ZCDCON
  1119                           ;	Phase Lock Loop enable
  1120                           ;	PLLEN = OFF, 4x PLL is disabled
  1121                           ;	Stack Overflow/Underflow Reset Enable
  1122                           ;	STVREN = ON, Stack Overflow or Underflow will cause a Reset
  1123                           ;	Brown-out Reset Voltage Selection
  1124                           ;	BORV = LO, Brown-out Reset Voltage (Vbor), low trip point selected.
  1125                           ;	Low-Power Brown Out Reset
  1126                           ;	LPBOR = OFF, Low-Power BOR is disabled
  1127                           ;	In-Circuit Debugger Mode
  1128                           ;	DEBUG = 0x1, unprogrammed default
  1129                           ;	Low-Voltage Programming Enable
  1130                           ;	LVP = OFF, High-voltage on MCLR/VPP must be used for programming
  1131     8008                     	org	32776
  1132     8008  1EFB               	dw	7931

Data Sizes:
    Strings     0
    Constant    0
    Data        1
    BSS         2
    Persistent  32
    Stack       0

Auto Spaces:
    Space          Size  Autos    Used
    COMMON           14      7      10
    BANK0            80      0       0
    BANK1            80      0       0
    BANK2            80      0       0
    BANK3            80      0       0
    BANK4            80      0       0
    BANK5            80      0       0
    BANK6            80      0       0
    BANK7            80      0       0
    BANK8            80      0       0
    BANK9            80      0       0
    BANK10           80      0       0
    BANK11           80      0       0
    BANK12           80      0       0
    BANK13           80      0       0
    BANK14           80      0       0
    BANK15           80      0       0
    BANK16           80      0       0
    BANK17           80      0       0
    BANK18           80      0       0
    BANK19           80      0       0
    BANK20           80      0       0
    BANK21           80      0       0
    BANK22           80      0       0
    BANK23           80      0       0
    BANK24           80      0       0
    BANK25           32      0       0

Pointer List with Targets:

    None.

Critical Paths under _main in COMMON

    None.

Critical Paths under _isr in COMMON

    _isr->___lbmod

Critical Paths under _main in BANK0

    None.

Critical Paths under _isr in BANK0

    None.

Critical Paths under _main in BANK1

    None.

Critical Paths under _isr in BANK1

    None.

Critical Paths under _main in BANK2

    None.

Critical Paths under _isr in BANK2

    None.

Critical Paths under _main in BANK3

    None.

Critical Paths under _isr in BANK3

    None.

Critical Paths under _main in BANK4

    None.

Critical Paths under _isr in BANK4

    None.

Critical Paths under _main in BANK5

    None.

Critical Paths under _isr in BANK5

    None.

Critical Paths under _main in BANK6

    None.

Critical Paths under _isr in BANK6

    None.

Critical Paths under _main in BANK7

    None.

Critical Paths under _isr in BANK7

    None.

Critical Paths under _main in BANK8

    None.

Critical Paths under _isr in BANK8

    None.

Critical Paths under _main in BANK9

    None.

Critical Paths under _isr in BANK9

    None.

Critical Paths under _main in BANK10

    None.

Critical Paths under _isr in BANK10

    None.

Critical Paths under _main in BANK11

    None.

Critical Paths under _isr in BANK11

    None.

Critical Paths under _main in BANK12

    None.

Critical Paths under _isr in BANK12

    None.

Critical Paths under _main in BANK13

    None.

Critical Paths under _isr in BANK13

    None.

Critical Paths under _main in BANK14

    None.

Critical Paths under _isr in BANK14

    None.

Critical Paths under _main in BANK15

    None.

Critical Paths under _isr in BANK15

    None.

Critical Paths under _main in BANK16

    None.

Critical Paths under _isr in BANK16

    None.

Critical Paths under _main in BANK17

    None.

Critical Paths under _isr in BANK17

    None.

Critical Paths under _main in BANK18

    None.

Critical Paths under _isr in BANK18

    None.

Critical Paths under _main in BANK19

    None.

Critical Paths under _isr in BANK19

    None.

Critical Paths under _main in BANK20

    None.

Critical Paths under _isr in BANK20

    None.

Critical Paths under _main in BANK21

    None.

Critical Paths under _isr in BANK21

    None.

Critical Paths under _main in BANK22

    None.

Critical Paths under _isr in BANK22

    None.

Critical Paths under _main in BANK23

    None.

Critical Paths under _isr in BANK23

    None.

Critical Paths under _main in BANK24

    None.

Critical Paths under _isr in BANK24

    None.

Critical Paths under _main in BANK25

    None.

Critical Paths under _isr in BANK25

    None.

Call Graph Tables:

 ---------------------------------------------------------------------------------
 (Depth) Function   	        Calls       Base Space   Used Autos Params    Refs
 ---------------------------------------------------------------------------------
 (0) _main                                                 0     0      0       0
                     _init_interrupt
                          _init_leds
                        _init_timer2
 ---------------------------------------------------------------------------------
 (1) _init_timer2                                          0     0      0       0
 ---------------------------------------------------------------------------------
 (1) _init_leds                                            0     0      0       0
 ---------------------------------------------------------------------------------
 (1) _init_interrupt                                       0     0      0       0
 ---------------------------------------------------------------------------------
 Estimated maximum stack depth 1
 ---------------------------------------------------------------------------------
 (Depth) Function   	        Calls       Base Space   Used Autos Params    Refs
 ---------------------------------------------------------------------------------
 (2) _isr                                                  2     2      0     235
                                              5 COMMON     2     2      0
                            ___lbmod
 ---------------------------------------------------------------------------------
 (3) ___lbmod                                              5     4      1     235
                                              0 COMMON     5     4      1
 ---------------------------------------------------------------------------------
 Estimated maximum stack depth 3
 ---------------------------------------------------------------------------------

 Call Graph Graphs:

 _main (ROOT)
   _init_interrupt
   _init_leds
   _init_timer2

 _isr (ROOT)
   ___lbmod

 Address spaces:
Name               Size   Autos  Total    Cost      Usage
BIGRAM             7F0      0       0       0        0.0%
NULL                 0      0       0       0        0.0%
CODE                 0      0       0       0        0.0%
BITCOMMON            E      0       0       1        0.0%
BITSFR0              0      0       0       1        0.0%
SFR0                 0      0       0       1        0.0%
COMMON               E      7       A       2       71.4%
BITSFR1              0      0       0       2        0.0%
SFR1                 0      0       0       2        0.0%
BITSFR2              0      0       0       3        0.0%
SFR2                 0      0       0       3        0.0%
STACK                0      0       0       3        0.0%
BITBANK0            50      0       0       4        0.0%
BITSFR3              0      0       0       4        0.0%
SFR3                 0      0       0       4        0.0%
BANK0               50      0       0       5        0.0%
BITSFR4              0      0       0       5        0.0%
SFR4                 0      0       0       5        0.0%
BITBANK1            50      0       0       6        0.0%
BITSFR5              0      0       0       6        0.0%
SFR5                 0      0       0       6        0.0%
BANK1               50      0       0       7        0.0%
BITSFR6              0      0       0       7        0.0%
SFR6                 0      0       0       7        0.0%
BITBANK2            50      0       0       8        0.0%
BITSFR7              0      0       0       8        0.0%
SFR7                 0      0       0       8        0.0%
BANK2               50      0       0       9        0.0%
BITSFR8              0      0       0       9        0.0%
SFR8                 0      0       0       9        0.0%
BITBANK3            50      0       0      10        0.0%
BITSFR9              0      0       0      10        0.0%
SFR9                 0      0       0      10        0.0%
BANK3               50      0       0      11        0.0%
BITSFR10             0      0       0      11        0.0%
SFR10                0      0       0      11        0.0%
BITBANK4            50      0       0      12        0.0%
BITSFR11             0      0       0      12        0.0%
SFR11                0      0       0      12        0.0%
BANK4               50      0       0      13        0.0%
BITSFR12             0      0       0      13        0.0%
SFR12                0      0       0      13        0.0%
BITSFR13             0      0       0      14        0.0%
SFR13                0      0       0      14        0.0%
ABS                  0      0       A      14        0.0%
BITBANK5            50      0       0      15        0.0%
BITSFR14             0      0       0      15        0.0%
SFR14                0      0       0      15        0.0%
BANK5               50      0       0      16        0.0%
BITSFR15             0      0       0      16        0.0%
SFR15                0      0       0      16        0.0%
BITBANK6            50      0       0      17        0.0%
BITSFR16             0      0       0      17        0.0%
SFR16                0      0       0      17        0.0%
BANK6               50      0       0      18        0.0%
BITSFR17             0      0       0      18        0.0%
SFR17                0      0       0      18        0.0%
BITBANK7            50      0       0      19        0.0%
BITSFR18             0      0       0      19        0.0%
SFR18                0      0       0      19        0.0%
BANK7               50      0       0      20        0.0%
BITSFR19             0      0       0      20        0.0%
SFR19                0      0       0      20        0.0%
BITBANK8            50      0       0      21        0.0%
BITSFR20             0      0       0      21        0.0%
SFR20                0      0       0      21        0.0%
BANK8               50      0       0      22        0.0%
BITSFR21             0      0       0      22        0.0%
SFR21                0      0       0      22        0.0%
BITBANK9            50      0       0      23        0.0%
BITSFR22             0      0       0      23        0.0%
SFR22                0      0       0      23        0.0%
BANK9               50      0       0      24        0.0%
BITSFR23             0      0       0      24        0.0%
SFR23                0      0       0      24        0.0%
BITBANK10           50      0       0      25        0.0%
BITSFR24             0      0       0      25        0.0%
SFR24                0      0       0      25        0.0%
BANK10              50      0       0      26        0.0%
BITSFR25             0      0       0      26        0.0%
SFR25                0      0       0      26        0.0%
BITBANK11           50      0       0      27        0.0%
BITSFR26             0      0       0      27        0.0%
SFR26                0      0       0      27        0.0%
BITSFR27             0      0       0      28        0.0%
SFR27                0      0       0      28        0.0%
DATA                 0      0       A      28        0.0%
BANK11              50      0       0      29        0.0%
BITSFR28             0      0       0      29        0.0%
SFR28                0      0       0      29        0.0%
BITBANK12           50      0       0      30        0.0%
BITSFR29             0      0       0      30        0.0%
SFR29                0      0       0      30        0.0%
BANK12              50      0       0      31        0.0%
BITSFR30             0      0       0      31        0.0%
SFR30                0      0       0      31        0.0%
BITBANK13           50      0       0      32        0.0%
BITSFR31             0      0       0      32        0.0%
SFR31                0      0       0      32        0.0%
BANK13              50      0       0      33        0.0%
BITBANK14           50      0       0      34        0.0%
BANK14              50      0       0      35        0.0%
BITBANK15           50      0       0      36        0.0%
BANK15              50      0       0      37        0.0%
BITBANK16           50      0       0      38        0.0%
BANK16              50      0       0      39        0.0%
BITBANK17           50      0       0      40        0.0%
BANK17              50      0       0      41        0.0%
BITBANK18           50      0       0      42        0.0%
BANK18              50      0       0      43        0.0%
BITBANK19           50      0       0      44        0.0%
BANK19              50      0       0      45        0.0%
BITBANK20           50      0       0      46        0.0%
BANK20              50      0       0      47        0.0%
BITBANK21           50      0       0      48        0.0%
BANK21              50      0       0      49        0.0%
BITBANK22           50      0       0      50        0.0%
BANK22              50      0       0      51        0.0%
BITBANK23           50      0       0      52        0.0%
BANK23              50      0       0      53        0.0%
BITBANK24           50      0       0      54        0.0%
BANK24              50      0       0      55        0.0%
BITBANK25           20      0       0      56        0.0%
BANK25              20      0       0      57        0.0%


Microchip Technology PIC Macro Assembler V2.45 build 20230818022343 
Symbol Table                                                                                   Mon Jan 22 12:24:34 2024

       ??_init_interrupt 0000                       l32 00C4                       l35 00D3  
                     l29 0097                       l57 00CE                       l58 00CE  
                    l780 00C0                      l774 0077                      l782 00C1  
                    l790 00C8                      l784 00C2                      l776 00B7  
                    l792 00CB                      l786 00D1                      l778 00BE  
                    l788 00C5                      _PR2 001B                      _isr 0004  
                    wreg 0009                     ?_isr 0070                     i1l50 0038  
                   i1l51 003C                     i1l43 001C                     i1l52 0069  
                   i1l45 0024                     i1l46 0028                     i1l47 002C  
                   i1l48 0030                     i1l49 0034                     _TMR2 001A  
                   u7_25 009F                     u8_20 00AD                     u8_21 00AC  
                   u9_20 00B5                     u9_21 00B4                     _main 00C5  
                   btemp 007E                     start 006B                    ??_isr 0075  
                  ?_main 0070          __end_of___lbmod 00B7                    i1l346 00AF  
                  i1l348 00B6                    i1l700 00AD                    i1l702 00B5  
                  i1l710 0010                    i1l712 0011                    i1l730 003F  
                  i1l706 0006                    i1l716 001F                    i1l708 000B  
                  i1l734 0041                    i1l824 004E                    i1l736 0068  
                  i1l690 0099                    i1l692 009B                    i1l694 009C  
                  i1l696 00A5                    i1l698 00A7                    u10_20 000B  
                  u10_21 000A                    u11_20 0010                    u11_21 000F  
                  u12_20 001B                    u12_21 001A             ?_init_timer2 0070  
                  status 0003                    wtemp0 007E          __initialization 006D  
           __end_of_main 00D1                   ??_main 0000                   _TMR2IE 0489  
                 _TMR2IF 0089                ??___lbmod 0071             __pdataCOMMON 0079  
        ___lbmod@divisor 0070  __end_of__initialization 0073          ___lbmod@counter 0073  
         __pcstackCOMMON 0070               __pmaintext 00C5               __pintentry 0004  
                ___lbmod 0098                  __ptext1 00B7                  __ptext2 0077  
                __ptext3 00D1                  __ptext5 0098                _T2CONbits 001C  
      __end_of_init_leds 0098     end_of_initialization 0073               _nombreLeds 0079  
       ___lbmod@dividend 0072                _TRISBbits 008D                _TRISDbits 008F  
            ___lbmod@rem 0074            __pidataCOMMON 00D4      start_initialization 006D  
            __end_of_isr 006B            ??_init_timer2 0000              __pbssCOMMON 0077  
              ___latbits 0003            __pcstackBANK0 0000           _init_interrupt 00D1  
               ?___lbmod 0070   __end_of_init_interrupt 00D4                _init_leds 0077  
    __end_of_init_timer2 00C5                 _LATBbits 010D                 _LATDbits 010F  
        ?_init_interrupt 0070               ?_init_leds 0070              _init_timer2 00B7  
               _compteur 0077    _compteurTimerOverflow 0078                 int$flags 007E  
             _INTCONbits 000B              ??_init_leds 0000                 intlevel1 0000  
