

Microchip MPLAB XC8 Assembler V2.45 build 20230818022343 
                                                                                               Tue Feb 20 11:38:50 2024

Microchip MPLAB XC8 C Compiler v2.45 (Free license) build 20230818022343 Og1 
     1                           	processor	16F1719
     2                           	pagewidth 120
     3                           	opt	flic
     4                           	psect	idataCOMMON,global,class=CODE,delta=2,noexec
     5                           	psect	cinit,global,class=CODE,merge=1,delta=2
     6                           	psect	bssCOMMON,global,class=COMMON,space=1,delta=1,noexec
     7                           	psect	dataCOMMON,global,class=COMMON,space=1,delta=1,noexec
     8                           	psect	cstackCOMMON,global,class=COMMON,space=1,delta=1,noexec
     9                           	psect	cstackBANK0,global,class=BANK0,space=1,delta=1,noexec
    10                           	psect	maintext,global,class=CODE,merge=1,split=1,delta=2
    11                           	psect	text1,local,class=CODE,merge=1,delta=2
    12                           	psect	text2,local,class=CODE,merge=1,delta=2
    13                           	psect	text3,local,class=CODE,merge=1,delta=2
    14                           	psect	text4,local,class=CODE,merge=1,delta=2
    15                           	psect	intentry,global,class=CODE,delta=2
    16                           	psect	text6,local,class=CODE,merge=1,delta=2,group=1
    17                           	psect	config,global,abs,ovrld,class=CONFIG,space=4,delta=2,noexec
    18                           	dabs	1,0x7E,2
    19     0000                     
    20                           ; Generated 06/07/2023 GMT
    21                           ; 
    22                           ; Copyright © 2023, Microchip Technology Inc. and its subsidiaries ("Microchip")
    23                           ; All rights reserved.
    24                           ; 
    25                           ; This software is developed by Microchip Technology Inc. and its subsidiaries ("Microch
      +                          ip").
    26                           ; 
    27                           ; Redistribution and use in source and binary forms, with or without modification, are
    28                           ; permitted provided that the following conditions are met:
    29                           ; 
    30                           ;     1. Redistributions of source code must retain the above copyright notice, this lis
      +                          t of
    31                           ;        conditions and the following disclaimer.
    32                           ; 
    33                           ;     2. Redistributions in binary form must reproduce the above copyright notice, this 
      +                          list
    34                           ;        of conditions and the following disclaimer in the documentation and/or other
    35                           ;        materials provided with the distribution. Publication is not required when
    36                           ;        this file is used in an embedded application.
    37                           ; 
    38                           ;     3. Microchip's name may not be used to endorse or promote products derived from th
      +                          is
    39                           ;        software without specific prior written permission.
    40                           ; 
    41                           ; THIS SOFTWARE IS PROVIDED BY MICROCHIP "AS IS" AND ANY EXPRESS OR IMPLIED WARRANTIES,
    42                           ; INCLUDING, BUT NOT LIMITED TO, THE IMPLIED WARRANTIES OF MERCHANTABILITY AND FITNESS F
      +                          OR
    43                           ; PURPOSE ARE DISCLAIMED.  IN NO EVENT SHALL MICROCHIP BE LIABLE FOR ANY DIRECT, INDIREC
      +                          T,
    44                           ; INCIDENTAL, SPECIAL, EXEMPLARY, OR CONSEQUENTIAL DAMAGES (INCLUDING BUT NOT LIMITED TO
    45                           ; PROCUREMENT OF SUBSTITUTE GOODS OR SERVICES; LOSS OF USE, DATA OR PROFITS; OR BUSINESS
    46                           ; INTERRUPTION) HOWSOEVER CAUSED AND ON ANY THEORY OF LIABILITY, WHETHER IN CONTRACT, ST
      +                          RICT
    47                           ; LIABILITY, OR TORT (INCLUDING NEGLIGENCE OR OTHERWISE) ARISING IN ANY WAY OUT OF THE U
      +                          SE OF
    48                           ; THIS SOFTWARE, EVEN IF ADVISED OF THE POSSIBILITY OF SUCH DAMAGE.
    49                           ; 
    50                           ; 
    51                           ; Code-generator required, PIC16F1719 Definitions
    52                           ; 
    53                           ; SFR Addresses
    54     0000                     	;# 
    55     0001                     	;# 
    56     0002                     	;# 
    57     0003                     	;# 
    58     0004                     	;# 
    59     0005                     	;# 
    60     0006                     	;# 
    61     0007                     	;# 
    62     0008                     	;# 
    63     0009                     	;# 
    64     000A                     	;# 
    65     000B                     	;# 
    66     000C                     	;# 
    67     000D                     	;# 
    68     000E                     	;# 
    69     000F                     	;# 
    70     0010                     	;# 
    71     0011                     	;# 
    72     0012                     	;# 
    73     0013                     	;# 
    74     0015                     	;# 
    75     0016                     	;# 
    76     0016                     	;# 
    77     0017                     	;# 
    78     0018                     	;# 
    79     0019                     	;# 
    80     001A                     	;# 
    81     001B                     	;# 
    82     001C                     	;# 
    83     008C                     	;# 
    84     008D                     	;# 
    85     008E                     	;# 
    86     008F                     	;# 
    87     0090                     	;# 
    88     0091                     	;# 
    89     0092                     	;# 
    90     0093                     	;# 
    91     0095                     	;# 
    92     0096                     	;# 
    93     0097                     	;# 
    94     0098                     	;# 
    95     0099                     	;# 
    96     009A                     	;# 
    97     009B                     	;# 
    98     009B                     	;# 
    99     009C                     	;# 
   100     009D                     	;# 
   101     009E                     	;# 
   102     009F                     	;# 
   103     010C                     	;# 
   104     010D                     	;# 
   105     010E                     	;# 
   106     010F                     	;# 
   107     0110                     	;# 
   108     0111                     	;# 
   109     0112                     	;# 
   110     0113                     	;# 
   111     0114                     	;# 
   112     0115                     	;# 
   113     0116                     	;# 
   114     0117                     	;# 
   115     0118                     	;# 
   116     0119                     	;# 
   117     011A                     	;# 
   118     011B                     	;# 
   119     011B                     	;# 
   120     011C                     	;# 
   121     018C                     	;# 
   122     018D                     	;# 
   123     018E                     	;# 
   124     018F                     	;# 
   125     0190                     	;# 
   126     0191                     	;# 
   127     0191                     	;# 
   128     0192                     	;# 
   129     0193                     	;# 
   130     0193                     	;# 
   131     0194                     	;# 
   132     0195                     	;# 
   133     0196                     	;# 
   134     0197                     	;# 
   135     0199                     	;# 
   136     0199                     	;# 
   137     0199                     	;# 
   138     019A                     	;# 
   139     019A                     	;# 
   140     019A                     	;# 
   141     019B                     	;# 
   142     019B                     	;# 
   143     019B                     	;# 
   144     019B                     	;# 
   145     019B                     	;# 
   146     019C                     	;# 
   147     019C                     	;# 
   148     019C                     	;# 
   149     019D                     	;# 
   150     019D                     	;# 
   151     019D                     	;# 
   152     019E                     	;# 
   153     019E                     	;# 
   154     019E                     	;# 
   155     019F                     	;# 
   156     019F                     	;# 
   157     019F                     	;# 
   158     019F                     	;# 
   159     019F                     	;# 
   160     020C                     	;# 
   161     020D                     	;# 
   162     020E                     	;# 
   163     020F                     	;# 
   164     0210                     	;# 
   165     0211                     	;# 
   166     0211                     	;# 
   167     0212                     	;# 
   168     0212                     	;# 
   169     0213                     	;# 
   170     0213                     	;# 
   171     0214                     	;# 
   172     0214                     	;# 
   173     0215                     	;# 
   174     0215                     	;# 
   175     0215                     	;# 
   176     0215                     	;# 
   177     0216                     	;# 
   178     0216                     	;# 
   179     0217                     	;# 
   180     0217                     	;# 
   181     028C                     	;# 
   182     028D                     	;# 
   183     028E                     	;# 
   184     028F                     	;# 
   185     0290                     	;# 
   186     0291                     	;# 
   187     0291                     	;# 
   188     0292                     	;# 
   189     0293                     	;# 
   190     0293                     	;# 
   191     0298                     	;# 
   192     0298                     	;# 
   193     0299                     	;# 
   194     029A                     	;# 
   195     029A                     	;# 
   196     029E                     	;# 
   197     030C                     	;# 
   198     030D                     	;# 
   199     030E                     	;# 
   200     030F                     	;# 
   201     0310                     	;# 
   202     038C                     	;# 
   203     038D                     	;# 
   204     038E                     	;# 
   205     038F                     	;# 
   206     0390                     	;# 
   207     0391                     	;# 
   208     0392                     	;# 
   209     0393                     	;# 
   210     0394                     	;# 
   211     0395                     	;# 
   212     0396                     	;# 
   213     0397                     	;# 
   214     0398                     	;# 
   215     0399                     	;# 
   216     039D                     	;# 
   217     039E                     	;# 
   218     039F                     	;# 
   219     0415                     	;# 
   220     0416                     	;# 
   221     0417                     	;# 
   222     041C                     	;# 
   223     041D                     	;# 
   224     041E                     	;# 
   225     0498                     	;# 
   226     0498                     	;# 
   227     0499                     	;# 
   228     049A                     	;# 
   229     049B                     	;# 
   230     049B                     	;# 
   231     049C                     	;# 
   232     049D                     	;# 
   233     049E                     	;# 
   234     049F                     	;# 
   235     0511                     	;# 
   236     0515                     	;# 
   237     0617                     	;# 
   238     0618                     	;# 
   239     0619                     	;# 
   240     0619                     	;# 
   241     061A                     	;# 
   242     061B                     	;# 
   243     061C                     	;# 
   244     061C                     	;# 
   245     0691                     	;# 
   246     0692                     	;# 
   247     0693                     	;# 
   248     0694                     	;# 
   249     0695                     	;# 
   250     0696                     	;# 
   251     0697                     	;# 
   252     0698                     	;# 
   253     0699                     	;# 
   254     069A                     	;# 
   255     069B                     	;# 
   256     069C                     	;# 
   257     069D                     	;# 
   258     069E                     	;# 
   259     069F                     	;# 
   260     0E0F                     	;# 
   261     0E10                     	;# 
   262     0E11                     	;# 
   263     0E12                     	;# 
   264     0E13                     	;# 
   265     0E14                     	;# 
   266     0E15                     	;# 
   267     0E17                     	;# 
   268     0E20                     	;# 
   269     0E21                     	;# 
   270     0E22                     	;# 
   271     0E24                     	;# 
   272     0E25                     	;# 
   273     0E28                     	;# 
   274     0E29                     	;# 
   275     0E2A                     	;# 
   276     0E2B                     	;# 
   277     0E90                     	;# 
   278     0E91                     	;# 
   279     0E92                     	;# 
   280     0E93                     	;# 
   281     0E94                     	;# 
   282     0E95                     	;# 
   283     0E96                     	;# 
   284     0E97                     	;# 
   285     0E98                     	;# 
   286     0E99                     	;# 
   287     0E9A                     	;# 
   288     0E9B                     	;# 
   289     0E9C                     	;# 
   290     0E9D                     	;# 
   291     0E9E                     	;# 
   292     0E9F                     	;# 
   293     0EA0                     	;# 
   294     0EA1                     	;# 
   295     0EA2                     	;# 
   296     0EA3                     	;# 
   297     0EA4                     	;# 
   298     0EA5                     	;# 
   299     0EA6                     	;# 
   300     0EA7                     	;# 
   301     0EA8                     	;# 
   302     0EA9                     	;# 
   303     0EAA                     	;# 
   304     0EAB                     	;# 
   305     0EAC                     	;# 
   306     0EAD                     	;# 
   307     0EAE                     	;# 
   308     0EAF                     	;# 
   309     0EB0                     	;# 
   310     0EB1                     	;# 
   311     0EB2                     	;# 
   312     0F0F                     	;# 
   313     0F10                     	;# 
   314     0F11                     	;# 
   315     0F12                     	;# 
   316     0F13                     	;# 
   317     0F14                     	;# 
   318     0F15                     	;# 
   319     0F16                     	;# 
   320     0F17                     	;# 
   321     0F18                     	;# 
   322     0F19                     	;# 
   323     0F1A                     	;# 
   324     0F1B                     	;# 
   325     0F1C                     	;# 
   326     0F1D                     	;# 
   327     0F1E                     	;# 
   328     0F1F                     	;# 
   329     0F20                     	;# 
   330     0F21                     	;# 
   331     0F22                     	;# 
   332     0F23                     	;# 
   333     0F24                     	;# 
   334     0F25                     	;# 
   335     0F26                     	;# 
   336     0F27                     	;# 
   337     0F28                     	;# 
   338     0F29                     	;# 
   339     0F2A                     	;# 
   340     0F2B                     	;# 
   341     0F2C                     	;# 
   342     0F2D                     	;# 
   343     0F2E                     	;# 
   344     0F2F                     	;# 
   345     0F30                     	;# 
   346     0F31                     	;# 
   347     0F32                     	;# 
   348     0F33                     	;# 
   349     0F34                     	;# 
   350     0F35                     	;# 
   351     0F36                     	;# 
   352     0F37                     	;# 
   353     0FE4                     	;# 
   354     0FE5                     	;# 
   355     0FE6                     	;# 
   356     0FE7                     	;# 
   357     0FE8                     	;# 
   358     0FE9                     	;# 
   359     0FEA                     	;# 
   360     0FEB                     	;# 
   361     0FED                     	;# 
   362     0FEE                     	;# 
   363     0FEF                     	;# 
   364                           
   365                           	psect	idataCOMMON
   366     0103                     __pidataCOMMON:
   367                           
   368                           ;initializer for _nombreLeds
   369     0103  3404               	retlw	4
   370     0011                     _PIR1bits	set	17
   371     000B                     _INTCONbits	set	11
   372     001A                     _TMR2	set	26
   373     001B                     _PR2	set	27
   374     001C                     _T2CONbits	set	28
   375     0089                     _TMR2IF	set	137
   376     0091                     _PIE1bits	set	145
   377     008D                     _TRISBbits	set	141
   378     008F                     _TRISDbits	set	143
   379     0489                     _TMR2IE	set	1161
   380     010D                     _LATBbits	set	269
   381     010F                     _LATDbits	set	271
   382                           
   383                           	psect	cinit
   384     0051                     start_initialization:	
   385                           ; #config settings
   386                           
   387     0051                     __initialization:
   388                           
   389                           ; Initialize objects allocated to COMMON
   390     0051  3181  2103  3180   	fcall	__pidataCOMMON	;fetch initializer
   391     0054  00F9               	movwf	__pdataCOMMON& (0+127)
   392                           
   393                           ; Clear objects allocated to COMMON
   394     0055  01F7               	clrf	__pbssCOMMON& (0+127)
   395     0056  01F8               	clrf	(__pbssCOMMON+1)& (0+127)
   396     0057                     end_of_initialization:	
   397                           ;End of C runtime variable initialization code
   398                           
   399     0057                     __end_of__initialization:
   400     0057  107E               	bcf	int$flags,0	;clear compiler interrupt flag (level 1)
   401     0058  0020               	movlb	0
   402     0059  3180  285B         	ljmp	_main	;jump to C main() function
   403                           
   404                           	psect	bssCOMMON
   405     0077                     __pbssCOMMON:
   406     0077                     _compteur:
   407     0077                     	ds	1
   408     0078                     _compteurTimerOverflow:
   409     0078                     	ds	1
   410                           
   411                           	psect	dataCOMMON
   412     0079                     __pdataCOMMON:
   413     0079                     _nombreLeds:
   414     0079                     	ds	1
   415                           
   416                           	psect	cstackCOMMON
   417     0070                     __pcstackCOMMON:
   418     0070                     ?_init_leds:
   419     0070                     ?_init_timer:	
   420                           ; 1 bytes @ 0x0
   421                           
   422     0070                     ?_init_interrupt:	
   423                           ; 1 bytes @ 0x0
   424                           
   425     0070                     ?_isr:	
   426                           ; 1 bytes @ 0x0
   427                           
   428     0070                     ?_main:	
   429                           ; 1 bytes @ 0x0
   430                           
   431     0070                     ?___lbmod:	
   432                           ; 1 bytes @ 0x0
   433                           
   434     0070                     ___lbmod@divisor:	
   435                           ; 1 bytes @ 0x0
   436                           
   437                           
   438                           ; 1 bytes @ 0x0
   439     0070                     	ds	1
   440     0071                     ??___lbmod:
   441                           
   442                           ; 1 bytes @ 0x1
   443     0071                     	ds	1
   444     0072                     ___lbmod@dividend:
   445                           
   446                           ; 1 bytes @ 0x2
   447     0072                     	ds	1
   448     0073                     ___lbmod@counter:
   449                           
   450                           ; 1 bytes @ 0x3
   451     0073                     	ds	1
   452     0074                     ___lbmod@rem:
   453                           
   454                           ; 1 bytes @ 0x4
   455     0074                     	ds	1
   456     0075                     ??_isr:
   457                           
   458                           ; 1 bytes @ 0x5
   459     0075                     	ds	2
   460                           
   461                           	psect	cstackBANK0
   462     0020                     __pcstackBANK0:
   463     0020                     ??_init_leds:
   464     0020                     ??_init_timer:	
   465                           ; 1 bytes @ 0x0
   466                           
   467     0020                     ??_init_interrupt:	
   468                           ; 1 bytes @ 0x0
   469                           
   470     0020                     ?_delay_ms:	
   471                           ; 1 bytes @ 0x0
   472                           
   473     0020                     delay_ms@milliseconds:	
   474                           ; 1 bytes @ 0x0
   475                           
   476                           
   477                           ; 2 bytes @ 0x0
   478     0020                     	ds	2
   479     0022                     ??_delay_ms:
   480                           
   481                           ; 1 bytes @ 0x2
   482     0022                     	ds	1
   483     0023                     delay_ms@i:
   484                           
   485                           ; 2 bytes @ 0x3
   486     0023                     	ds	2
   487     0025                     ??_main:
   488                           
   489                           	psect	maintext
   490     005B                     __pmaintext:	
   491                           ; 1 bytes @ 0x5
   492 ;;
   493 ;;Main: autosize = 0, tempsize = 0, incstack = 0, save=0
   494 ;;
   495 ;; *************** function _main *****************
   496 ;; Defined at:
   497 ;;		line 113 in file "main.c"
   498 ;; Parameters:    Size  Location     Type
   499 ;;		None
   500 ;; Auto vars:     Size  Location     Type
   501 ;;		None
   502 ;; Return value:  Size  Location     Type
   503 ;;                  1    wreg      void 
   504 ;; Registers used:
   505 ;;		wreg, status,2, status,0, pclath, cstack
   506 ;; Tracked objects:
   507 ;;		On entry : B1F/0
   508 ;;		On exit  : 0/0
   509 ;;		Unchanged: 0/0
   510 ;; Data sizes:     COMMON   BANK0   BANK1   BANK2   BANK3   BANK4   BANK5   BANK6   BANK7   BANK8   BANK9  BANK10  BANK1
      +1  BANK12  BANK13  BANK14  BANK15  BANK16  BANK17  BANK18  BANK19  BANK20  BANK21  BANK22  BANK23  BANK24  BANK25
   511 ;;      Params:         0       0       0       0       0       0       0       0       0       0       0       0       
      +0       0       0       0       0       0       0       0       0       0       0       0       0       0       0
   512 ;;      Locals:         0       0       0       0       0       0       0       0       0       0       0       0       
      +0       0       0       0       0       0       0       0       0       0       0       0       0       0       0
   513 ;;      Temps:          0       0       0       0       0       0       0       0       0       0       0       0       
      +0       0       0       0       0       0       0       0       0       0       0       0       0       0       0
   514 ;;      Totals:         0       0       0       0       0       0       0       0       0       0       0       0       
      +0       0       0       0       0       0       0       0       0       0       0       0       0       0       0
   515 ;;Total ram usage:        0 bytes
   516 ;; Hardware stack levels required when called: 3
   517 ;; This function calls:
   518 ;;		_delay_ms
   519 ;;		_init_interrupt
   520 ;;		_init_leds
   521 ;;		_init_timer
   522 ;; This function is called by:
   523 ;;		Startup code after reset
   524 ;; This function uses a non-reentrant model
   525 ;;
   526                           
   527     005B                     _main:	
   528                           ;psect for function _main
   529                           
   530     005B                     l822:	
   531                           ;incstack = 0
   532                           ; Regs used in _main: [wreg+status,2+status,0+pclath+cstack]
   533                           
   534                           
   535                           ;main.c: 115:     init_leds();
   536     005B  3180  2093  3180   	fcall	_init_leds
   537     005E                     l824:
   538                           
   539                           ;main.c: 116:     init_timer();
   540     005E  3180  20F0  3180   	fcall	_init_timer
   541     0061                     l826:
   542                           
   543                           ;main.c: 117:     init_interrupt();
   544     0061  3180  20FC  3180   	fcall	_init_interrupt
   545     0064                     l828:
   546                           
   547                           ;main.c: 121:     LATBbits.LATB3 = 1;
   548     0064  0022               	movlb	2	; select bank2
   549     0065  158D               	bsf	13,3	;volatile
   550     0066                     l830:
   551                           
   552                           ;main.c: 122:     LATBbits.LATB0 = 0;
   553     0066  100D               	bcf	13,0	;volatile
   554                           
   555                           ;main.c: 123:     delay_ms(1000);
   556     0067  30E8               	movlw	232
   557     0068  0020               	movlb	0	; select bank0
   558     0069  00A0               	movwf	delay_ms@milliseconds
   559     006A  3003               	movlw	3
   560     006B  00A1               	movwf	delay_ms@milliseconds+1
   561     006C  3180  20D3  3180   	fcall	_delay_ms
   562     006F                     l832:
   563                           
   564                           ;main.c: 125:     LATBbits.LATB2 = 1;
   565     006F  0022               	movlb	2	; select bank2
   566     0070  150D               	bsf	13,2	;volatile
   567     0071                     l834:
   568                           
   569                           ;main.c: 126:     LATBbits.LATB3 = 0;
   570     0071  118D               	bcf	13,3	;volatile
   571                           
   572                           ;main.c: 127:     delay_ms(1000);
   573     0072  30E8               	movlw	232
   574     0073  0020               	movlb	0	; select bank0
   575     0074  00A0               	movwf	delay_ms@milliseconds
   576     0075  3003               	movlw	3
   577     0076  00A1               	movwf	delay_ms@milliseconds+1
   578     0077  3180  20D3  3180   	fcall	_delay_ms
   579     007A                     l836:
   580                           
   581                           ;main.c: 129:     LATBbits.LATB1 = 1;
   582     007A  0022               	movlb	2	; select bank2
   583     007B  148D               	bsf	13,1	;volatile
   584     007C                     l838:
   585                           
   586                           ;main.c: 130:     LATBbits.LATB2 = 0;
   587     007C  110D               	bcf	13,2	;volatile
   588                           
   589                           ;main.c: 131:     delay_ms(1000);
   590     007D  30E8               	movlw	232
   591     007E  0020               	movlb	0	; select bank0
   592     007F  00A0               	movwf	delay_ms@milliseconds
   593     0080  3003               	movlw	3
   594     0081  00A1               	movwf	delay_ms@milliseconds+1
   595     0082  3180  20D3  3180   	fcall	_delay_ms
   596     0085                     l840:
   597                           
   598                           ;main.c: 133:     LATBbits.LATB0 = 1;
   599     0085  0022               	movlb	2	; select bank2
   600     0086  140D               	bsf	13,0	;volatile
   601     0087                     l842:
   602                           
   603                           ;main.c: 134:     LATBbits.LATB1 = 0;
   604     0087  108D               	bcf	13,1	;volatile
   605                           
   606                           ;main.c: 135:     delay_ms(1000);
   607     0088  30E8               	movlw	232
   608     0089  0020               	movlb	0	; select bank0
   609     008A  00A0               	movwf	delay_ms@milliseconds
   610     008B  3003               	movlw	3
   611     008C  00A1               	movwf	delay_ms@milliseconds+1
   612     008D  3180  20D3  3180   	fcall	_delay_ms
   613     0090  2864               	goto	l828
   614     0091  3180  284F         	ljmp	start
   615     0093                     __end_of_main:
   616                           
   617                           	psect	text1
   618     00F0                     __ptext1:	
   619 ;; *************** function _init_timer *****************
   620 ;; Defined at:
   621 ;;		line 52 in file "main.c"
   622 ;; Parameters:    Size  Location     Type
   623 ;;		None
   624 ;; Auto vars:     Size  Location     Type
   625 ;;		None
   626 ;; Return value:  Size  Location     Type
   627 ;;                  1    wreg      void 
   628 ;; Registers used:
   629 ;;		wreg, status,2, status,0
   630 ;; Tracked objects:
   631 ;;		On entry : 0/0
   632 ;;		On exit  : 0/0
   633 ;;		Unchanged: 0/0
   634 ;; Data sizes:     COMMON   BANK0   BANK1   BANK2   BANK3   BANK4   BANK5   BANK6   BANK7   BANK8   BANK9  BANK10  BANK1
      +1  BANK12  BANK13  BANK14  BANK15  BANK16  BANK17  BANK18  BANK19  BANK20  BANK21  BANK22  BANK23  BANK24  BANK25
   635 ;;      Params:         0       0       0       0       0       0       0       0       0       0       0       0       
      +0       0       0       0       0       0       0       0       0       0       0       0       0       0       0
   636 ;;      Locals:         0       0       0       0       0       0       0       0       0       0       0       0       
      +0       0       0       0       0       0       0       0       0       0       0       0       0       0       0
   637 ;;      Temps:          0       0       0       0       0       0       0       0       0       0       0       0       
      +0       0       0       0       0       0       0       0       0       0       0       0       0       0       0
   638 ;;      Totals:         0       0       0       0       0       0       0       0       0       0       0       0       
      +0       0       0       0       0       0       0       0       0       0       0       0       0       0       0
   639 ;;Total ram usage:        0 bytes
   640 ;; Hardware stack levels used: 1
   641 ;; Hardware stack levels required when called: 2
   642 ;; This function calls:
   643 ;;		Nothing
   644 ;; This function is called by:
   645 ;;		_main
   646 ;; This function uses a non-reentrant model
   647 ;;
   648                           
   649     00F0                     _init_timer:	
   650                           ;psect for function _init_timer
   651                           
   652     00F0                     l812:	
   653                           ;incstack = 0
   654                           ; Regs used in _init_timer: [wreg+status,2+status,0]
   655                           
   656                           
   657                           ;main.c: 54:     T2CONbits.T2CKPS = 2;
   658     00F0  0020               	movlb	0	; select bank0
   659     00F1  081C               	movf	28,w	;volatile
   660     00F2  39FC               	andlw	-4
   661     00F3  3802               	iorlw	2
   662     00F4  009C               	movwf	28	;volatile
   663                           
   664                           ;main.c: 55:     T2CONbits.T2OUTPS = 0;
   665     00F5  3087               	movlw	-121
   666     00F6  059C               	andwf	28,f	;volatile
   667     00F7                     l814:
   668                           
   669                           ;main.c: 56:     PR2 = 124;
   670     00F7  307C               	movlw	124
   671     00F8  009B               	movwf	27	;volatile
   672     00F9                     l816:
   673                           
   674                           ;main.c: 57:     T2CONbits.TMR2ON = 1;
   675     00F9  151C               	bsf	28,2	;volatile
   676     00FA                     l818:
   677                           
   678                           ;main.c: 58:     TMR2 = 0;
   679     00FA  019A               	clrf	26	;volatile
   680     00FB                     l38:
   681     00FB  0008               	return
   682     00FC                     __end_of_init_timer:
   683                           
   684                           	psect	text2
   685     0093                     __ptext2:	
   686 ;; *************** function _init_leds *****************
   687 ;; Defined at:
   688 ;;		line 33 in file "main.c"
   689 ;; Parameters:    Size  Location     Type
   690 ;;		None
   691 ;; Auto vars:     Size  Location     Type
   692 ;;		None
   693 ;; Return value:  Size  Location     Type
   694 ;;                  1    wreg      void 
   695 ;; Registers used:
   696 ;;		None
   697 ;; Tracked objects:
   698 ;;		On entry : 0/0
   699 ;;		On exit  : 0/0
   700 ;;		Unchanged: 0/0
   701 ;; Data sizes:     COMMON   BANK0   BANK1   BANK2   BANK3   BANK4   BANK5   BANK6   BANK7   BANK8   BANK9  BANK10  BANK1
      +1  BANK12  BANK13  BANK14  BANK15  BANK16  BANK17  BANK18  BANK19  BANK20  BANK21  BANK22  BANK23  BANK24  BANK25
   702 ;;      Params:         0       0       0       0       0       0       0       0       0       0       0       0       
      +0       0       0       0       0       0       0       0       0       0       0       0       0       0       0
   703 ;;      Locals:         0       0       0       0       0       0       0       0       0       0       0       0       
      +0       0       0       0       0       0       0       0       0       0       0       0       0       0       0
   704 ;;      Temps:          0       0       0       0       0       0       0       0       0       0       0       0       
      +0       0       0       0       0       0       0       0       0       0       0       0       0       0       0
   705 ;;      Totals:         0       0       0       0       0       0       0       0       0       0       0       0       
      +0       0       0       0       0       0       0       0       0       0       0       0       0       0       0
   706 ;;Total ram usage:        0 bytes
   707 ;; Hardware stack levels used: 1
   708 ;; Hardware stack levels required when called: 2
   709 ;; This function calls:
   710 ;;		Nothing
   711 ;; This function is called by:
   712 ;;		_main
   713 ;; This function uses a non-reentrant model
   714 ;;
   715                           
   716     0093                     _init_leds:	
   717                           ;psect for function _init_leds
   718                           
   719     0093                     l810:	
   720                           ;incstack = 0
   721                           ; Regs used in _init_leds: []
   722                           
   723                           
   724                           ;main.c: 34:     TRISDbits.TRISD0 = 0;
   725     0093  0021               	movlb	1	; select bank1
   726     0094  100F               	bcf	15,0	;volatile
   727                           
   728                           ;main.c: 35:     LATDbits.LATD0 = 0;
   729     0095  0022               	movlb	2	; select bank2
   730     0096  100F               	bcf	15,0	;volatile
   731                           
   732                           ;main.c: 36:     TRISDbits.TRISD1 = 0;
   733     0097  0021               	movlb	1	; select bank1
   734     0098  108F               	bcf	15,1	;volatile
   735                           
   736                           ;main.c: 37:     LATDbits.LATD1 = 0;
   737     0099  0022               	movlb	2	; select bank2
   738     009A  108F               	bcf	15,1	;volatile
   739                           
   740                           ;main.c: 38:     TRISDbits.TRISD2 = 0;
   741     009B  0021               	movlb	1	; select bank1
   742     009C  110F               	bcf	15,2	;volatile
   743                           
   744                           ;main.c: 39:     LATDbits.LATD2 = 0;
   745     009D  0022               	movlb	2	; select bank2
   746     009E  110F               	bcf	15,2	;volatile
   747                           
   748                           ;main.c: 40:     TRISDbits.TRISD3 = 0;
   749     009F  0021               	movlb	1	; select bank1
   750     00A0  118F               	bcf	15,3	;volatile
   751                           
   752                           ;main.c: 41:     LATDbits.LATD3 = 0;
   753     00A1  0022               	movlb	2	; select bank2
   754     00A2  118F               	bcf	15,3	;volatile
   755                           
   756                           ;main.c: 42:     TRISBbits.TRISB0 = 0;
   757     00A3  0021               	movlb	1	; select bank1
   758     00A4  100D               	bcf	13,0	;volatile
   759                           
   760                           ;main.c: 43:     LATBbits.LATB0 = 0;
   761     00A5  0022               	movlb	2	; select bank2
   762     00A6  100D               	bcf	13,0	;volatile
   763                           
   764                           ;main.c: 44:     TRISBbits.TRISB1 = 0;
   765     00A7  0021               	movlb	1	; select bank1
   766     00A8  108D               	bcf	13,1	;volatile
   767                           
   768                           ;main.c: 45:     LATBbits.LATB1 = 0;
   769     00A9  0022               	movlb	2	; select bank2
   770     00AA  108D               	bcf	13,1	;volatile
   771                           
   772                           ;main.c: 46:     TRISBbits.TRISB2 = 0;
   773     00AB  0021               	movlb	1	; select bank1
   774     00AC  110D               	bcf	13,2	;volatile
   775                           
   776                           ;main.c: 47:     LATBbits.LATB2 = 0;
   777     00AD  0022               	movlb	2	; select bank2
   778     00AE  110D               	bcf	13,2	;volatile
   779                           
   780                           ;main.c: 48:     TRISBbits.TRISB3 = 0;
   781     00AF  0021               	movlb	1	; select bank1
   782     00B0  118D               	bcf	13,3	;volatile
   783                           
   784                           ;main.c: 49:     LATBbits.LATB3 = 0;
   785     00B1  0022               	movlb	2	; select bank2
   786     00B2  118D               	bcf	13,3	;volatile
   787     00B3                     l35:
   788     00B3  0008               	return
   789     00B4                     __end_of_init_leds:
   790                           
   791                           	psect	text3
   792     00FC                     __ptext3:	
   793 ;; *************** function _init_interrupt *****************
   794 ;; Defined at:
   795 ;;		line 61 in file "main.c"
   796 ;; Parameters:    Size  Location     Type
   797 ;;		None
   798 ;; Auto vars:     Size  Location     Type
   799 ;;		None
   800 ;; Return value:  Size  Location     Type
   801 ;;                  1    wreg      void 
   802 ;; Registers used:
   803 ;;		None
   804 ;; Tracked objects:
   805 ;;		On entry : 0/0
   806 ;;		On exit  : 0/0
   807 ;;		Unchanged: 0/0
   808 ;; Data sizes:     COMMON   BANK0   BANK1   BANK2   BANK3   BANK4   BANK5   BANK6   BANK7   BANK8   BANK9  BANK10  BANK1
      +1  BANK12  BANK13  BANK14  BANK15  BANK16  BANK17  BANK18  BANK19  BANK20  BANK21  BANK22  BANK23  BANK24  BANK25
   809 ;;      Params:         0       0       0       0       0       0       0       0       0       0       0       0       
      +0       0       0       0       0       0       0       0       0       0       0       0       0       0       0
   810 ;;      Locals:         0       0       0       0       0       0       0       0       0       0       0       0       
      +0       0       0       0       0       0       0       0       0       0       0       0       0       0       0
   811 ;;      Temps:          0       0       0       0       0       0       0       0       0       0       0       0       
      +0       0       0       0       0       0       0       0       0       0       0       0       0       0       0
   812 ;;      Totals:         0       0       0       0       0       0       0       0       0       0       0       0       
      +0       0       0       0       0       0       0       0       0       0       0       0       0       0       0
   813 ;;Total ram usage:        0 bytes
   814 ;; Hardware stack levels used: 1
   815 ;; Hardware stack levels required when called: 2
   816 ;; This function calls:
   817 ;;		Nothing
   818 ;; This function is called by:
   819 ;;		_main
   820 ;; This function uses a non-reentrant model
   821 ;;
   822                           
   823     00FC                     _init_interrupt:	
   824                           ;psect for function _init_interrupt
   825                           
   826     00FC                     l820:	
   827                           ;incstack = 0
   828                           ; Regs used in _init_interrupt: []
   829                           
   830                           
   831                           ;main.c: 62:     INTCONbits.GIE = 1;
   832     00FC  178B               	bsf	11,7	;volatile
   833                           
   834                           ;main.c: 63:     INTCONbits.PEIE = 1;
   835     00FD  170B               	bsf	11,6	;volatile
   836                           
   837                           ;main.c: 64:     PIE1bits.TMR2IE = 1;
   838     00FE  0021               	movlb	1	; select bank1
   839     00FF  1491               	bsf	17,1	;volatile
   840                           
   841                           ;main.c: 65:     PIR1bits.TMR2IF = 1;
   842     0100  0020               	movlb	0	; select bank0
   843     0101  1491               	bsf	17,1	;volatile
   844     0102                     l41:
   845     0102  0008               	return
   846     0103                     __end_of_init_interrupt:
   847                           
   848                           	psect	text4
   849     00D3                     __ptext4:	
   850 ;; *************** function _delay_ms *****************
   851 ;; Defined at:
   852 ;;		line 69 in file "main.c"
   853 ;; Parameters:    Size  Location     Type
   854 ;;  milliseconds    2    0[BANK0 ] unsigned int 
   855 ;; Auto vars:     Size  Location     Type
   856 ;;  i               2    3[BANK0 ] unsigned int 
   857 ;; Return value:  Size  Location     Type
   858 ;;                  1    wreg      void 
   859 ;; Registers used:
   860 ;;		wreg, status,2
   861 ;; Tracked objects:
   862 ;;		On entry : 0/0
   863 ;;		On exit  : 0/0
   864 ;;		Unchanged: 0/0
   865 ;; Data sizes:     COMMON   BANK0   BANK1   BANK2   BANK3   BANK4   BANK5   BANK6   BANK7   BANK8   BANK9  BANK10  BANK1
      +1  BANK12  BANK13  BANK14  BANK15  BANK16  BANK17  BANK18  BANK19  BANK20  BANK21  BANK22  BANK23  BANK24  BANK25
   866 ;;      Params:         0       2       0       0       0       0       0       0       0       0       0       0       
      +0       0       0       0       0       0       0       0       0       0       0       0       0       0       0
   867 ;;      Locals:         0       2       0       0       0       0       0       0       0       0       0       0       
      +0       0       0       0       0       0       0       0       0       0       0       0       0       0       0
   868 ;;      Temps:          0       1       0       0       0       0       0       0       0       0       0       0       
      +0       0       0       0       0       0       0       0       0       0       0       0       0       0       0
   869 ;;      Totals:         0       5       0       0       0       0       0       0       0       0       0       0       
      +0       0       0       0       0       0       0       0       0       0       0       0       0       0       0
   870 ;;Total ram usage:        5 bytes
   871 ;; Hardware stack levels used: 1
   872 ;; Hardware stack levels required when called: 2
   873 ;; This function calls:
   874 ;;		Nothing
   875 ;; This function is called by:
   876 ;;		_main
   877 ;; This function uses a non-reentrant model
   878 ;;
   879                           
   880     00D3                     _delay_ms:	
   881                           ;psect for function _delay_ms
   882                           
   883     00D3                     l708:	
   884                           ;incstack = 0
   885                           ; Regs used in _delay_ms: [wreg+status,2]
   886                           
   887                           
   888                           ;main.c: 70:     for (unsigned int i = 0; i < milliseconds; i++) {
   889     00D3  0020               	movlb	0	; select bank0
   890     00D4  01A3               	clrf	delay_ms@i
   891     00D5  01A4               	clrf	delay_ms@i+1
   892     00D6  28E5               	goto	l44
   893     00D7                     l710:
   894                           
   895                           ;main.c: 71:         _delay((unsigned long)((1)*(8000000/4000.0)));
   896     00D7  3003               	movlw	3
   897     00D8  0020               	movlb	0	; select bank0
   898     00D9  00A2               	movwf	??_delay_ms
   899     00DA  3097               	movlw	151
   900     00DB                     u157:
   901     00DB  0B89               	decfsz	9,f
   902     00DC  28DB               	goto	u157
   903     00DD  0BA2               	decfsz	??_delay_ms,f
   904     00DE  28DB               	goto	u157
   905     00DF  3200               	nop2
   906                           
   907                           ;main.c: 72:     }
   908     00E0  3001               	movlw	1
   909     00E1  0020               	movlb	0	; select bank0
   910     00E2  07A3               	addwf	delay_ms@i,f
   911     00E3  3000               	movlw	0
   912     00E4  3DA4               	addwfc	delay_ms@i+1,f
   913     00E5                     l44:
   914     00E5  0821               	movf	delay_ms@milliseconds+1,w
   915     00E6  0224               	subwf	delay_ms@i+1,w
   916     00E7  1D03               	skipz
   917     00E8  28EB               	goto	u85
   918     00E9  0820               	movf	delay_ms@milliseconds,w
   919     00EA  0223               	subwf	delay_ms@i,w
   920     00EB                     u85:
   921     00EB  1C03               	skipc
   922     00EC  28EE               	goto	u81
   923     00ED  28EF               	goto	u80
   924     00EE                     u81:
   925     00EE  28D7               	goto	l710
   926     00EF                     u80:
   927     00EF                     l47:
   928     00EF  0008               	return
   929     00F0                     __end_of_delay_ms:
   930                           
   931                           	psect	intentry
   932     0004                     __pintentry:	
   933 ;; *************** function _isr *****************
   934 ;; Defined at:
   935 ;;		line 75 in file "main.c"
   936 ;; Parameters:    Size  Location     Type
   937 ;;		None
   938 ;; Auto vars:     Size  Location     Type
   939 ;;		None
   940 ;; Return value:  Size  Location     Type
   941 ;;                  1    wreg      void 
   942 ;; Registers used:
   943 ;;		wreg, fsr0l, fsr0h, status,2, status,0, pclath, cstack
   944 ;; Tracked objects:
   945 ;;		On entry : 0/0
   946 ;;		On exit  : 0/0
   947 ;;		Unchanged: 0/0
   948 ;; Data sizes:     COMMON   BANK0   BANK1   BANK2   BANK3   BANK4   BANK5   BANK6   BANK7   BANK8   BANK9  BANK10  BANK1
      +1  BANK12  BANK13  BANK14  BANK15  BANK16  BANK17  BANK18  BANK19  BANK20  BANK21  BANK22  BANK23  BANK24  BANK25
   949 ;;      Params:         0       0       0       0       0       0       0       0       0       0       0       0       
      +0       0       0       0       0       0       0       0       0       0       0       0       0       0       0
   950 ;;      Locals:         0       0       0       0       0       0       0       0       0       0       0       0       
      +0       0       0       0       0       0       0       0       0       0       0       0       0       0       0
   951 ;;      Temps:          2       0       0       0       0       0       0       0       0       0       0       0       
      +0       0       0       0       0       0       0       0       0       0       0       0       0       0       0
   952 ;;      Totals:         2       0       0       0       0       0       0       0       0       0       0       0       
      +0       0       0       0       0       0       0       0       0       0       0       0       0       0       0
   953 ;;Total ram usage:        2 bytes
   954 ;; Hardware stack levels used: 1
   955 ;; Hardware stack levels required when called: 1
   956 ;; This function calls:
   957 ;;		___lbmod
   958 ;; This function is called by:
   959 ;;		Interrupt level 1
   960 ;; This function uses a non-reentrant model
   961 ;;
   962                           
   963     0004                     _isr:
   964                           
   965                           ;incstack = 0
   966     0004  147E               	bsf	int$flags,0	;set compiler interrupt flag (level 1)
   967                           
   968                           ; Regs used in _isr: [wreg-fsr0h+status,2+status,0+pclath+cstack]
   969     0005  3180               	pagesel	$
   970     0006                     i1l728:
   971                           
   972                           ;main.c: 77:     if (TMR2IE && TMR2IF) {
   973     0006  0021               	movlb	1	; select bank1
   974     0007  1C91               	btfss	17,1	;volatile
   975     0008  280A               	goto	u12_21
   976     0009  280B               	goto	u12_20
   977     000A                     u12_21:
   978     000A  284D               	goto	i1l60
   979     000B                     u12_20:
   980     000B                     i1l730:
   981     000B  0020               	movlb	0	; select bank0
   982     000C  1C91               	btfss	17,1	;volatile
   983     000D  280F               	goto	u13_21
   984     000E  2810               	goto	u13_20
   985     000F                     u13_21:
   986     000F  284D               	goto	i1l60
   987     0010                     u13_20:
   988     0010                     i1l732:
   989                           
   990                           ;main.c: 78:         TMR2IF = 0;
   991     0010  1091               	bcf	17,1	;volatile
   992     0011                     i1l734:
   993                           
   994                           ;main.c: 80:         compteurTimerOverflow++;
   995     0011  3001               	movlw	1
   996     0012  00F5               	movwf	??_isr
   997     0013  0875               	movf	??_isr,w
   998     0014  07F8               	addwf	_compteurTimerOverflow,f	;volatile
   999                           
  1000                           ;main.c: 82:         if (compteurTimerOverflow == 125) {
  1001     0015  307D               	movlw	125
  1002     0016  0678               	xorwf	_compteurTimerOverflow,w	;volatile
  1003     0017  1D03               	btfss	3,2
  1004     0018  281A               	goto	u14_21
  1005     0019  281B               	goto	u14_20
  1006     001A                     u14_21:
  1007     001A  284D               	goto	i1l60
  1008     001B                     u14_20:
  1009     001B  2831               	goto	i1l748
  1010     001C                     i1l55:	
  1011                           ;main.c: 85:                 case 0:
  1012                           
  1013                           
  1014                           ;main.c: 86:                     LATDbits.LATD0 = 1;
  1015     001C  0022               	movlb	2	; select bank2
  1016     001D  140F               	bsf	15,0	;volatile
  1017                           
  1018                           ;main.c: 87:                     LATDbits.LATD3 = 0;
  1019     001E  118F               	bcf	15,3	;volatile
  1020     001F                     i1l738:
  1021                           
  1022                           ;main.c: 88:                     compteur++;
  1023     001F  3001               	movlw	1
  1024     0020  00F5               	movwf	??_isr
  1025     0021  0875               	movf	??_isr,w
  1026     0022  07F7               	addwf	_compteur,f	;volatile
  1027                           
  1028                           ;main.c: 89:                     break;
  1029     0023  284C               	goto	i1l750
  1030     0024                     i1l57:	
  1031                           ;main.c: 90:                 case 1:
  1032                           
  1033                           
  1034                           ;main.c: 91:                     LATDbits.LATD1 = 1;
  1035     0024  0022               	movlb	2	; select bank2
  1036     0025  148F               	bsf	15,1	;volatile
  1037                           
  1038                           ;main.c: 92:                     LATDbits.LATD0 = 0;
  1039     0026  100F               	bcf	15,0	;volatile
  1040     0027  281F               	goto	i1l738
  1041     0028                     i1l58:	
  1042                           ;main.c: 95:                 case 2:
  1043                           
  1044                           
  1045                           ;main.c: 96:                     LATDbits.LATD2 = 1;
  1046     0028  0022               	movlb	2	; select bank2
  1047     0029  150F               	bsf	15,2	;volatile
  1048                           
  1049                           ;main.c: 97:                     LATDbits.LATD1 = 0;
  1050     002A  108F               	bcf	15,1	;volatile
  1051     002B  281F               	goto	i1l738
  1052     002C                     i1l59:	
  1053                           ;main.c: 100:                 case 3:
  1054                           
  1055                           
  1056                           ;main.c: 101:                     LATDbits.LATD3 = 1;
  1057     002C  0022               	movlb	2	; select bank2
  1058     002D  158F               	bsf	15,3	;volatile
  1059                           
  1060                           ;main.c: 102:                     LATDbits.LATD2 = 0;
  1061     002E  110F               	bcf	15,2	;volatile
  1062     002F                     i1l744:
  1063                           
  1064                           ;main.c: 103:                     compteur = 0;
  1065     002F  01F7               	clrf	_compteur	;volatile
  1066                           
  1067                           ;main.c: 104:                     break;
  1068     0030  284C               	goto	i1l750
  1069     0031                     i1l748:
  1070     0031  0879               	movf	_nombreLeds,w	;volatile
  1071     0032  00F0               	movwf	___lbmod@divisor
  1072     0033  0877               	movf	_compteur,w	;volatile
  1073     0034  3180  20B4  3180   	fcall	___lbmod
  1074     0037  00F5               	movwf	??_isr
  1075     0038  01F6               	clrf	??_isr+1
  1076                           
  1077                           ; Switch on 2 bytes has been partitioned into a top level switch of size 1, and 1 sub-sw
      +                          itches
  1078                           ; Switch size 1, requested type "simple"
  1079                           ; Number of cases is 1, Range of values is 0 to 0
  1080                           ; switch strategies available:
  1081                           ; Name         Instructions Cycles
  1082                           ; simple_byte            4     3 (average)
  1083                           ; direct_byte            8     6 (fixed)
  1084                           ; jumptable            260     6 (fixed)
  1085                           ;	Chosen strategy is simple_byte
  1086     0039  0876               	movf	??_isr+1,w
  1087     003A  3A00               	xorlw	0	; case 0
  1088     003B  1903               	skipnz
  1089     003C  283E               	goto	i1l874
  1090     003D  284C               	goto	i1l750
  1091     003E                     i1l874:
  1092                           
  1093                           ; Switch size 1, requested type "simple"
  1094                           ; Number of cases is 4, Range of values is 0 to 3
  1095                           ; switch strategies available:
  1096                           ; Name         Instructions Cycles
  1097                           ; simple_byte           13     7 (average)
  1098                           ; direct_byte           14     6 (fixed)
  1099                           ; jumptable            260     6 (fixed)
  1100                           ;	Chosen strategy is simple_byte
  1101     003E  0875               	movf	??_isr,w
  1102     003F  3A00               	xorlw	0	; case 0
  1103     0040  1903               	skipnz
  1104     0041  281C               	goto	i1l55
  1105     0042  3A01               	xorlw	1	; case 1
  1106     0043  1903               	skipnz
  1107     0044  2824               	goto	i1l57
  1108     0045  3A03               	xorlw	3	; case 2
  1109     0046  1903               	skipnz
  1110     0047  2828               	goto	i1l58
  1111     0048  3A01               	xorlw	1	; case 3
  1112     0049  1903               	skipnz
  1113     004A  282C               	goto	i1l59
  1114     004B  284C               	goto	i1l750
  1115     004C                     i1l750:
  1116                           
  1117                           ;main.c: 107:             compteurTimerOverflow = 0;
  1118     004C  01F8               	clrf	_compteurTimerOverflow	;volatile
  1119     004D                     i1l60:
  1120     004D  107E               	bcf	int$flags,0	;clear compiler interrupt flag (level 1)
  1121     004E  0009               	retfie
  1122     004F                     __end_of_isr:
  1123                           
  1124                           	psect	text6
  1125     00B4                     __ptext6:	
  1126 ;; *************** function ___lbmod *****************
  1127 ;; Defined at:
  1128 ;;		line 4 in file "/Applications/microchip/xc8/v2.45/pic/sources/c99/common/lbmod.c"
  1129 ;; Parameters:    Size  Location     Type
  1130 ;;  dividend        1    wreg     unsigned char 
  1131 ;;  divisor         1    0[COMMON] unsigned char 
  1132 ;; Auto vars:     Size  Location     Type
  1133 ;;  dividend        1    2[COMMON] unsigned char 
  1134 ;;  rem             1    4[COMMON] unsigned char 
  1135 ;;  counter         1    3[COMMON] unsigned char 
  1136 ;; Return value:  Size  Location     Type
  1137 ;;                  1    wreg      unsigned char 
  1138 ;; Registers used:
  1139 ;;		wreg, status,2, status,0
  1140 ;; Tracked objects:
  1141 ;;		On entry : 0/0
  1142 ;;		On exit  : 0/0
  1143 ;;		Unchanged: 0/0
  1144 ;; Data sizes:     COMMON   BANK0   BANK1   BANK2   BANK3   BANK4   BANK5   BANK6   BANK7   BANK8   BANK9  BANK10  BANK1
      +1  BANK12  BANK13  BANK14  BANK15  BANK16  BANK17  BANK18  BANK19  BANK20  BANK21  BANK22  BANK23  BANK24  BANK25
  1145 ;;      Params:         1       0       0       0       0       0       0       0       0       0       0       0       
      +0       0       0       0       0       0       0       0       0       0       0       0       0       0       0
  1146 ;;      Locals:         3       0       0       0       0       0       0       0       0       0       0       0       
      +0       0       0       0       0       0       0       0       0       0       0       0       0       0       0
  1147 ;;      Temps:          1       0       0       0       0       0       0       0       0       0       0       0       
      +0       0       0       0       0       0       0       0       0       0       0       0       0       0       0
  1148 ;;      Totals:         5       0       0       0       0       0       0       0       0       0       0       0       
      +0       0       0       0       0       0       0       0       0       0       0       0       0       0       0
  1149 ;;Total ram usage:        5 bytes
  1150 ;; Hardware stack levels used: 1
  1151 ;; This function calls:
  1152 ;;		Nothing
  1153 ;; This function is called by:
  1154 ;;		_isr
  1155 ;; This function uses a non-reentrant model
  1156 ;;
  1157                           
  1158     00B4                     ___lbmod:	
  1159                           ;psect for function ___lbmod
  1160                           
  1161                           
  1162                           ;incstack = 0
  1163                           ; Regs used in ___lbmod: [wreg+status,2+status,0]
  1164                           ;___lbmod@dividend stored from wreg
  1165     00B4  00F2               	movwf	___lbmod@dividend
  1166     00B5                     i1l712:
  1167     00B5  3008               	movlw	8
  1168     00B6  00F3               	movwf	___lbmod@counter
  1169     00B7                     i1l714:
  1170     00B7  01F4               	clrf	___lbmod@rem
  1171     00B8                     i1l716:
  1172     00B8  0872               	movf	___lbmod@dividend,w
  1173     00B9  00F1               	movwf	??___lbmod
  1174     00BA  3007               	movlw	7
  1175     00BB                     u9_25:
  1176     00BB  36F1               	lsrf	??___lbmod,f
  1177     00BC  0B89               	decfsz	9,f
  1178     00BD  28BB               	goto	u9_25
  1179     00BE  3574               	lslf	___lbmod@rem,w
  1180     00BF  0471               	iorwf	??___lbmod,w
  1181     00C0  00F4               	movwf	___lbmod@rem
  1182     00C1                     i1l718:
  1183     00C1  1003               	clrc
  1184     00C2  0DF2               	rlf	___lbmod@dividend,f
  1185     00C3                     i1l720:
  1186     00C3  0870               	movf	___lbmod@divisor,w
  1187     00C4  0274               	subwf	___lbmod@rem,w
  1188     00C5  1C03               	skipc
  1189     00C6  28C8               	goto	u10_21
  1190     00C7  28C9               	goto	u10_20
  1191     00C8                     u10_21:
  1192     00C8  28CB               	goto	i1l354
  1193     00C9                     u10_20:
  1194     00C9                     i1l722:
  1195     00C9  0870               	movf	___lbmod@divisor,w
  1196     00CA  02F4               	subwf	___lbmod@rem,f
  1197     00CB                     i1l354:
  1198     00CB  3001               	movlw	1
  1199     00CC  02F3               	subwf	___lbmod@counter,f
  1200     00CD  1D03               	btfss	3,2
  1201     00CE  28D0               	goto	u11_21
  1202     00CF  28D1               	goto	u11_20
  1203     00D0                     u11_21:
  1204     00D0  28B8               	goto	i1l716
  1205     00D1                     u11_20:
  1206     00D1                     i1l724:
  1207     00D1  0874               	movf	___lbmod@rem,w
  1208     00D2                     i1l356:
  1209     00D2  0008               	return
  1210     00D3                     __end_of___lbmod:
  1211     007E                     btemp	set	126	;btemp
  1212     007E                     int$flags	set	126
  1213     007E                     wtemp0	set	126
  1214                           
  1215                           	psect	config
  1216                           
  1217                           ;Config register CONFIG1 @ 0x8007
  1218                           ;	Oscillator Selection Bits
  1219                           ;	FOSC = HS, HS Oscillator, High-speed crystal/resonator connected between OSC1 and OSC2
      +                           pins
  1220                           ;	Watchdog Timer Enable
  1221                           ;	WDTE = SWDTEN, WDT controlled by the SWDTEN bit in the WDTCON register
  1222                           ;	Power-up Timer Enable
  1223                           ;	PWRTE = OFF, PWRT disabled
  1224                           ;	MCLR Pin Function Select
  1225                           ;	MCLRE = ON, MCLR/VPP pin function is MCLR
  1226                           ;	Flash Program Memory Code Protection
  1227                           ;	CP = OFF, Program memory code protection is disabled
  1228                           ;	Brown-out Reset Enable
  1229                           ;	BOREN = ON, Brown-out Reset enabled
  1230                           ;	Clock Out Enable
  1231                           ;	CLKOUTEN = OFF, CLKOUT function is disabled. I/O or oscillator function on the CLKOUT 
      +                          pin
  1232                           ;	Internal/External Switchover Mode
  1233                           ;	IESO = ON, Internal/External Switchover Mode is enabled
  1234                           ;	Fail-Safe Clock Monitor Enable
  1235                           ;	FCMEN = ON, Fail-Safe Clock Monitor is enabled
  1236     8007                     	org	32775
  1237     8007  3FEA               	dw	16362
  1238                           
  1239                           ;Config register CONFIG2 @ 0x8008
  1240                           ;	Flash Memory Self-Write Protection
  1241                           ;	WRT = OFF, Write protection off
  1242                           ;	Peripheral Pin Select one-way control
  1243                           ;	PPS1WAY = OFF, The PPSLOCK bit can be set and cleared repeatedly by software
  1244                           ;	Zero-cross detect disable
  1245                           ;	ZCDDIS = ON, ZCD disabled. ZCD can be enabled by setting the ZCDSEN bit of ZCDCON
  1246                           ;	Phase Lock Loop enable
  1247                           ;	PLLEN = OFF, 4x PLL is disabled
  1248                           ;	Stack Overflow/Underflow Reset Enable
  1249                           ;	STVREN = ON, Stack Overflow or Underflow will cause a Reset
  1250                           ;	Brown-out Reset Voltage Selection
  1251                           ;	BORV = LO, Brown-out Reset Voltage (Vbor), low trip point selected.
  1252                           ;	Low-Power Brown Out Reset
  1253                           ;	LPBOR = OFF, Low-Power BOR is disabled
  1254                           ;	In-Circuit Debugger Mode
  1255                           ;	DEBUG = 0x1, unprogrammed default
  1256                           ;	Low-Voltage Programming Enable
  1257                           ;	LVP = OFF, High-voltage on MCLR/VPP must be used for programming
  1258     8008                     	org	32776
  1259     8008  1EFB               	dw	7931

Data Sizes:
    Strings     0
    Constant    0
    Data        1
    BSS         2
    Persistent  32
    Stack       0

Auto Spaces:
    Space          Size  Autos    Used
    COMMON           14      7      10
    BANK0            80      5       5
    BANK1            80      0       0
    BANK2            80      0       0
    BANK3            80      0       0
    BANK4            80      0       0
    BANK5            80      0       0
    BANK6            80      0       0
    BANK7            80      0       0
    BANK8            80      0       0
    BANK9            80      0       0
    BANK10           80      0       0
    BANK11           80      0       0
    BANK12           80      0       0
    BANK13           80      0       0
    BANK14           80      0       0
    BANK15           80      0       0
    BANK16           80      0       0
    BANK17           80      0       0
    BANK18           80      0       0
    BANK19           80      0       0
    BANK20           80      0       0
    BANK21           80      0       0
    BANK22           80      0       0
    BANK23           80      0       0
    BANK24           80      0       0
    BANK25           32      0       0

Pointer List with Targets:

    None.

Critical Paths under _main in COMMON

    None.

Critical Paths under _isr in COMMON

    _isr->___lbmod

Critical Paths under _main in BANK0

    _main->_delay_ms

Critical Paths under _isr in BANK0

    None.

Critical Paths under _main in BANK1

    None.

Critical Paths under _isr in BANK1

    None.

Critical Paths under _main in BANK2

    None.

Critical Paths under _isr in BANK2

    None.

Critical Paths under _main in BANK3

    None.

Critical Paths under _isr in BANK3

    None.

Critical Paths under _main in BANK4

    None.

Critical Paths under _isr in BANK4

    None.

Critical Paths under _main in BANK5

    None.

Critical Paths under _isr in BANK5

    None.

Critical Paths under _main in BANK6

    None.

Critical Paths under _isr in BANK6

    None.

Critical Paths under _main in BANK7

    None.

Critical Paths under _isr in BANK7

    None.

Critical Paths under _main in BANK8

    None.

Critical Paths under _isr in BANK8

    None.

Critical Paths under _main in BANK9

    None.

Critical Paths under _isr in BANK9

    None.

Critical Paths under _main in BANK10

    None.

Critical Paths under _isr in BANK10

    None.

Critical Paths under _main in BANK11

    None.

Critical Paths under _isr in BANK11

    None.

Critical Paths under _main in BANK12

    None.

Critical Paths under _isr in BANK12

    None.

Critical Paths under _main in BANK13

    None.

Critical Paths under _isr in BANK13

    None.

Critical Paths under _main in BANK14

    None.

Critical Paths under _isr in BANK14

    None.

Critical Paths under _main in BANK15

    None.

Critical Paths under _isr in BANK15

    None.

Critical Paths under _main in BANK16

    None.

Critical Paths under _isr in BANK16

    None.

Critical Paths under _main in BANK17

    None.

Critical Paths under _isr in BANK17

    None.

Critical Paths under _main in BANK18

    None.

Critical Paths under _isr in BANK18

    None.

Critical Paths under _main in BANK19

    None.

Critical Paths under _isr in BANK19

    None.

Critical Paths under _main in BANK20

    None.

Critical Paths under _isr in BANK20

    None.

Critical Paths under _main in BANK21

    None.

Critical Paths under _isr in BANK21

    None.

Critical Paths under _main in BANK22

    None.

Critical Paths under _isr in BANK22

    None.

Critical Paths under _main in BANK23

    None.

Critical Paths under _isr in BANK23

    None.

Critical Paths under _main in BANK24

    None.

Critical Paths under _isr in BANK24

    None.

Critical Paths under _main in BANK25

    None.

Critical Paths under _isr in BANK25

    None.

Call Graph Tables:

 ---------------------------------------------------------------------------------
 (Depth) Function   	        Calls       Base Space   Used Autos Params    Refs
 ---------------------------------------------------------------------------------
 (0) _main                                                 0     0      0     350
                           _delay_ms
                     _init_interrupt
                          _init_leds
                         _init_timer
 ---------------------------------------------------------------------------------
 (1) _init_timer                                           0     0      0       0
 ---------------------------------------------------------------------------------
 (1) _init_leds                                            0     0      0       0
 ---------------------------------------------------------------------------------
 (1) _init_interrupt                                       0     0      0       0
 ---------------------------------------------------------------------------------
 (1) _delay_ms                                             5     3      2     350
                                              0 BANK0      5     3      2
 ---------------------------------------------------------------------------------
 Estimated maximum stack depth 1
 ---------------------------------------------------------------------------------
 (Depth) Function   	        Calls       Base Space   Used Autos Params    Refs
 ---------------------------------------------------------------------------------
 (2) _isr                                                  2     2      0     235
                                              5 COMMON     2     2      0
                            ___lbmod
 ---------------------------------------------------------------------------------
 (3) ___lbmod                                              5     4      1     235
                                              0 COMMON     5     4      1
 ---------------------------------------------------------------------------------
 Estimated maximum stack depth 3
 ---------------------------------------------------------------------------------

 Call Graph Graphs:

 _main (ROOT)
   _delay_ms
   _init_interrupt
   _init_leds
   _init_timer

 _isr (ROOT)
   ___lbmod

 Address spaces:
Name               Size   Autos  Total    Cost      Usage
BIGRAM             7F0      0       0       0        0.0%
NULL                 0      0       0       0        0.0%
CODE                 0      0       0       0        0.0%
BITCOMMON            E      0       0       1        0.0%
BITSFR0              0      0       0       1        0.0%
SFR0                 0      0       0       1        0.0%
COMMON               E      7       A       2       71.4%
BITSFR1              0      0       0       2        0.0%
SFR1                 0      0       0       2        0.0%
BITSFR2              0      0       0       3        0.0%
SFR2                 0      0       0       3        0.0%
STACK                0      0       0       3        0.0%
BITBANK0            50      0       0       4        0.0%
BITSFR3              0      0       0       4        0.0%
SFR3                 0      0       0       4        0.0%
BANK0               50      5       5       5        6.2%
BITSFR4              0      0       0       5        0.0%
SFR4                 0      0       0       5        0.0%
BITBANK1            50      0       0       6        0.0%
BITSFR5              0      0       0       6        0.0%
SFR5                 0      0       0       6        0.0%
BANK1               50      0       0       7        0.0%
BITSFR6              0      0       0       7        0.0%
SFR6                 0      0       0       7        0.0%
BITBANK2            50      0       0       8        0.0%
BITSFR7              0      0       0       8        0.0%
SFR7                 0      0       0       8        0.0%
BANK2               50      0       0       9        0.0%
BITSFR8              0      0       0       9        0.0%
SFR8                 0      0       0       9        0.0%
BITBANK3            50      0       0      10        0.0%
BITSFR9              0      0       0      10        0.0%
SFR9                 0      0       0      10        0.0%
BANK3               50      0       0      11        0.0%
BITSFR10             0      0       0      11        0.0%
SFR10                0      0       0      11        0.0%
BITBANK4            50      0       0      12        0.0%
BITSFR11             0      0       0      12        0.0%
SFR11                0      0       0      12        0.0%
BANK4               50      0       0      13        0.0%
BITSFR12             0      0       0      13        0.0%
SFR12                0      0       0      13        0.0%
BITSFR13             0      0       0      14        0.0%
SFR13                0      0       0      14        0.0%
ABS                  0      0       F      14        0.0%
BITBANK5            50      0       0      15        0.0%
BITSFR14             0      0       0      15        0.0%
SFR14                0      0       0      15        0.0%
BANK5               50      0       0      16        0.0%
BITSFR15             0      0       0      16        0.0%
SFR15                0      0       0      16        0.0%
BITBANK6            50      0       0      17        0.0%
BITSFR16             0      0       0      17        0.0%
SFR16                0      0       0      17        0.0%
BANK6               50      0       0      18        0.0%
BITSFR17             0      0       0      18        0.0%
SFR17                0      0       0      18        0.0%
BITBANK7            50      0       0      19        0.0%
BITSFR18             0      0       0      19        0.0%
SFR18                0      0       0      19        0.0%
BANK7               50      0       0      20        0.0%
BITSFR19             0      0       0      20        0.0%
SFR19                0      0       0      20        0.0%
BITBANK8            50      0       0      21        0.0%
BITSFR20             0      0       0      21        0.0%
SFR20                0      0       0      21        0.0%
BANK8               50      0       0      22        0.0%
BITSFR21             0      0       0      22        0.0%
SFR21                0      0       0      22        0.0%
BITBANK9            50      0       0      23        0.0%
BITSFR22             0      0       0      23        0.0%
SFR22                0      0       0      23        0.0%
BANK9               50      0       0      24        0.0%
BITSFR23             0      0       0      24        0.0%
SFR23                0      0       0      24        0.0%
BITBANK10           50      0       0      25        0.0%
BITSFR24             0      0       0      25        0.0%
SFR24                0      0       0      25        0.0%
BANK10              50      0       0      26        0.0%
BITSFR25             0      0       0      26        0.0%
SFR25                0      0       0      26        0.0%
BITBANK11           50      0       0      27        0.0%
BITSFR26             0      0       0      27        0.0%
SFR26                0      0       0      27        0.0%
BITSFR27             0      0       0      28        0.0%
SFR27                0      0       0      28        0.0%
DATA                 0      0       F      28        0.0%
BANK11              50      0       0      29        0.0%
BITSFR28             0      0       0      29        0.0%
SFR28                0      0       0      29        0.0%
BITBANK12           50      0       0      30        0.0%
BITSFR29             0      0       0      30        0.0%
SFR29                0      0       0      30        0.0%
BANK12              50      0       0      31        0.0%
BITSFR30             0      0       0      31        0.0%
SFR30                0      0       0      31        0.0%
BITBANK13           50      0       0      32        0.0%
BITSFR31             0      0       0      32        0.0%
SFR31                0      0       0      32        0.0%
BANK13              50      0       0      33        0.0%
BITBANK14           50      0       0      34        0.0%
BANK14              50      0       0      35        0.0%
BITBANK15           50      0       0      36        0.0%
BANK15              50      0       0      37        0.0%
BITBANK16           50      0       0      38        0.0%
BANK16              50      0       0      39        0.0%
BITBANK17           50      0       0      40        0.0%
BANK17              50      0       0      41        0.0%
BITBANK18           50      0       0      42        0.0%
BANK18              50      0       0      43        0.0%
BITBANK19           50      0       0      44        0.0%
BANK19              50      0       0      45        0.0%
BITBANK20           50      0       0      46        0.0%
BANK20              50      0       0      47        0.0%
BITBANK21           50      0       0      48        0.0%
BANK21              50      0       0      49        0.0%
BITBANK22           50      0       0      50        0.0%
BANK22              50      0       0      51        0.0%
BITBANK23           50      0       0      52        0.0%
BANK23              50      0       0      53        0.0%
BITBANK24           50      0       0      54        0.0%
BANK24              50      0       0      55        0.0%
BITBANK25           20      0       0      56        0.0%
BANK25              20      0       0      57        0.0%


Microchip Technology PIC Macro Assembler V2.45 build 20230818022343 
Symbol Table                                                                                   Tue Feb 20 11:38:50 2024

       ??_init_interrupt 0020                       l41 0102                       l35 00B3  
                     l44 00E5                       l38 00FB                       l47 00EF  
                     u80 00EF                       u81 00EE                       u85 00EB  
                    l710 00D7                      l810 0093                      l708 00D3  
                    l820 00FC                      l812 00F0                      l814 00F7  
                    l830 0066                      l822 005B                      l816 00F9  
                    l840 0085                      l832 006F                      l824 005E  
                    l818 00FA                      l842 0087                      l834 0071  
                    l826 0061                      l836 007A                      l828 0064  
                    l838 007C                      u157 00DB                      _PR2 001B  
                    _isr 0004                      wreg 0009                     ?_isr 0070  
                   i1l60 004D                     i1l55 001C                     i1l57 0024  
                   i1l58 0028                     i1l59 002C                     _TMR2 001A  
                   u9_25 00BB                     _main 005B                     btemp 007E  
                   start 004F                    ??_isr 0075                    ?_main 0070  
        __end_of___lbmod 00D3                    i1l354 00CB                    i1l356 00D2  
                  i1l720 00C3                    i1l712 00B5                    i1l722 00C9  
                  i1l714 00B7                    i1l730 000B                    i1l724 00D1  
                  i1l716 00B8                    i1l732 0010                    i1l718 00C1  
                  i1l750 004C                    i1l734 0011                    i1l744 002F  
                  i1l728 0006                    i1l738 001F                    i1l748 0031  
                  i1l874 003E                    u10_20 00C9                    u10_21 00C8  
                  u11_20 00D1                    u11_21 00D0                    u12_20 000B  
                  u12_21 000A                    u13_20 0010                    u13_21 000F  
                  u14_20 001B                    u14_21 001A                    status 0003  
                  wtemp0 007E          __initialization 0051             __end_of_main 0093  
                 ??_main 0025                   _TMR2IE 0489                   _TMR2IF 0089  
       __end_of_delay_ms 00F0     delay_ms@milliseconds 0020                ??___lbmod 0071  
           __pdataCOMMON 0079          ___lbmod@divisor 0070  __end_of__initialization 0057  
        ___lbmod@counter 0073           __pcstackCOMMON 0070               __pmaintext 005B  
             __pintentry 0004                ?_delay_ms 0020                  ___lbmod 00B4  
             _init_timer 00F0                  __ptext1 00F0                  __ptext2 0093  
                __ptext3 00FC                  __ptext4 00D3                  __ptext6 00B4  
              _T2CONbits 001C        __end_of_init_leds 00B4               ??_delay_ms 0022  
   end_of_initialization 0057               _nombreLeds 0079         ___lbmod@dividend 0072  
              _TRISBbits 008D                _TRISDbits 008F              ___lbmod@rem 0074  
          __pidataCOMMON 0103              ?_init_timer 0070      start_initialization 0051  
            __end_of_isr 004F              __pbssCOMMON 0077                ___latbits 0003  
          __pcstackBANK0 0020           _init_interrupt 00FC                 ?___lbmod 0070  
 __end_of_init_interrupt 0103                _init_leds 0093                 _LATBbits 010D  
               _LATDbits 010F                delay_ms@i 0023                 _PIE1bits 0091  
               _PIR1bits 0011          ?_init_interrupt 0070               ?_init_leds 0070  
           ??_init_timer 0020                 _delay_ms 00D3                 _compteur 0077  
     __end_of_init_timer 00FC    _compteurTimerOverflow 0078                 int$flags 007E  
             _INTCONbits 000B              ??_init_leds 0020                 intlevel1 0000  
