

Microchip MPLAB XC8 Assembler V2.45 build 20230818022343 
                                                                                               Mon Feb  5 12:08:44 2024

Microchip MPLAB XC8 C Compiler v2.45 (Free license) build 20230818022343 Og1 
     1                           	processor	16F1719
     2                           	pagewidth 120
     3                           	opt	flic
     4                           	psect	idataBANK0,global,class=CODE,delta=2,noexec
     5                           	psect	cinit,global,class=CODE,merge=1,delta=2
     6                           	psect	dataBANK0,global,class=BANK0,space=1,delta=1,noexec
     7                           	psect	inittext,global,class=CODE,delta=2
     8                           	psect	cstackCOMMON,global,class=COMMON,space=1,delta=1,noexec
     9                           	psect	maintext,global,class=CODE,merge=1,split=1,delta=2
    10                           	psect	text1,local,class=CODE,merge=1,delta=2
    11                           	psect	intentry,global,class=CODE,delta=2
    12                           	psect	config,global,abs,ovrld,class=CONFIG,space=4,delta=2,noexec
    13                           	dabs	1,0x7E,2
    14     0000                     
    15                           ; Generated 06/07/2023 GMT
    16                           ; 
    17                           ; Copyright © 2023, Microchip Technology Inc. and its subsidiaries ("Microchip")
    18                           ; All rights reserved.
    19                           ; 
    20                           ; This software is developed by Microchip Technology Inc. and its subsidiaries ("Microch
      +                          ip").
    21                           ; 
    22                           ; Redistribution and use in source and binary forms, with or without modification, are
    23                           ; permitted provided that the following conditions are met:
    24                           ; 
    25                           ;     1. Redistributions of source code must retain the above copyright notice, this lis
      +                          t of
    26                           ;        conditions and the following disclaimer.
    27                           ; 
    28                           ;     2. Redistributions in binary form must reproduce the above copyright notice, this 
      +                          list
    29                           ;        of conditions and the following disclaimer in the documentation and/or other
    30                           ;        materials provided with the distribution. Publication is not required when
    31                           ;        this file is used in an embedded application.
    32                           ; 
    33                           ;     3. Microchip's name may not be used to endorse or promote products derived from th
      +                          is
    34                           ;        software without specific prior written permission.
    35                           ; 
    36                           ; THIS SOFTWARE IS PROVIDED BY MICROCHIP "AS IS" AND ANY EXPRESS OR IMPLIED WARRANTIES,
    37                           ; INCLUDING, BUT NOT LIMITED TO, THE IMPLIED WARRANTIES OF MERCHANTABILITY AND FITNESS F
      +                          OR
    38                           ; PURPOSE ARE DISCLAIMED.  IN NO EVENT SHALL MICROCHIP BE LIABLE FOR ANY DIRECT, INDIREC
      +                          T,
    39                           ; INCIDENTAL, SPECIAL, EXEMPLARY, OR CONSEQUENTIAL DAMAGES (INCLUDING BUT NOT LIMITED TO
    40                           ; PROCUREMENT OF SUBSTITUTE GOODS OR SERVICES; LOSS OF USE, DATA OR PROFITS; OR BUSINESS
    41                           ; INTERRUPTION) HOWSOEVER CAUSED AND ON ANY THEORY OF LIABILITY, WHETHER IN CONTRACT, ST
      +                          RICT
    42                           ; LIABILITY, OR TORT (INCLUDING NEGLIGENCE OR OTHERWISE) ARISING IN ANY WAY OUT OF THE U
      +                          SE OF
    43                           ; THIS SOFTWARE, EVEN IF ADVISED OF THE POSSIBILITY OF SUCH DAMAGE.
    44                           ; 
    45                           ; 
    46                           ; Code-generator required, PIC16F1719 Definitions
    47                           ; 
    48                           ; SFR Addresses
    49     0000                     	;# 
    50     0001                     	;# 
    51     0002                     	;# 
    52     0003                     	;# 
    53     0004                     	;# 
    54     0005                     	;# 
    55     0006                     	;# 
    56     0007                     	;# 
    57     0008                     	;# 
    58     0009                     	;# 
    59     000A                     	;# 
    60     000B                     	;# 
    61     000C                     	;# 
    62     000D                     	;# 
    63     000E                     	;# 
    64     000F                     	;# 
    65     0010                     	;# 
    66     0011                     	;# 
    67     0012                     	;# 
    68     0013                     	;# 
    69     0015                     	;# 
    70     0016                     	;# 
    71     0016                     	;# 
    72     0017                     	;# 
    73     0018                     	;# 
    74     0019                     	;# 
    75     001A                     	;# 
    76     001B                     	;# 
    77     001C                     	;# 
    78     008C                     	;# 
    79     008D                     	;# 
    80     008E                     	;# 
    81     008F                     	;# 
    82     0090                     	;# 
    83     0091                     	;# 
    84     0092                     	;# 
    85     0093                     	;# 
    86     0095                     	;# 
    87     0096                     	;# 
    88     0097                     	;# 
    89     0098                     	;# 
    90     0099                     	;# 
    91     009A                     	;# 
    92     009B                     	;# 
    93     009B                     	;# 
    94     009C                     	;# 
    95     009D                     	;# 
    96     009E                     	;# 
    97     009F                     	;# 
    98     010C                     	;# 
    99     010D                     	;# 
   100     010E                     	;# 
   101     010F                     	;# 
   102     0110                     	;# 
   103     0111                     	;# 
   104     0112                     	;# 
   105     0113                     	;# 
   106     0114                     	;# 
   107     0115                     	;# 
   108     0116                     	;# 
   109     0117                     	;# 
   110     0118                     	;# 
   111     0119                     	;# 
   112     011A                     	;# 
   113     011B                     	;# 
   114     011B                     	;# 
   115     011C                     	;# 
   116     018C                     	;# 
   117     018D                     	;# 
   118     018E                     	;# 
   119     018F                     	;# 
   120     0190                     	;# 
   121     0191                     	;# 
   122     0191                     	;# 
   123     0192                     	;# 
   124     0193                     	;# 
   125     0193                     	;# 
   126     0194                     	;# 
   127     0195                     	;# 
   128     0196                     	;# 
   129     0197                     	;# 
   130     0199                     	;# 
   131     0199                     	;# 
   132     0199                     	;# 
   133     019A                     	;# 
   134     019A                     	;# 
   135     019A                     	;# 
   136     019B                     	;# 
   137     019B                     	;# 
   138     019B                     	;# 
   139     019B                     	;# 
   140     019B                     	;# 
   141     019C                     	;# 
   142     019C                     	;# 
   143     019C                     	;# 
   144     019D                     	;# 
   145     019D                     	;# 
   146     019D                     	;# 
   147     019E                     	;# 
   148     019E                     	;# 
   149     019E                     	;# 
   150     019F                     	;# 
   151     019F                     	;# 
   152     019F                     	;# 
   153     019F                     	;# 
   154     019F                     	;# 
   155     020C                     	;# 
   156     020D                     	;# 
   157     020E                     	;# 
   158     020F                     	;# 
   159     0210                     	;# 
   160     0211                     	;# 
   161     0211                     	;# 
   162     0212                     	;# 
   163     0212                     	;# 
   164     0213                     	;# 
   165     0213                     	;# 
   166     0214                     	;# 
   167     0214                     	;# 
   168     0215                     	;# 
   169     0215                     	;# 
   170     0215                     	;# 
   171     0215                     	;# 
   172     0216                     	;# 
   173     0216                     	;# 
   174     0217                     	;# 
   175     0217                     	;# 
   176     028C                     	;# 
   177     028D                     	;# 
   178     028E                     	;# 
   179     028F                     	;# 
   180     0290                     	;# 
   181     0291                     	;# 
   182     0291                     	;# 
   183     0292                     	;# 
   184     0293                     	;# 
   185     0293                     	;# 
   186     0298                     	;# 
   187     0298                     	;# 
   188     0299                     	;# 
   189     029A                     	;# 
   190     029A                     	;# 
   191     029E                     	;# 
   192     030C                     	;# 
   193     030D                     	;# 
   194     030E                     	;# 
   195     030F                     	;# 
   196     0310                     	;# 
   197     038C                     	;# 
   198     038D                     	;# 
   199     038E                     	;# 
   200     038F                     	;# 
   201     0390                     	;# 
   202     0391                     	;# 
   203     0392                     	;# 
   204     0393                     	;# 
   205     0394                     	;# 
   206     0395                     	;# 
   207     0396                     	;# 
   208     0397                     	;# 
   209     0398                     	;# 
   210     0399                     	;# 
   211     039D                     	;# 
   212     039E                     	;# 
   213     039F                     	;# 
   214     0415                     	;# 
   215     0416                     	;# 
   216     0417                     	;# 
   217     041C                     	;# 
   218     041D                     	;# 
   219     041E                     	;# 
   220     0498                     	;# 
   221     0498                     	;# 
   222     0499                     	;# 
   223     049A                     	;# 
   224     049B                     	;# 
   225     049B                     	;# 
   226     049C                     	;# 
   227     049D                     	;# 
   228     049E                     	;# 
   229     049F                     	;# 
   230     0511                     	;# 
   231     0515                     	;# 
   232     0617                     	;# 
   233     0618                     	;# 
   234     0619                     	;# 
   235     0619                     	;# 
   236     061A                     	;# 
   237     061B                     	;# 
   238     061C                     	;# 
   239     061C                     	;# 
   240     0691                     	;# 
   241     0692                     	;# 
   242     0693                     	;# 
   243     0694                     	;# 
   244     0695                     	;# 
   245     0696                     	;# 
   246     0697                     	;# 
   247     0698                     	;# 
   248     0699                     	;# 
   249     069A                     	;# 
   250     069B                     	;# 
   251     069C                     	;# 
   252     069D                     	;# 
   253     069E                     	;# 
   254     069F                     	;# 
   255     0E0F                     	;# 
   256     0E10                     	;# 
   257     0E11                     	;# 
   258     0E12                     	;# 
   259     0E13                     	;# 
   260     0E14                     	;# 
   261     0E15                     	;# 
   262     0E17                     	;# 
   263     0E20                     	;# 
   264     0E21                     	;# 
   265     0E22                     	;# 
   266     0E24                     	;# 
   267     0E25                     	;# 
   268     0E28                     	;# 
   269     0E29                     	;# 
   270     0E2A                     	;# 
   271     0E2B                     	;# 
   272     0E90                     	;# 
   273     0E91                     	;# 
   274     0E92                     	;# 
   275     0E93                     	;# 
   276     0E94                     	;# 
   277     0E95                     	;# 
   278     0E96                     	;# 
   279     0E97                     	;# 
   280     0E98                     	;# 
   281     0E99                     	;# 
   282     0E9A                     	;# 
   283     0E9B                     	;# 
   284     0E9C                     	;# 
   285     0E9D                     	;# 
   286     0E9E                     	;# 
   287     0E9F                     	;# 
   288     0EA0                     	;# 
   289     0EA1                     	;# 
   290     0EA2                     	;# 
   291     0EA3                     	;# 
   292     0EA4                     	;# 
   293     0EA5                     	;# 
   294     0EA6                     	;# 
   295     0EA7                     	;# 
   296     0EA8                     	;# 
   297     0EA9                     	;# 
   298     0EAA                     	;# 
   299     0EAB                     	;# 
   300     0EAC                     	;# 
   301     0EAD                     	;# 
   302     0EAE                     	;# 
   303     0EAF                     	;# 
   304     0EB0                     	;# 
   305     0EB1                     	;# 
   306     0EB2                     	;# 
   307     0F0F                     	;# 
   308     0F10                     	;# 
   309     0F11                     	;# 
   310     0F12                     	;# 
   311     0F13                     	;# 
   312     0F14                     	;# 
   313     0F15                     	;# 
   314     0F16                     	;# 
   315     0F17                     	;# 
   316     0F18                     	;# 
   317     0F19                     	;# 
   318     0F1A                     	;# 
   319     0F1B                     	;# 
   320     0F1C                     	;# 
   321     0F1D                     	;# 
   322     0F1E                     	;# 
   323     0F1F                     	;# 
   324     0F20                     	;# 
   325     0F21                     	;# 
   326     0F22                     	;# 
   327     0F23                     	;# 
   328     0F24                     	;# 
   329     0F25                     	;# 
   330     0F26                     	;# 
   331     0F27                     	;# 
   332     0F28                     	;# 
   333     0F29                     	;# 
   334     0F2A                     	;# 
   335     0F2B                     	;# 
   336     0F2C                     	;# 
   337     0F2D                     	;# 
   338     0F2E                     	;# 
   339     0F2F                     	;# 
   340     0F30                     	;# 
   341     0F31                     	;# 
   342     0F32                     	;# 
   343     0F33                     	;# 
   344     0F34                     	;# 
   345     0F35                     	;# 
   346     0F36                     	;# 
   347     0F37                     	;# 
   348     0FE4                     	;# 
   349     0FE5                     	;# 
   350     0FE6                     	;# 
   351     0FE7                     	;# 
   352     0FE8                     	;# 
   353     0FE9                     	;# 
   354     0FEA                     	;# 
   355     0FEB                     	;# 
   356     0FED                     	;# 
   357     0FEE                     	;# 
   358     0FEF                     	;# 
   359                           
   360                           	psect	idataBANK0
   361     0068                     __pidataBANK0:
   362                           
   363                           ;initializer for _tableau
   364     0068  3448               	retlw	72
   365     0069  3465               	retlw	101
   366     006A  346C               	retlw	108
   367     006B  346C               	retlw	108
   368     006C  346F               	retlw	111
   369     006D  342C               	retlw	44
   370     006E  3420               	retlw	32
   371     006F  3457               	retlw	87
   372     0070  346F               	retlw	111
   373     0071  3472               	retlw	114
   374     0072  346C               	retlw	108
   375     0073  3464               	retlw	100
   376     0074  3420               	retlw	32
   377     0075  3421               	retlw	33
   378     0076  340A               	retlw	10
   379     0077  340D               	retlw	13
   380     000B                     _INTCONbits	set	11
   381     0091                     _PIE1bits	set	145
   382     008E                     _TRISCbits	set	142
   383     0199                     _RC1REG	set	409
   384     019A                     _TX1REG	set	410
   385     019D                     _RC1STAbits	set	413
   386     019B                     _SP1BRGLbits	set	411
   387     019C                     _SP1BRGHbits	set	412
   388     019F                     _BAUD1CONbits	set	415
   389     019E                     _TX1STAbits	set	414
   390     018E                     _ANSELCbits	set	398
   391     0E24                     _RXPPSbits	set	3620
   392     0EA6                     _RC6PPSbits	set	3750
   393                           
   394                           	psect	cinit
   395     000D                     start_initialization:	
   396                           ; #config settings
   397                           
   398     000D                     __initialization:
   399                           
   400                           ; Initialize objects allocated to BANK0
   401     000D  3068               	movlw	low __pidataBANK0
   402     000E  0084               	movwf	4
   403     000F  3080               	movlw	(high __pidataBANK0)| (0+128)
   404     0010  0085               	movwf	5
   405     0011  3020               	movlw	low __pdataBANK0
   406     0012  0086               	movwf	6
   407     0013  3000               	movlw	high __pdataBANK0
   408     0014  0087               	movwf	7
   409     0015  3010               	movlw	16
   410     0016  3180  2078  3180   	fcall	init_ram
   411     0019                     end_of_initialization:	
   412                           ;End of C runtime variable initialization code
   413                           
   414     0019                     __end_of__initialization:
   415     0019  107E               	bcf	int$flags,0	;clear compiler interrupt flag (level 1)
   416     001A  0020               	movlb	0
   417     001B  3180  281D         	ljmp	_main	;jump to C main() function
   418                           
   419                           	psect	dataBANK0
   420     0020                     __pdataBANK0:
   421     0020                     _tableau:
   422     0020                     	ds	16
   423                           
   424                           	psect	inittext
   425     0078                     init_ram:
   426     0078  00FE               	movwf	btemp
   427     0079                     initloop:
   428     0079  0012               	moviw fsr0++
   429     007A  001E               	movwi fsr1++
   430     007B  0BFE               	decfsz	btemp,f
   431     007C  2879               	goto	initloop
   432     007D  3400               	retlw	0
   433                           
   434                           	psect	cstackCOMMON
   435     0070                     __pcstackCOMMON:
   436     0070                     ?_init:
   437     0070                     ??_init:	
   438                           ; 1 bytes @ 0x0
   439                           
   440     0070                     ?_isr:	
   441                           ; 1 bytes @ 0x0
   442                           
   443     0070                     ??_isr:	
   444                           ; 1 bytes @ 0x0
   445                           
   446     0070                     ?_main:	
   447                           ; 1 bytes @ 0x0
   448                           
   449     0070                     ??_main:	
   450                           ; 1 bytes @ 0x0
   451                           
   452                           
   453                           ; 1 bytes @ 0x0
   454     0070                     	ds	2
   455     0072                     main@i:
   456                           
   457                           ; 2 bytes @ 0x2
   458     0072                     	ds	2
   459                           
   460                           	psect	maintext
   461     001D                     __pmaintext:	
   462 ;;
   463 ;;Main: autosize = 0, tempsize = 2, incstack = 0, save=0
   464 ;;
   465 ;; *************** function _main *****************
   466 ;; Defined at:
   467 ;;		line 39 in file "main.c"
   468 ;; Parameters:    Size  Location     Type
   469 ;;		None
   470 ;; Auto vars:     Size  Location     Type
   471 ;;  i               2    2[COMMON] int 
   472 ;; Return value:  Size  Location     Type
   473 ;;                  1    wreg      void 
   474 ;; Registers used:
   475 ;;		wreg, fsr1l, fsr1h, status,2, status,0, pclath, cstack
   476 ;; Tracked objects:
   477 ;;		On entry : B1F/0
   478 ;;		On exit  : 0/0
   479 ;;		Unchanged: 0/0
   480 ;; Data sizes:     COMMON   BANK0   BANK1   BANK2   BANK3   BANK4   BANK5   BANK6   BANK7   BANK8   BANK9  BANK10  BANK1
      +1  BANK12  BANK13  BANK14  BANK15  BANK16  BANK17  BANK18  BANK19  BANK20  BANK21  BANK22  BANK23  BANK24  BANK25
   481 ;;      Params:         0       0       0       0       0       0       0       0       0       0       0       0       
      +0       0       0       0       0       0       0       0       0       0       0       0       0       0       0
   482 ;;      Locals:         2       0       0       0       0       0       0       0       0       0       0       0       
      +0       0       0       0       0       0       0       0       0       0       0       0       0       0       0
   483 ;;      Temps:          2       0       0       0       0       0       0       0       0       0       0       0       
      +0       0       0       0       0       0       0       0       0       0       0       0       0       0       0
   484 ;;      Totals:         4       0       0       0       0       0       0       0       0       0       0       0       
      +0       0       0       0       0       0       0       0       0       0       0       0       0       0       0
   485 ;;Total ram usage:        4 bytes
   486 ;; Hardware stack levels required when called: 2
   487 ;; This function calls:
   488 ;;		_init
   489 ;; This function is called by:
   490 ;;		Startup code after reset
   491 ;; This function uses a non-reentrant model
   492 ;;
   493                           
   494     001D                     _main:	
   495                           ;psect for function _main
   496                           
   497     001D                     l606:	
   498                           ;incstack = 0
   499                           ; Regs used in _main: [wreg+fsr1l+fsr1h+status,2+status,0+pclath+cstack]
   500                           
   501                           
   502                           ;main.c: 41:     init();
   503     001D  3180  204B  3180   	fcall	_init
   504     0020                     l608:
   505                           
   506                           ;main.c: 44:     _delay((unsigned long)((250)*(8000000/4000.0)));
   507     0020  3003               	movlw	3
   508     0021  00F1               	movwf	??_main+1
   509     0022  308A               	movlw	138
   510     0023  00F0               	movwf	??_main
   511     0024  3056               	movlw	86
   512     0025                     u27:
   513     0025  0B89               	decfsz	9,f
   514     0026  2825               	goto	u27
   515     0027  0BF0               	decfsz	??_main,f
   516     0028  2825               	goto	u27
   517     0029  0BF1               	decfsz	??_main+1,f
   518     002A  2825               	goto	u27
   519     002B                     l610:
   520                           
   521                           ;main.c: 46:     for (int i = 0; i < sizeof (tableau); i++) {
   522     002B  01F2               	clrf	main@i
   523     002C  01F3               	clrf	main@i+1
   524     002D                     l616:
   525                           
   526                           ;main.c: 47:         TX1REG = tableau[i];
   527     002D  0872               	movf	main@i,w
   528     002E  3E20               	addlw	(low (_tableau| 0))& (0+255)
   529     002F  0086               	movwf	6
   530     0030  0187               	clrf	7
   531     0031  0801               	movf	1,w
   532     0032  0023               	movlb	3	; select bank3
   533     0033  009A               	movwf	26	;volatile
   534     0034                     l618:
   535                           
   536                           ;main.c: 48:         _delay((unsigned long)((1)*(8000000/4000.0)));
   537     0034  3003               	movlw	3
   538     0035  00F0               	movwf	??_main
   539     0036  3098               	movlw	152
   540     0037                     u37:
   541     0037  0B89               	decfsz	9,f
   542     0038  2837               	goto	u37
   543     0039  0BF0               	decfsz	??_main,f
   544     003A  2837               	goto	u37
   545     003B                     l620:
   546                           
   547                           ;main.c: 50:     }
   548     003B  3001               	movlw	1
   549     003C  07F2               	addwf	main@i,f
   550     003D  3000               	movlw	0
   551     003E  3DF3               	addwfc	main@i+1,f
   552     003F                     l622:
   553     003F  3000               	movlw	0
   554     0040  0273               	subwf	main@i+1,w
   555     0041  3010               	movlw	16
   556     0042  1903               	skipnz
   557     0043  0272               	subwf	main@i,w
   558     0044  1C03               	skipc
   559     0045  2847               	goto	u11
   560     0046  2848               	goto	u10
   561     0047                     u11:
   562     0047  282D               	goto	l616
   563     0048                     u10:
   564     0048                     l45:	
   565                           ;main.c: 52:     while (1) {
   566                           
   567     0048  2848               	goto	l45
   568     0049  3180  280B         	ljmp	start
   569     004B                     __end_of_main:
   570                           
   571                           	psect	text1
   572     004B                     __ptext1:	
   573 ;; *************** function _init *****************
   574 ;; Defined at:
   575 ;;		line 6 in file "main.c"
   576 ;; Parameters:    Size  Location     Type
   577 ;;		None
   578 ;; Auto vars:     Size  Location     Type
   579 ;;		None
   580 ;; Return value:  Size  Location     Type
   581 ;;                  1    wreg      void 
   582 ;; Registers used:
   583 ;;		wreg, status,2, status,0
   584 ;; Tracked objects:
   585 ;;		On entry : 0/0
   586 ;;		On exit  : 0/0
   587 ;;		Unchanged: 0/0
   588 ;; Data sizes:     COMMON   BANK0   BANK1   BANK2   BANK3   BANK4   BANK5   BANK6   BANK7   BANK8   BANK9  BANK10  BANK1
      +1  BANK12  BANK13  BANK14  BANK15  BANK16  BANK17  BANK18  BANK19  BANK20  BANK21  BANK22  BANK23  BANK24  BANK25
   589 ;;      Params:         0       0       0       0       0       0       0       0       0       0       0       0       
      +0       0       0       0       0       0       0       0       0       0       0       0       0       0       0
   590 ;;      Locals:         0       0       0       0       0       0       0       0       0       0       0       0       
      +0       0       0       0       0       0       0       0       0       0       0       0       0       0       0
   591 ;;      Temps:          0       0       0       0       0       0       0       0       0       0       0       0       
      +0       0       0       0       0       0       0       0       0       0       0       0       0       0       0
   592 ;;      Totals:         0       0       0       0       0       0       0       0       0       0       0       0       
      +0       0       0       0       0       0       0       0       0       0       0       0       0       0       0
   593 ;;Total ram usage:        0 bytes
   594 ;; Hardware stack levels used: 1
   595 ;; Hardware stack levels required when called: 1
   596 ;; This function calls:
   597 ;;		Nothing
   598 ;; This function is called by:
   599 ;;		_main
   600 ;; This function uses a non-reentrant model
   601 ;;
   602                           
   603     004B                     _init:	
   604                           ;psect for function _init
   605                           
   606     004B                     l574:	
   607                           ;incstack = 0
   608                           ; Regs used in _init: [wreg+status,2+status,0]
   609                           
   610                           
   611                           ;main.c: 8:     RC6PPSbits.RC6PPS = 0x14;
   612     004B  003D               	movlb	29	; select bank29
   613     004C  0826               	movf	38,w	;volatile
   614     004D  39E0               	andlw	-32
   615     004E  3814               	iorlw	20
   616     004F  00A6               	movwf	38	;volatile
   617                           
   618                           ;main.c: 9:     RXPPSbits.RXPPS = 0x17;
   619     0050  003C               	movlb	28	; select bank28
   620     0051  0824               	movf	36,w	;volatile
   621     0052  39E0               	andlw	-32
   622     0053  3817               	iorlw	23
   623     0054  00A4               	movwf	36	;volatile
   624     0055                     l576:
   625                           
   626                           ;main.c: 12:     TRISCbits.TRISC6 = 0;
   627     0055  0021               	movlb	1	; select bank1
   628     0056  130E               	bcf	14,6	;volatile
   629     0057                     l578:
   630                           
   631                           ;main.c: 13:     TRISCbits.TRISC7 = 1;
   632     0057  178E               	bsf	14,7	;volatile
   633     0058                     l580:
   634                           
   635                           ;main.c: 14:     ANSELCbits.ANSC7 = 0;
   636     0058  0023               	movlb	3	; select bank3
   637     0059  138E               	bcf	14,7	;volatile
   638     005A                     l582:
   639                           
   640                           ;main.c: 17:     TX1STAbits.SYNC = 0;
   641     005A  121E               	bcf	30,4	;volatile
   642     005B                     l584:
   643                           
   644                           ;main.c: 18:     TX1STAbits.BRGH = 0;
   645     005B  111E               	bcf	30,2	;volatile
   646     005C                     l586:
   647                           
   648                           ;main.c: 19:     BAUD1CONbits.BRG16 = 0;
   649     005C  119F               	bcf	31,3	;volatile
   650     005D                     l588:
   651                           
   652                           ;main.c: 20:     SP1BRGHbits.SP1BRGH = 0;
   653     005D  019C               	clrf	28	;volatile
   654     005E                     l590:
   655                           
   656                           ;main.c: 21:     SP1BRGLbits.SP1BRGL = 0x0C;
   657     005E  300C               	movlw	12
   658     005F  009B               	movwf	27	;volatile
   659     0060                     l592:
   660                           
   661                           ;main.c: 24:     RC1STAbits.SPEN = 1;
   662     0060  179D               	bsf	29,7	;volatile
   663     0061                     l594:
   664                           
   665                           ;main.c: 25:     TX1STAbits.TXEN = 1;
   666     0061  169E               	bsf	30,5	;volatile
   667     0062                     l596:
   668                           
   669                           ;main.c: 26:     RC1STAbits.CREN = 1;
   670     0062  161D               	bsf	29,4	;volatile
   671     0063                     l598:
   672                           
   673                           ;main.c: 28:     INTCONbits.GIE = 1;
   674     0063  178B               	bsf	11,7	;volatile
   675     0064                     l600:
   676                           
   677                           ;main.c: 29:     INTCONbits.PEIE = 1;
   678     0064  170B               	bsf	11,6	;volatile
   679     0065                     l602:
   680                           
   681                           ;main.c: 30:     PIE1bits.RCIE = 1;
   682     0065  0021               	movlb	1	; select bank1
   683     0066  1691               	bsf	17,5	;volatile
   684     0067                     l31:
   685     0067  0008               	return
   686     0068                     __end_of_init:
   687                           
   688                           	psect	intentry
   689     0004                     __pintentry:	
   690 ;; *************** function _isr *****************
   691 ;; Defined at:
   692 ;;		line 33 in file "main.c"
   693 ;; Parameters:    Size  Location     Type
   694 ;;		None
   695 ;; Auto vars:     Size  Location     Type
   696 ;;		None
   697 ;; Return value:  Size  Location     Type
   698 ;;                  1    wreg      void 
   699 ;; Registers used:
   700 ;;		wreg
   701 ;; Tracked objects:
   702 ;;		On entry : 0/0
   703 ;;		On exit  : 0/0
   704 ;;		Unchanged: 0/0
   705 ;; Data sizes:     COMMON   BANK0   BANK1   BANK2   BANK3   BANK4   BANK5   BANK6   BANK7   BANK8   BANK9  BANK10  BANK1
      +1  BANK12  BANK13  BANK14  BANK15  BANK16  BANK17  BANK18  BANK19  BANK20  BANK21  BANK22  BANK23  BANK24  BANK25
   706 ;;      Params:         0       0       0       0       0       0       0       0       0       0       0       0       
      +0       0       0       0       0       0       0       0       0       0       0       0       0       0       0
   707 ;;      Locals:         0       0       0       0       0       0       0       0       0       0       0       0       
      +0       0       0       0       0       0       0       0       0       0       0       0       0       0       0
   708 ;;      Temps:          0       0       0       0       0       0       0       0       0       0       0       0       
      +0       0       0       0       0       0       0       0       0       0       0       0       0       0       0
   709 ;;      Totals:         0       0       0       0       0       0       0       0       0       0       0       0       
      +0       0       0       0       0       0       0       0       0       0       0       0       0       0       0
   710 ;;Total ram usage:        0 bytes
   711 ;; Hardware stack levels used: 1
   712 ;; This function calls:
   713 ;;		Nothing
   714 ;; This function is called by:
   715 ;;		Interrupt level 1
   716 ;; This function uses a non-reentrant model
   717 ;;
   718                           
   719     0004                     _isr:
   720                           
   721                           ;incstack = 0
   722     0004  147E               	bsf	int$flags,0	;set compiler interrupt flag (level 1)
   723                           
   724                           ; Regs used in _isr: [wreg]
   725     0005  3180               	pagesel	$
   726     0006                     i1l604:
   727                           
   728                           ;main.c: 34:     TX1REG = RC1REG;
   729     0006  0023               	movlb	3	; select bank3
   730     0007  0819               	movf	25,w	;volatile
   731     0008  009A               	movwf	26	;volatile
   732     0009                     i1l36:
   733     0009  107E               	bcf	int$flags,0	;clear compiler interrupt flag (level 1)
   734     000A  0009               	retfie
   735     000B                     __end_of_isr:
   736     007E                     btemp	set	126	;btemp
   737     007E                     int$flags	set	126
   738     007E                     wtemp0	set	126
   739                           
   740                           	psect	config
   741                           
   742                           ;Config register CONFIG1 @ 0x8007
   743                           ;	Oscillator Selection Bits
   744                           ;	FOSC = HS, HS Oscillator, High-speed crystal/resonator connected between OSC1 and OSC2
      +                           pins
   745                           ;	Watchdog Timer Enable
   746                           ;	WDTE = SWDTEN, WDT controlled by the SWDTEN bit in the WDTCON register
   747                           ;	Power-up Timer Enable
   748                           ;	PWRTE = OFF, PWRT disabled
   749                           ;	MCLR Pin Function Select
   750                           ;	MCLRE = ON, MCLR/VPP pin function is MCLR
   751                           ;	Flash Program Memory Code Protection
   752                           ;	CP = OFF, Program memory code protection is disabled
   753                           ;	Brown-out Reset Enable
   754                           ;	BOREN = ON, Brown-out Reset enabled
   755                           ;	Clock Out Enable
   756                           ;	CLKOUTEN = OFF, CLKOUT function is disabled. I/O or oscillator function on the CLKOUT 
      +                          pin
   757                           ;	Internal/External Switchover Mode
   758                           ;	IESO = ON, Internal/External Switchover Mode is enabled
   759                           ;	Fail-Safe Clock Monitor Enable
   760                           ;	FCMEN = ON, Fail-Safe Clock Monitor is enabled
   761     8007                     	org	32775
   762     8007  3FEA               	dw	16362
   763                           
   764                           ;Config register CONFIG2 @ 0x8008
   765                           ;	Flash Memory Self-Write Protection
   766                           ;	WRT = OFF, Write protection off
   767                           ;	Peripheral Pin Select one-way control
   768                           ;	PPS1WAY = OFF, The PPSLOCK bit can be set and cleared repeatedly by software
   769                           ;	Zero-cross detect disable
   770                           ;	ZCDDIS = ON, ZCD disabled. ZCD can be enabled by setting the ZCDSEN bit of ZCDCON
   771                           ;	Phase Lock Loop enable
   772                           ;	PLLEN = OFF, 4x PLL is disabled
   773                           ;	Stack Overflow/Underflow Reset Enable
   774                           ;	STVREN = ON, Stack Overflow or Underflow will cause a Reset
   775                           ;	Brown-out Reset Voltage Selection
   776                           ;	BORV = LO, Brown-out Reset Voltage (Vbor), low trip point selected.
   777                           ;	Low-Power Brown Out Reset
   778                           ;	LPBOR = OFF, Low-Power BOR is disabled
   779                           ;	In-Circuit Debugger Mode
   780                           ;	DEBUG = 0x1, unprogrammed default
   781                           ;	Low-Voltage Programming Enable
   782                           ;	LVP = OFF, High-voltage on MCLR/VPP must be used for programming
   783     8008                     	org	32776
   784     8008  1EFB               	dw	7931

Data Sizes:
    Strings     0
    Constant    0
    Data        16
    BSS         0
    Persistent  32
    Stack       0

Auto Spaces:
    Space          Size  Autos    Used
    COMMON           14      4       4
    BANK0            80      0      16
    BANK1            80      0       0
    BANK2            80      0       0
    BANK3            80      0       0
    BANK4            80      0       0
    BANK5            80      0       0
    BANK6            80      0       0
    BANK7            80      0       0
    BANK8            80      0       0
    BANK9            80      0       0
    BANK10           80      0       0
    BANK11           80      0       0
    BANK12           80      0       0
    BANK13           80      0       0
    BANK14           80      0       0
    BANK15           80      0       0
    BANK16           80      0       0
    BANK17           80      0       0
    BANK18           80      0       0
    BANK19           80      0       0
    BANK20           80      0       0
    BANK21           80      0       0
    BANK22           80      0       0
    BANK23           80      0       0
    BANK24           80      0       0
    BANK25           32      0       0

Pointer List with Targets:

    None.

Critical Paths under _main in COMMON

    None.

Critical Paths under _isr in COMMON

    None.

Critical Paths under _main in BANK0

    None.

Critical Paths under _isr in BANK0

    None.

Critical Paths under _main in BANK1

    None.

Critical Paths under _isr in BANK1

    None.

Critical Paths under _main in BANK2

    None.

Critical Paths under _isr in BANK2

    None.

Critical Paths under _main in BANK3

    None.

Critical Paths under _isr in BANK3

    None.

Critical Paths under _main in BANK4

    None.

Critical Paths under _isr in BANK4

    None.

Critical Paths under _main in BANK5

    None.

Critical Paths under _isr in BANK5

    None.

Critical Paths under _main in BANK6

    None.

Critical Paths under _isr in BANK6

    None.

Critical Paths under _main in BANK7

    None.

Critical Paths under _isr in BANK7

    None.

Critical Paths under _main in BANK8

    None.

Critical Paths under _isr in BANK8

    None.

Critical Paths under _main in BANK9

    None.

Critical Paths under _isr in BANK9

    None.

Critical Paths under _main in BANK10

    None.

Critical Paths under _isr in BANK10

    None.

Critical Paths under _main in BANK11

    None.

Critical Paths under _isr in BANK11

    None.

Critical Paths under _main in BANK12

    None.

Critical Paths under _isr in BANK12

    None.

Critical Paths under _main in BANK13

    None.

Critical Paths under _isr in BANK13

    None.

Critical Paths under _main in BANK14

    None.

Critical Paths under _isr in BANK14

    None.

Critical Paths under _main in BANK15

    None.

Critical Paths under _isr in BANK15

    None.

Critical Paths under _main in BANK16

    None.

Critical Paths under _isr in BANK16

    None.

Critical Paths under _main in BANK17

    None.

Critical Paths under _isr in BANK17

    None.

Critical Paths under _main in BANK18

    None.

Critical Paths under _isr in BANK18

    None.

Critical Paths under _main in BANK19

    None.

Critical Paths under _isr in BANK19

    None.

Critical Paths under _main in BANK20

    None.

Critical Paths under _isr in BANK20

    None.

Critical Paths under _main in BANK21

    None.

Critical Paths under _isr in BANK21

    None.

Critical Paths under _main in BANK22

    None.

Critical Paths under _isr in BANK22

    None.

Critical Paths under _main in BANK23

    None.

Critical Paths under _isr in BANK23

    None.

Critical Paths under _main in BANK24

    None.

Critical Paths under _isr in BANK24

    None.

Critical Paths under _main in BANK25

    None.

Critical Paths under _isr in BANK25

    None.

Call Graph Tables:

 ---------------------------------------------------------------------------------
 (Depth) Function   	        Calls       Base Space   Used Autos Params    Refs
 ---------------------------------------------------------------------------------
 (0) _main                                                 4     4      0      45
                                              0 COMMON     4     4      0
                               _init
 ---------------------------------------------------------------------------------
 (1) _init                                                 0     0      0       0
 ---------------------------------------------------------------------------------
 Estimated maximum stack depth 1
 ---------------------------------------------------------------------------------
 (Depth) Function   	        Calls       Base Space   Used Autos Params    Refs
 ---------------------------------------------------------------------------------
 (2) _isr                                                  0     0      0       0
 ---------------------------------------------------------------------------------
 Estimated maximum stack depth 2
 ---------------------------------------------------------------------------------

 Call Graph Graphs:

 _main (ROOT)
   _init

 _isr (ROOT)

 Address spaces:
Name               Size   Autos  Total    Cost      Usage
BIGRAM             7F0      0       0       0        0.0%
NULL                 0      0       0       0        0.0%
CODE                 0      0       0       0        0.0%
BITCOMMON            E      0       0       1        0.0%
BITSFR0              0      0       0       1        0.0%
SFR0                 0      0       0       1        0.0%
COMMON               E      4       4       2       28.6%
BITSFR1              0      0       0       2        0.0%
SFR1                 0      0       0       2        0.0%
BITSFR2              0      0       0       3        0.0%
SFR2                 0      0       0       3        0.0%
STACK                0      0       0       3        0.0%
BITBANK0            50      0       0       4        0.0%
BITSFR3              0      0       0       4        0.0%
SFR3                 0      0       0       4        0.0%
BANK0               50      0      10       5       20.0%
BITSFR4              0      0       0       5        0.0%
SFR4                 0      0       0       5        0.0%
BITBANK1            50      0       0       6        0.0%
BITSFR5              0      0       0       6        0.0%
SFR5                 0      0       0       6        0.0%
BANK1               50      0       0       7        0.0%
BITSFR6              0      0       0       7        0.0%
SFR6                 0      0       0       7        0.0%
BITBANK2            50      0       0       8        0.0%
BITSFR7              0      0       0       8        0.0%
SFR7                 0      0       0       8        0.0%
BANK2               50      0       0       9        0.0%
BITSFR8              0      0       0       9        0.0%
SFR8                 0      0       0       9        0.0%
BITBANK3            50      0       0      10        0.0%
BITSFR9              0      0       0      10        0.0%
SFR9                 0      0       0      10        0.0%
BANK3               50      0       0      11        0.0%
BITSFR10             0      0       0      11        0.0%
SFR10                0      0       0      11        0.0%
BITBANK4            50      0       0      12        0.0%
BITSFR11             0      0       0      12        0.0%
SFR11                0      0       0      12        0.0%
BANK4               50      0       0      13        0.0%
BITSFR12             0      0       0      13        0.0%
SFR12                0      0       0      13        0.0%
BITSFR13             0      0       0      14        0.0%
SFR13                0      0       0      14        0.0%
ABS                  0      0      14      14        0.0%
BITBANK5            50      0       0      15        0.0%
BITSFR14             0      0       0      15        0.0%
SFR14                0      0       0      15        0.0%
BANK5               50      0       0      16        0.0%
BITSFR15             0      0       0      16        0.0%
SFR15                0      0       0      16        0.0%
BITBANK6            50      0       0      17        0.0%
BITSFR16             0      0       0      17        0.0%
SFR16                0      0       0      17        0.0%
BANK6               50      0       0      18        0.0%
BITSFR17             0      0       0      18        0.0%
SFR17                0      0       0      18        0.0%
BITBANK7            50      0       0      19        0.0%
BITSFR18             0      0       0      19        0.0%
SFR18                0      0       0      19        0.0%
BANK7               50      0       0      20        0.0%
BITSFR19             0      0       0      20        0.0%
SFR19                0      0       0      20        0.0%
BITBANK8            50      0       0      21        0.0%
BITSFR20             0      0       0      21        0.0%
SFR20                0      0       0      21        0.0%
BANK8               50      0       0      22        0.0%
BITSFR21             0      0       0      22        0.0%
SFR21                0      0       0      22        0.0%
BITBANK9            50      0       0      23        0.0%
BITSFR22             0      0       0      23        0.0%
SFR22                0      0       0      23        0.0%
BANK9               50      0       0      24        0.0%
BITSFR23             0      0       0      24        0.0%
SFR23                0      0       0      24        0.0%
BITBANK10           50      0       0      25        0.0%
BITSFR24             0      0       0      25        0.0%
SFR24                0      0       0      25        0.0%
BANK10              50      0       0      26        0.0%
BITSFR25             0      0       0      26        0.0%
SFR25                0      0       0      26        0.0%
BITBANK11           50      0       0      27        0.0%
BITSFR26             0      0       0      27        0.0%
SFR26                0      0       0      27        0.0%
BITSFR27             0      0       0      28        0.0%
SFR27                0      0       0      28        0.0%
DATA                 0      0      14      28        0.0%
BANK11              50      0       0      29        0.0%
BITSFR28             0      0       0      29        0.0%
SFR28                0      0       0      29        0.0%
BITBANK12           50      0       0      30        0.0%
BITSFR29             0      0       0      30        0.0%
SFR29                0      0       0      30        0.0%
BANK12              50      0       0      31        0.0%
BITSFR30             0      0       0      31        0.0%
SFR30                0      0       0      31        0.0%
BITBANK13           50      0       0      32        0.0%
BITSFR31             0      0       0      32        0.0%
SFR31                0      0       0      32        0.0%
BANK13              50      0       0      33        0.0%
BITBANK14           50      0       0      34        0.0%
BANK14              50      0       0      35        0.0%
BITBANK15           50      0       0      36        0.0%
BANK15              50      0       0      37        0.0%
BITBANK16           50      0       0      38        0.0%
BANK16              50      0       0      39        0.0%
BITBANK17           50      0       0      40        0.0%
BANK17              50      0       0      41        0.0%
BITBANK18           50      0       0      42        0.0%
BANK18              50      0       0      43        0.0%
BITBANK19           50      0       0      44        0.0%
BANK19              50      0       0      45        0.0%
BITBANK20           50      0       0      46        0.0%
BANK20              50      0       0      47        0.0%
BITBANK21           50      0       0      48        0.0%
BANK21              50      0       0      49        0.0%
BITBANK22           50      0       0      50        0.0%
BANK22              50      0       0      51        0.0%
BITBANK23           50      0       0      52        0.0%
BANK23              50      0       0      53        0.0%
BITBANK24           50      0       0      54        0.0%
BANK24              50      0       0      55        0.0%
BITBANK25           20      0       0      56        0.0%
BANK25              20      0       0      57        0.0%


Microchip Technology PIC Macro Assembler V2.45 build 20230818022343 
Symbol Table                                                                                   Mon Feb  5 12:08:44 2024

                     l31 0067                       l45 0048                       u10 0048  
                     u11 0047                       u27 0025                       u37 0037  
                    l600 0064                      l602 0065                      l610 002B  
                    l620 003B                      l622 003F                      l606 001D  
                    l616 002D                      l608 0020                      l618 0034  
                    l580 0058                      l590 005E                      l582 005A  
                    l574 004B                      l592 0060                      l584 005B  
                    l576 0055                      l594 0061                      l586 005C  
                    l578 0057                      l596 0062                      l588 005D  
                    l598 0063                      _isr 0004                      wreg 0009  
           _BAUD1CONbits 019F                     ?_isr 0070                     i1l36 0009  
                   _main 001D                     _init 004B                     fsr0h 0005  
                   fsr1h 0007                     fsr0l 0004                     indf1 0001  
                   fsr1l 0006                     btemp 007E                     start 000B  
                  ??_isr 0070                    ?_main 0070                    ?_init 0070  
                  i1l604 0006                    main@i 0072                    wtemp0 007E  
        __initialization 000D             __end_of_main 004B             __end_of_init 0068  
                 ??_main 0070                   ??_init 0070                   _RC1REG 0199  
                 _TX1REG 019A  __end_of__initialization 0019           __pcstackCOMMON 0070  
           __pidataBANK0 0068               __pmaintext 001D               __pintentry 0004  
                __ptext1 004B                  _tableau 0020     end_of_initialization 0019  
                init_ram 0078                  initloop 0079                _TRISCbits 008E  
              _RXPPSbits 0E24      start_initialization 000D              __end_of_isr 000B  
            __pdataBANK0 0020                ___latbits 0003                 _PIE1bits 0091  
            _SP1BRGHbits 019C              _SP1BRGLbits 019B               _ANSELCbits 018E  
             _RC1STAbits 019D                 int$flags 007E               _RC6PPSbits 0EA6  
             _INTCONbits 000B                 intlevel1 0000               _TX1STAbits 019E  
