

Microchip MPLAB XC8 Assembler V2.45 build 20230818022343 
                                                                                               Mon Feb  5 11:00:59 2024

Microchip MPLAB XC8 C Compiler v2.45 (Free license) build 20230818022343 Og1 
     1                           	processor	16F1719
     2                           	pagewidth 120
     3                           	opt	flic
     4                           	psect	idataBANK0,global,class=CODE,delta=2,noexec
     5                           	psect	cinit,global,class=CODE,merge=1,delta=2
     6                           	psect	dataBANK0,global,class=BANK0,space=1,delta=1,noexec
     7                           	psect	inittext,global,class=CODE,delta=2
     8                           	psect	cstackCOMMON,global,class=COMMON,space=1,delta=1,noexec
     9                           	psect	maintext,global,class=CODE,merge=1,split=1,delta=2
    10                           	psect	text1,local,class=CODE,merge=1,delta=2
    11                           	psect	config,global,abs,ovrld,class=CONFIG,space=4,delta=2,noexec
    12                           	dabs	1,0x7E,2
    13     0000                     
    14                           ; Generated 06/07/2023 GMT
    15                           ; 
    16                           ; Copyright © 2023, Microchip Technology Inc. and its subsidiaries ("Microchip")
    17                           ; All rights reserved.
    18                           ; 
    19                           ; This software is developed by Microchip Technology Inc. and its subsidiaries ("Microch
      +                          ip").
    20                           ; 
    21                           ; Redistribution and use in source and binary forms, with or without modification, are
    22                           ; permitted provided that the following conditions are met:
    23                           ; 
    24                           ;     1. Redistributions of source code must retain the above copyright notice, this lis
      +                          t of
    25                           ;        conditions and the following disclaimer.
    26                           ; 
    27                           ;     2. Redistributions in binary form must reproduce the above copyright notice, this 
      +                          list
    28                           ;        of conditions and the following disclaimer in the documentation and/or other
    29                           ;        materials provided with the distribution. Publication is not required when
    30                           ;        this file is used in an embedded application.
    31                           ; 
    32                           ;     3. Microchip's name may not be used to endorse or promote products derived from th
      +                          is
    33                           ;        software without specific prior written permission.
    34                           ; 
    35                           ; THIS SOFTWARE IS PROVIDED BY MICROCHIP "AS IS" AND ANY EXPRESS OR IMPLIED WARRANTIES,
    36                           ; INCLUDING, BUT NOT LIMITED TO, THE IMPLIED WARRANTIES OF MERCHANTABILITY AND FITNESS F
      +                          OR
    37                           ; PURPOSE ARE DISCLAIMED.  IN NO EVENT SHALL MICROCHIP BE LIABLE FOR ANY DIRECT, INDIREC
      +                          T,
    38                           ; INCIDENTAL, SPECIAL, EXEMPLARY, OR CONSEQUENTIAL DAMAGES (INCLUDING BUT NOT LIMITED TO
    39                           ; PROCUREMENT OF SUBSTITUTE GOODS OR SERVICES; LOSS OF USE, DATA OR PROFITS; OR BUSINESS
    40                           ; INTERRUPTION) HOWSOEVER CAUSED AND ON ANY THEORY OF LIABILITY, WHETHER IN CONTRACT, ST
      +                          RICT
    41                           ; LIABILITY, OR TORT (INCLUDING NEGLIGENCE OR OTHERWISE) ARISING IN ANY WAY OUT OF THE U
      +                          SE OF
    42                           ; THIS SOFTWARE, EVEN IF ADVISED OF THE POSSIBILITY OF SUCH DAMAGE.
    43                           ; 
    44                           ; 
    45                           ; Code-generator required, PIC16F1719 Definitions
    46                           ; 
    47                           ; SFR Addresses
    48     0000                     	;# 
    49     0001                     	;# 
    50     0002                     	;# 
    51     0003                     	;# 
    52     0004                     	;# 
    53     0005                     	;# 
    54     0006                     	;# 
    55     0007                     	;# 
    56     0008                     	;# 
    57     0009                     	;# 
    58     000A                     	;# 
    59     000B                     	;# 
    60     000C                     	;# 
    61     000D                     	;# 
    62     000E                     	;# 
    63     000F                     	;# 
    64     0010                     	;# 
    65     0011                     	;# 
    66     0012                     	;# 
    67     0013                     	;# 
    68     0015                     	;# 
    69     0016                     	;# 
    70     0016                     	;# 
    71     0017                     	;# 
    72     0018                     	;# 
    73     0019                     	;# 
    74     001A                     	;# 
    75     001B                     	;# 
    76     001C                     	;# 
    77     008C                     	;# 
    78     008D                     	;# 
    79     008E                     	;# 
    80     008F                     	;# 
    81     0090                     	;# 
    82     0091                     	;# 
    83     0092                     	;# 
    84     0093                     	;# 
    85     0095                     	;# 
    86     0096                     	;# 
    87     0097                     	;# 
    88     0098                     	;# 
    89     0099                     	;# 
    90     009A                     	;# 
    91     009B                     	;# 
    92     009B                     	;# 
    93     009C                     	;# 
    94     009D                     	;# 
    95     009E                     	;# 
    96     009F                     	;# 
    97     010C                     	;# 
    98     010D                     	;# 
    99     010E                     	;# 
   100     010F                     	;# 
   101     0110                     	;# 
   102     0111                     	;# 
   103     0112                     	;# 
   104     0113                     	;# 
   105     0114                     	;# 
   106     0115                     	;# 
   107     0116                     	;# 
   108     0117                     	;# 
   109     0118                     	;# 
   110     0119                     	;# 
   111     011A                     	;# 
   112     011B                     	;# 
   113     011B                     	;# 
   114     011C                     	;# 
   115     018C                     	;# 
   116     018D                     	;# 
   117     018E                     	;# 
   118     018F                     	;# 
   119     0190                     	;# 
   120     0191                     	;# 
   121     0191                     	;# 
   122     0192                     	;# 
   123     0193                     	;# 
   124     0193                     	;# 
   125     0194                     	;# 
   126     0195                     	;# 
   127     0196                     	;# 
   128     0197                     	;# 
   129     0199                     	;# 
   130     0199                     	;# 
   131     0199                     	;# 
   132     019A                     	;# 
   133     019A                     	;# 
   134     019A                     	;# 
   135     019B                     	;# 
   136     019B                     	;# 
   137     019B                     	;# 
   138     019B                     	;# 
   139     019B                     	;# 
   140     019C                     	;# 
   141     019C                     	;# 
   142     019C                     	;# 
   143     019D                     	;# 
   144     019D                     	;# 
   145     019D                     	;# 
   146     019E                     	;# 
   147     019E                     	;# 
   148     019E                     	;# 
   149     019F                     	;# 
   150     019F                     	;# 
   151     019F                     	;# 
   152     019F                     	;# 
   153     019F                     	;# 
   154     020C                     	;# 
   155     020D                     	;# 
   156     020E                     	;# 
   157     020F                     	;# 
   158     0210                     	;# 
   159     0211                     	;# 
   160     0211                     	;# 
   161     0212                     	;# 
   162     0212                     	;# 
   163     0213                     	;# 
   164     0213                     	;# 
   165     0214                     	;# 
   166     0214                     	;# 
   167     0215                     	;# 
   168     0215                     	;# 
   169     0215                     	;# 
   170     0215                     	;# 
   171     0216                     	;# 
   172     0216                     	;# 
   173     0217                     	;# 
   174     0217                     	;# 
   175     028C                     	;# 
   176     028D                     	;# 
   177     028E                     	;# 
   178     028F                     	;# 
   179     0290                     	;# 
   180     0291                     	;# 
   181     0291                     	;# 
   182     0292                     	;# 
   183     0293                     	;# 
   184     0293                     	;# 
   185     0298                     	;# 
   186     0298                     	;# 
   187     0299                     	;# 
   188     029A                     	;# 
   189     029A                     	;# 
   190     029E                     	;# 
   191     030C                     	;# 
   192     030D                     	;# 
   193     030E                     	;# 
   194     030F                     	;# 
   195     0310                     	;# 
   196     038C                     	;# 
   197     038D                     	;# 
   198     038E                     	;# 
   199     038F                     	;# 
   200     0390                     	;# 
   201     0391                     	;# 
   202     0392                     	;# 
   203     0393                     	;# 
   204     0394                     	;# 
   205     0395                     	;# 
   206     0396                     	;# 
   207     0397                     	;# 
   208     0398                     	;# 
   209     0399                     	;# 
   210     039D                     	;# 
   211     039E                     	;# 
   212     039F                     	;# 
   213     0415                     	;# 
   214     0416                     	;# 
   215     0417                     	;# 
   216     041C                     	;# 
   217     041D                     	;# 
   218     041E                     	;# 
   219     0498                     	;# 
   220     0498                     	;# 
   221     0499                     	;# 
   222     049A                     	;# 
   223     049B                     	;# 
   224     049B                     	;# 
   225     049C                     	;# 
   226     049D                     	;# 
   227     049E                     	;# 
   228     049F                     	;# 
   229     0511                     	;# 
   230     0515                     	;# 
   231     0617                     	;# 
   232     0618                     	;# 
   233     0619                     	;# 
   234     0619                     	;# 
   235     061A                     	;# 
   236     061B                     	;# 
   237     061C                     	;# 
   238     061C                     	;# 
   239     0691                     	;# 
   240     0692                     	;# 
   241     0693                     	;# 
   242     0694                     	;# 
   243     0695                     	;# 
   244     0696                     	;# 
   245     0697                     	;# 
   246     0698                     	;# 
   247     0699                     	;# 
   248     069A                     	;# 
   249     069B                     	;# 
   250     069C                     	;# 
   251     069D                     	;# 
   252     069E                     	;# 
   253     069F                     	;# 
   254     0E0F                     	;# 
   255     0E10                     	;# 
   256     0E11                     	;# 
   257     0E12                     	;# 
   258     0E13                     	;# 
   259     0E14                     	;# 
   260     0E15                     	;# 
   261     0E17                     	;# 
   262     0E20                     	;# 
   263     0E21                     	;# 
   264     0E22                     	;# 
   265     0E24                     	;# 
   266     0E25                     	;# 
   267     0E28                     	;# 
   268     0E29                     	;# 
   269     0E2A                     	;# 
   270     0E2B                     	;# 
   271     0E90                     	;# 
   272     0E91                     	;# 
   273     0E92                     	;# 
   274     0E93                     	;# 
   275     0E94                     	;# 
   276     0E95                     	;# 
   277     0E96                     	;# 
   278     0E97                     	;# 
   279     0E98                     	;# 
   280     0E99                     	;# 
   281     0E9A                     	;# 
   282     0E9B                     	;# 
   283     0E9C                     	;# 
   284     0E9D                     	;# 
   285     0E9E                     	;# 
   286     0E9F                     	;# 
   287     0EA0                     	;# 
   288     0EA1                     	;# 
   289     0EA2                     	;# 
   290     0EA3                     	;# 
   291     0EA4                     	;# 
   292     0EA5                     	;# 
   293     0EA6                     	;# 
   294     0EA7                     	;# 
   295     0EA8                     	;# 
   296     0EA9                     	;# 
   297     0EAA                     	;# 
   298     0EAB                     	;# 
   299     0EAC                     	;# 
   300     0EAD                     	;# 
   301     0EAE                     	;# 
   302     0EAF                     	;# 
   303     0EB0                     	;# 
   304     0EB1                     	;# 
   305     0EB2                     	;# 
   306     0F0F                     	;# 
   307     0F10                     	;# 
   308     0F11                     	;# 
   309     0F12                     	;# 
   310     0F13                     	;# 
   311     0F14                     	;# 
   312     0F15                     	;# 
   313     0F16                     	;# 
   314     0F17                     	;# 
   315     0F18                     	;# 
   316     0F19                     	;# 
   317     0F1A                     	;# 
   318     0F1B                     	;# 
   319     0F1C                     	;# 
   320     0F1D                     	;# 
   321     0F1E                     	;# 
   322     0F1F                     	;# 
   323     0F20                     	;# 
   324     0F21                     	;# 
   325     0F22                     	;# 
   326     0F23                     	;# 
   327     0F24                     	;# 
   328     0F25                     	;# 
   329     0F26                     	;# 
   330     0F27                     	;# 
   331     0F28                     	;# 
   332     0F29                     	;# 
   333     0F2A                     	;# 
   334     0F2B                     	;# 
   335     0F2C                     	;# 
   336     0F2D                     	;# 
   337     0F2E                     	;# 
   338     0F2F                     	;# 
   339     0F30                     	;# 
   340     0F31                     	;# 
   341     0F32                     	;# 
   342     0F33                     	;# 
   343     0F34                     	;# 
   344     0F35                     	;# 
   345     0F36                     	;# 
   346     0F37                     	;# 
   347     0FE4                     	;# 
   348     0FE5                     	;# 
   349     0FE6                     	;# 
   350     0FE7                     	;# 
   351     0FE8                     	;# 
   352     0FE9                     	;# 
   353     0FEA                     	;# 
   354     0FEB                     	;# 
   355     0FED                     	;# 
   356     0FEE                     	;# 
   357     0FEF                     	;# 
   358     0000                     	;# 
   359     0001                     	;# 
   360     0002                     	;# 
   361     0003                     	;# 
   362     0004                     	;# 
   363     0005                     	;# 
   364     0006                     	;# 
   365     0007                     	;# 
   366     0008                     	;# 
   367     0009                     	;# 
   368     000A                     	;# 
   369     000B                     	;# 
   370     000C                     	;# 
   371     000D                     	;# 
   372     000E                     	;# 
   373     000F                     	;# 
   374     0010                     	;# 
   375     0011                     	;# 
   376     0012                     	;# 
   377     0013                     	;# 
   378     0015                     	;# 
   379     0016                     	;# 
   380     0016                     	;# 
   381     0017                     	;# 
   382     0018                     	;# 
   383     0019                     	;# 
   384     001A                     	;# 
   385     001B                     	;# 
   386     001C                     	;# 
   387     008C                     	;# 
   388     008D                     	;# 
   389     008E                     	;# 
   390     008F                     	;# 
   391     0090                     	;# 
   392     0091                     	;# 
   393     0092                     	;# 
   394     0093                     	;# 
   395     0095                     	;# 
   396     0096                     	;# 
   397     0097                     	;# 
   398     0098                     	;# 
   399     0099                     	;# 
   400     009A                     	;# 
   401     009B                     	;# 
   402     009B                     	;# 
   403     009C                     	;# 
   404     009D                     	;# 
   405     009E                     	;# 
   406     009F                     	;# 
   407     010C                     	;# 
   408     010D                     	;# 
   409     010E                     	;# 
   410     010F                     	;# 
   411     0110                     	;# 
   412     0111                     	;# 
   413     0112                     	;# 
   414     0113                     	;# 
   415     0114                     	;# 
   416     0115                     	;# 
   417     0116                     	;# 
   418     0117                     	;# 
   419     0118                     	;# 
   420     0119                     	;# 
   421     011A                     	;# 
   422     011B                     	;# 
   423     011B                     	;# 
   424     011C                     	;# 
   425     018C                     	;# 
   426     018D                     	;# 
   427     018E                     	;# 
   428     018F                     	;# 
   429     0190                     	;# 
   430     0191                     	;# 
   431     0191                     	;# 
   432     0192                     	;# 
   433     0193                     	;# 
   434     0193                     	;# 
   435     0194                     	;# 
   436     0195                     	;# 
   437     0196                     	;# 
   438     0197                     	;# 
   439     0199                     	;# 
   440     0199                     	;# 
   441     0199                     	;# 
   442     019A                     	;# 
   443     019A                     	;# 
   444     019A                     	;# 
   445     019B                     	;# 
   446     019B                     	;# 
   447     019B                     	;# 
   448     019B                     	;# 
   449     019B                     	;# 
   450     019C                     	;# 
   451     019C                     	;# 
   452     019C                     	;# 
   453     019D                     	;# 
   454     019D                     	;# 
   455     019D                     	;# 
   456     019E                     	;# 
   457     019E                     	;# 
   458     019E                     	;# 
   459     019F                     	;# 
   460     019F                     	;# 
   461     019F                     	;# 
   462     019F                     	;# 
   463     019F                     	;# 
   464     020C                     	;# 
   465     020D                     	;# 
   466     020E                     	;# 
   467     020F                     	;# 
   468     0210                     	;# 
   469     0211                     	;# 
   470     0211                     	;# 
   471     0212                     	;# 
   472     0212                     	;# 
   473     0213                     	;# 
   474     0213                     	;# 
   475     0214                     	;# 
   476     0214                     	;# 
   477     0215                     	;# 
   478     0215                     	;# 
   479     0215                     	;# 
   480     0215                     	;# 
   481     0216                     	;# 
   482     0216                     	;# 
   483     0217                     	;# 
   484     0217                     	;# 
   485     028C                     	;# 
   486     028D                     	;# 
   487     028E                     	;# 
   488     028F                     	;# 
   489     0290                     	;# 
   490     0291                     	;# 
   491     0291                     	;# 
   492     0292                     	;# 
   493     0293                     	;# 
   494     0293                     	;# 
   495     0298                     	;# 
   496     0298                     	;# 
   497     0299                     	;# 
   498     029A                     	;# 
   499     029A                     	;# 
   500     029E                     	;# 
   501     030C                     	;# 
   502     030D                     	;# 
   503     030E                     	;# 
   504     030F                     	;# 
   505     0310                     	;# 
   506     038C                     	;# 
   507     038D                     	;# 
   508     038E                     	;# 
   509     038F                     	;# 
   510     0390                     	;# 
   511     0391                     	;# 
   512     0392                     	;# 
   513     0393                     	;# 
   514     0394                     	;# 
   515     0395                     	;# 
   516     0396                     	;# 
   517     0397                     	;# 
   518     0398                     	;# 
   519     0399                     	;# 
   520     039D                     	;# 
   521     039E                     	;# 
   522     039F                     	;# 
   523     0415                     	;# 
   524     0416                     	;# 
   525     0417                     	;# 
   526     041C                     	;# 
   527     041D                     	;# 
   528     041E                     	;# 
   529     0498                     	;# 
   530     0498                     	;# 
   531     0499                     	;# 
   532     049A                     	;# 
   533     049B                     	;# 
   534     049B                     	;# 
   535     049C                     	;# 
   536     049D                     	;# 
   537     049E                     	;# 
   538     049F                     	;# 
   539     0511                     	;# 
   540     0515                     	;# 
   541     0617                     	;# 
   542     0618                     	;# 
   543     0619                     	;# 
   544     0619                     	;# 
   545     061A                     	;# 
   546     061B                     	;# 
   547     061C                     	;# 
   548     061C                     	;# 
   549     0691                     	;# 
   550     0692                     	;# 
   551     0693                     	;# 
   552     0694                     	;# 
   553     0695                     	;# 
   554     0696                     	;# 
   555     0697                     	;# 
   556     0698                     	;# 
   557     0699                     	;# 
   558     069A                     	;# 
   559     069B                     	;# 
   560     069C                     	;# 
   561     069D                     	;# 
   562     069E                     	;# 
   563     069F                     	;# 
   564     0E0F                     	;# 
   565     0E10                     	;# 
   566     0E11                     	;# 
   567     0E12                     	;# 
   568     0E13                     	;# 
   569     0E14                     	;# 
   570     0E15                     	;# 
   571     0E17                     	;# 
   572     0E20                     	;# 
   573     0E21                     	;# 
   574     0E22                     	;# 
   575     0E24                     	;# 
   576     0E25                     	;# 
   577     0E28                     	;# 
   578     0E29                     	;# 
   579     0E2A                     	;# 
   580     0E2B                     	;# 
   581     0E90                     	;# 
   582     0E91                     	;# 
   583     0E92                     	;# 
   584     0E93                     	;# 
   585     0E94                     	;# 
   586     0E95                     	;# 
   587     0E96                     	;# 
   588     0E97                     	;# 
   589     0E98                     	;# 
   590     0E99                     	;# 
   591     0E9A                     	;# 
   592     0E9B                     	;# 
   593     0E9C                     	;# 
   594     0E9D                     	;# 
   595     0E9E                     	;# 
   596     0E9F                     	;# 
   597     0EA0                     	;# 
   598     0EA1                     	;# 
   599     0EA2                     	;# 
   600     0EA3                     	;# 
   601     0EA4                     	;# 
   602     0EA5                     	;# 
   603     0EA6                     	;# 
   604     0EA7                     	;# 
   605     0EA8                     	;# 
   606     0EA9                     	;# 
   607     0EAA                     	;# 
   608     0EAB                     	;# 
   609     0EAC                     	;# 
   610     0EAD                     	;# 
   611     0EAE                     	;# 
   612     0EAF                     	;# 
   613     0EB0                     	;# 
   614     0EB1                     	;# 
   615     0EB2                     	;# 
   616     0F0F                     	;# 
   617     0F10                     	;# 
   618     0F11                     	;# 
   619     0F12                     	;# 
   620     0F13                     	;# 
   621     0F14                     	;# 
   622     0F15                     	;# 
   623     0F16                     	;# 
   624     0F17                     	;# 
   625     0F18                     	;# 
   626     0F19                     	;# 
   627     0F1A                     	;# 
   628     0F1B                     	;# 
   629     0F1C                     	;# 
   630     0F1D                     	;# 
   631     0F1E                     	;# 
   632     0F1F                     	;# 
   633     0F20                     	;# 
   634     0F21                     	;# 
   635     0F22                     	;# 
   636     0F23                     	;# 
   637     0F24                     	;# 
   638     0F25                     	;# 
   639     0F26                     	;# 
   640     0F27                     	;# 
   641     0F28                     	;# 
   642     0F29                     	;# 
   643     0F2A                     	;# 
   644     0F2B                     	;# 
   645     0F2C                     	;# 
   646     0F2D                     	;# 
   647     0F2E                     	;# 
   648     0F2F                     	;# 
   649     0F30                     	;# 
   650     0F31                     	;# 
   651     0F32                     	;# 
   652     0F33                     	;# 
   653     0F34                     	;# 
   654     0F35                     	;# 
   655     0F36                     	;# 
   656     0F37                     	;# 
   657     0FE4                     	;# 
   658     0FE5                     	;# 
   659     0FE6                     	;# 
   660     0FE7                     	;# 
   661     0FE8                     	;# 
   662     0FE9                     	;# 
   663     0FEA                     	;# 
   664     0FEB                     	;# 
   665     0FED                     	;# 
   666     0FEE                     	;# 
   667     0FEF                     	;# 
   668     0000                     	;# 
   669     0001                     	;# 
   670     0002                     	;# 
   671     0003                     	;# 
   672     0004                     	;# 
   673     0005                     	;# 
   674     0006                     	;# 
   675     0007                     	;# 
   676     0008                     	;# 
   677     0009                     	;# 
   678     000A                     	;# 
   679     000B                     	;# 
   680     000C                     	;# 
   681     000D                     	;# 
   682     000E                     	;# 
   683     000F                     	;# 
   684     0010                     	;# 
   685     0011                     	;# 
   686     0012                     	;# 
   687     0013                     	;# 
   688     0015                     	;# 
   689     0016                     	;# 
   690     0016                     	;# 
   691     0017                     	;# 
   692     0018                     	;# 
   693     0019                     	;# 
   694     001A                     	;# 
   695     001B                     	;# 
   696     001C                     	;# 
   697     008C                     	;# 
   698     008D                     	;# 
   699     008E                     	;# 
   700     008F                     	;# 
   701     0090                     	;# 
   702     0091                     	;# 
   703     0092                     	;# 
   704     0093                     	;# 
   705     0095                     	;# 
   706     0096                     	;# 
   707     0097                     	;# 
   708     0098                     	;# 
   709     0099                     	;# 
   710     009A                     	;# 
   711     009B                     	;# 
   712     009B                     	;# 
   713     009C                     	;# 
   714     009D                     	;# 
   715     009E                     	;# 
   716     009F                     	;# 
   717     010C                     	;# 
   718     010D                     	;# 
   719     010E                     	;# 
   720     010F                     	;# 
   721     0110                     	;# 
   722     0111                     	;# 
   723     0112                     	;# 
   724     0113                     	;# 
   725     0114                     	;# 
   726     0115                     	;# 
   727     0116                     	;# 
   728     0117                     	;# 
   729     0118                     	;# 
   730     0119                     	;# 
   731     011A                     	;# 
   732     011B                     	;# 
   733     011B                     	;# 
   734     011C                     	;# 
   735     018C                     	;# 
   736     018D                     	;# 
   737     018E                     	;# 
   738     018F                     	;# 
   739     0190                     	;# 
   740     0191                     	;# 
   741     0191                     	;# 
   742     0192                     	;# 
   743     0193                     	;# 
   744     0193                     	;# 
   745     0194                     	;# 
   746     0195                     	;# 
   747     0196                     	;# 
   748     0197                     	;# 
   749     0199                     	;# 
   750     0199                     	;# 
   751     0199                     	;# 
   752     019A                     	;# 
   753     019A                     	;# 
   754     019A                     	;# 
   755     019B                     	;# 
   756     019B                     	;# 
   757     019B                     	;# 
   758     019B                     	;# 
   759     019B                     	;# 
   760     019C                     	;# 
   761     019C                     	;# 
   762     019C                     	;# 
   763     019D                     	;# 
   764     019D                     	;# 
   765     019D                     	;# 
   766     019E                     	;# 
   767     019E                     	;# 
   768     019E                     	;# 
   769     019F                     	;# 
   770     019F                     	;# 
   771     019F                     	;# 
   772     019F                     	;# 
   773     019F                     	;# 
   774     020C                     	;# 
   775     020D                     	;# 
   776     020E                     	;# 
   777     020F                     	;# 
   778     0210                     	;# 
   779     0211                     	;# 
   780     0211                     	;# 
   781     0212                     	;# 
   782     0212                     	;# 
   783     0213                     	;# 
   784     0213                     	;# 
   785     0214                     	;# 
   786     0214                     	;# 
   787     0215                     	;# 
   788     0215                     	;# 
   789     0215                     	;# 
   790     0215                     	;# 
   791     0216                     	;# 
   792     0216                     	;# 
   793     0217                     	;# 
   794     0217                     	;# 
   795     028C                     	;# 
   796     028D                     	;# 
   797     028E                     	;# 
   798     028F                     	;# 
   799     0290                     	;# 
   800     0291                     	;# 
   801     0291                     	;# 
   802     0292                     	;# 
   803     0293                     	;# 
   804     0293                     	;# 
   805     0298                     	;# 
   806     0298                     	;# 
   807     0299                     	;# 
   808     029A                     	;# 
   809     029A                     	;# 
   810     029E                     	;# 
   811     030C                     	;# 
   812     030D                     	;# 
   813     030E                     	;# 
   814     030F                     	;# 
   815     0310                     	;# 
   816     038C                     	;# 
   817     038D                     	;# 
   818     038E                     	;# 
   819     038F                     	;# 
   820     0390                     	;# 
   821     0391                     	;# 
   822     0392                     	;# 
   823     0393                     	;# 
   824     0394                     	;# 
   825     0395                     	;# 
   826     0396                     	;# 
   827     0397                     	;# 
   828     0398                     	;# 
   829     0399                     	;# 
   830     039D                     	;# 
   831     039E                     	;# 
   832     039F                     	;# 
   833     0415                     	;# 
   834     0416                     	;# 
   835     0417                     	;# 
   836     041C                     	;# 
   837     041D                     	;# 
   838     041E                     	;# 
   839     0498                     	;# 
   840     0498                     	;# 
   841     0499                     	;# 
   842     049A                     	;# 
   843     049B                     	;# 
   844     049B                     	;# 
   845     049C                     	;# 
   846     049D                     	;# 
   847     049E                     	;# 
   848     049F                     	;# 
   849     0511                     	;# 
   850     0515                     	;# 
   851     0617                     	;# 
   852     0618                     	;# 
   853     0619                     	;# 
   854     0619                     	;# 
   855     061A                     	;# 
   856     061B                     	;# 
   857     061C                     	;# 
   858     061C                     	;# 
   859     0691                     	;# 
   860     0692                     	;# 
   861     0693                     	;# 
   862     0694                     	;# 
   863     0695                     	;# 
   864     0696                     	;# 
   865     0697                     	;# 
   866     0698                     	;# 
   867     0699                     	;# 
   868     069A                     	;# 
   869     069B                     	;# 
   870     069C                     	;# 
   871     069D                     	;# 
   872     069E                     	;# 
   873     069F                     	;# 
   874     0E0F                     	;# 
   875     0E10                     	;# 
   876     0E11                     	;# 
   877     0E12                     	;# 
   878     0E13                     	;# 
   879     0E14                     	;# 
   880     0E15                     	;# 
   881     0E17                     	;# 
   882     0E20                     	;# 
   883     0E21                     	;# 
   884     0E22                     	;# 
   885     0E24                     	;# 
   886     0E25                     	;# 
   887     0E28                     	;# 
   888     0E29                     	;# 
   889     0E2A                     	;# 
   890     0E2B                     	;# 
   891     0E90                     	;# 
   892     0E91                     	;# 
   893     0E92                     	;# 
   894     0E93                     	;# 
   895     0E94                     	;# 
   896     0E95                     	;# 
   897     0E96                     	;# 
   898     0E97                     	;# 
   899     0E98                     	;# 
   900     0E99                     	;# 
   901     0E9A                     	;# 
   902     0E9B                     	;# 
   903     0E9C                     	;# 
   904     0E9D                     	;# 
   905     0E9E                     	;# 
   906     0E9F                     	;# 
   907     0EA0                     	;# 
   908     0EA1                     	;# 
   909     0EA2                     	;# 
   910     0EA3                     	;# 
   911     0EA4                     	;# 
   912     0EA5                     	;# 
   913     0EA6                     	;# 
   914     0EA7                     	;# 
   915     0EA8                     	;# 
   916     0EA9                     	;# 
   917     0EAA                     	;# 
   918     0EAB                     	;# 
   919     0EAC                     	;# 
   920     0EAD                     	;# 
   921     0EAE                     	;# 
   922     0EAF                     	;# 
   923     0EB0                     	;# 
   924     0EB1                     	;# 
   925     0EB2                     	;# 
   926     0F0F                     	;# 
   927     0F10                     	;# 
   928     0F11                     	;# 
   929     0F12                     	;# 
   930     0F13                     	;# 
   931     0F14                     	;# 
   932     0F15                     	;# 
   933     0F16                     	;# 
   934     0F17                     	;# 
   935     0F18                     	;# 
   936     0F19                     	;# 
   937     0F1A                     	;# 
   938     0F1B                     	;# 
   939     0F1C                     	;# 
   940     0F1D                     	;# 
   941     0F1E                     	;# 
   942     0F1F                     	;# 
   943     0F20                     	;# 
   944     0F21                     	;# 
   945     0F22                     	;# 
   946     0F23                     	;# 
   947     0F24                     	;# 
   948     0F25                     	;# 
   949     0F26                     	;# 
   950     0F27                     	;# 
   951     0F28                     	;# 
   952     0F29                     	;# 
   953     0F2A                     	;# 
   954     0F2B                     	;# 
   955     0F2C                     	;# 
   956     0F2D                     	;# 
   957     0F2E                     	;# 
   958     0F2F                     	;# 
   959     0F30                     	;# 
   960     0F31                     	;# 
   961     0F32                     	;# 
   962     0F33                     	;# 
   963     0F34                     	;# 
   964     0F35                     	;# 
   965     0F36                     	;# 
   966     0F37                     	;# 
   967     0FE4                     	;# 
   968     0FE5                     	;# 
   969     0FE6                     	;# 
   970     0FE7                     	;# 
   971     0FE8                     	;# 
   972     0FE9                     	;# 
   973     0FEA                     	;# 
   974     0FEB                     	;# 
   975     0FED                     	;# 
   976     0FEE                     	;# 
   977     0FEF                     	;# 
   978                           
   979                           	psect	idataBANK0
   980     079A                     __pidataBANK0:
   981                           
   982                           ;initializer for _tableau
   983     079A  3448               	retlw	72
   984     079B  3465               	retlw	101
   985     079C  346C               	retlw	108
   986     079D  346C               	retlw	108
   987     079E  346F               	retlw	111
   988     079F  342C               	retlw	44
   989     07A0  3420               	retlw	32
   990     07A1  3457               	retlw	87
   991     07A2  346F               	retlw	111
   992     07A3  3472               	retlw	114
   993     07A4  346C               	retlw	108
   994     07A5  3464               	retlw	100
   995     07A6  3420               	retlw	32
   996     07A7  3421               	retlw	33
   997     07A8  340A               	retlw	10
   998     07A9  340D               	retlw	13
   999     008E                     _TRISCbits	set	142
  1000     008C                     _TRISAbits	set	140
  1001     010E                     _LATCbits	set	270
  1002     010C                     _LATAbits	set	268
  1003     019A                     _TX1REG	set	410
  1004     019D                     _RC1STAbits	set	413
  1005     019B                     _SP1BRGLbits	set	411
  1006     019C                     _SP1BRGHbits	set	412
  1007     019F                     _BAUD1CONbits	set	415
  1008     019E                     _TX1STAbits	set	414
  1009     018E                     _ANSELCbits	set	398
  1010     0214                     _SSP1STATbits	set	532
  1011     0211                     _SSP1BUF	set	529
  1012     0215                     _SSP1CON1bits	set	533
  1013     0212                     _SSP1ADD	set	530
  1014     0215                     _SSP1CON1	set	533
  1015     0214                     _SSP1STAT	set	532
  1016     0E24                     _RXPPSbits	set	3620
  1017     0E20                     _SSPCLKPPSbits	set	3616
  1018     0E21                     _SSPDATPPSbits	set	3617
  1019     0EA6                     _RC6PPSbits	set	3750
  1020     0EA5                     _RC5PPSbits	set	3749
  1021     0EA3                     _RC3PPSbits	set	3747
  1022                           
  1023                           	psect	cinit
  1024     07F1                     start_initialization:	
  1025                           ; #config settings
  1026                           
  1027     07F1                     __initialization:
  1028                           
  1029                           ; Initialize objects allocated to BANK0
  1030     07F1  309A               	movlw	low __pidataBANK0
  1031     07F2  0084               	movwf	4
  1032     07F3  3087               	movlw	(high __pidataBANK0)| (0+128)
  1033     07F4  0085               	movwf	5
  1034     07F5  3020               	movlw	low __pdataBANK0
  1035     07F6  0086               	movwf	6
  1036     07F7  3000               	movlw	high __pdataBANK0
  1037     07F8  0087               	movwf	7
  1038     07F9  3010               	movlw	16
  1039     07FA  3187  2794  3187   	fcall	init_ram
  1040     07FD                     end_of_initialization:	
  1041                           ;End of C runtime variable initialization code
  1042                           
  1043     07FD                     __end_of__initialization:
  1044     07FD  0020               	movlb	0
  1045     07FE  3187  2FC3         	ljmp	_main	;jump to C main() function
  1046                           
  1047                           	psect	dataBANK0
  1048     0020                     __pdataBANK0:
  1049     0020                     _tableau:
  1050     0020                     	ds	16
  1051                           
  1052                           	psect	inittext
  1053     0794                     init_ram:
  1054     0794  00FE               	movwf	btemp
  1055     0795                     initloop:
  1056     0795  0012               	moviw fsr0++
  1057     0796  001E               	movwi fsr1++
  1058     0797  0BFE               	decfsz	btemp,f
  1059     0798  2F95               	goto	initloop
  1060     0799  3400               	retlw	0
  1061                           
  1062                           	psect	cstackCOMMON
  1063     0070                     __pcstackCOMMON:
  1064     0070                     ?_init:
  1065     0070                     ??_init:	
  1066                           ; 1 bytes @ 0x0
  1067                           
  1068     0070                     ?_main:	
  1069                           ; 1 bytes @ 0x0
  1070                           
  1071     0070                     ??_main:	
  1072                           ; 1 bytes @ 0x0
  1073                           
  1074                           
  1075                           ; 1 bytes @ 0x0
  1076     0070                     	ds	2
  1077     0072                     main@i:
  1078                           
  1079                           ; 2 bytes @ 0x2
  1080     0072                     	ds	2
  1081                           
  1082                           	psect	maintext
  1083     07C3                     __pmaintext:	
  1084 ;;
  1085 ;;Main: autosize = 0, tempsize = 2, incstack = 0, save=0
  1086 ;;
  1087 ;; *************** function _main *****************
  1088 ;; Defined at:
  1089 ;;		line 30 in file "../Ressources/main.c"
  1090 ;; Parameters:    Size  Location     Type
  1091 ;;		None
  1092 ;; Auto vars:     Size  Location     Type
  1093 ;;  i               2    2[COMMON] int 
  1094 ;; Return value:  Size  Location     Type
  1095 ;;                  1    wreg      void 
  1096 ;; Registers used:
  1097 ;;		wreg, fsr1l, fsr1h, status,2, status,0, pclath, cstack
  1098 ;; Tracked objects:
  1099 ;;		On entry : B1F/0
  1100 ;;		On exit  : 0/0
  1101 ;;		Unchanged: 0/0
  1102 ;; Data sizes:     COMMON   BANK0   BANK1   BANK2   BANK3   BANK4   BANK5   BANK6   BANK7   BANK8   BANK9  BANK10  BANK1
      +1  BANK12  BANK13  BANK14  BANK15  BANK16  BANK17  BANK18  BANK19  BANK20  BANK21  BANK22  BANK23  BANK24  BANK25
  1103 ;;      Params:         0       0       0       0       0       0       0       0       0       0       0       0       
      +0       0       0       0       0       0       0       0       0       0       0       0       0       0       0
  1104 ;;      Locals:         2       0       0       0       0       0       0       0       0       0       0       0       
      +0       0       0       0       0       0       0       0       0       0       0       0       0       0       0
  1105 ;;      Temps:          2       0       0       0       0       0       0       0       0       0       0       0       
      +0       0       0       0       0       0       0       0       0       0       0       0       0       0       0
  1106 ;;      Totals:         4       0       0       0       0       0       0       0       0       0       0       0       
      +0       0       0       0       0       0       0       0       0       0       0       0       0       0       0
  1107 ;;Total ram usage:        4 bytes
  1108 ;; Hardware stack levels required when called: 1
  1109 ;; This function calls:
  1110 ;;		_init
  1111 ;; This function is called by:
  1112 ;;		Startup code after reset
  1113 ;; This function uses a non-reentrant model
  1114 ;;
  1115                           
  1116     07C3                     _main:	
  1117                           ;psect for function _main
  1118                           
  1119     07C3                     l795:	
  1120                           ;incstack = 0
  1121                           ; Regs used in _main: [wreg+fsr1l+fsr1h+status,2+status,0+pclath+cstack]
  1122                           
  1123                           
  1124                           ;../Ressources/main.c: 32:     init();
  1125     07C3  3187  27AA  3187   	fcall	_init
  1126     07C6                     l797:
  1127                           
  1128                           ;../Ressources/main.c: 36:         _delay((unsigned long)((250)*(8000000/4000.0)));
  1129     07C6  3003               	movlw	3
  1130     07C7  00F1               	movwf	??_main+1
  1131     07C8  308A               	movlw	138
  1132     07C9  00F0               	movwf	??_main
  1133     07CA  3056               	movlw	86
  1134     07CB                     u127:
  1135     07CB  0B89               	decfsz	9,f
  1136     07CC  2FCB               	goto	u127
  1137     07CD  0BF0               	decfsz	??_main,f
  1138     07CE  2FCB               	goto	u127
  1139     07CF  0BF1               	decfsz	??_main+1,f
  1140     07D0  2FCB               	goto	u127
  1141     07D1                     l799:
  1142                           
  1143                           ;../Ressources/main.c: 38:         for (int i = 0; i < sizeof (tableau); i++) {
  1144     07D1  01F2               	clrf	main@i
  1145     07D2  01F3               	clrf	main@i+1
  1146     07D3                     l805:
  1147                           
  1148                           ;../Ressources/main.c: 39:             TX1REG = tableau[i];
  1149     07D3  0872               	movf	main@i,w
  1150     07D4  3E20               	addlw	(low (_tableau| 0))& (0+255)
  1151     07D5  0086               	movwf	6
  1152     07D6  0187               	clrf	7
  1153     07D7  0801               	movf	1,w
  1154     07D8  0023               	movlb	3	; select bank3
  1155     07D9  009A               	movwf	26	;volatile
  1156     07DA                     l807:
  1157                           
  1158                           ;../Ressources/main.c: 40:             _delay((unsigned long)((1)*(8000000/4000.0)));
  1159     07DA  3003               	movlw	3
  1160     07DB  00F0               	movwf	??_main
  1161     07DC  3098               	movlw	152
  1162     07DD                     u137:
  1163     07DD  0B89               	decfsz	9,f
  1164     07DE  2FDD               	goto	u137
  1165     07DF  0BF0               	decfsz	??_main,f
  1166     07E0  2FDD               	goto	u137
  1167     07E1                     l809:
  1168                           
  1169                           ;../Ressources/main.c: 42:         }
  1170     07E1  3001               	movlw	1
  1171     07E2  07F2               	addwf	main@i,f
  1172     07E3  3000               	movlw	0
  1173     07E4  3DF3               	addwfc	main@i+1,f
  1174     07E5                     l811:
  1175     07E5  3000               	movlw	0
  1176     07E6  0273               	subwf	main@i+1,w
  1177     07E7  3010               	movlw	16
  1178     07E8  1903               	skipnz
  1179     07E9  0272               	subwf	main@i,w
  1180     07EA  1C03               	skipc
  1181     07EB  2FED               	goto	u111
  1182     07EC  2FEE               	goto	u110
  1183     07ED                     u111:
  1184     07ED  2FD3               	goto	l805
  1185     07EE                     u110:
  1186     07EE  2FC6               	goto	l797
  1187     07EF  3180  2802         	ljmp	start
  1188     07F1                     __end_of_main:
  1189                           
  1190                           	psect	text1
  1191     07AA                     __ptext1:	
  1192 ;; *************** function _init *****************
  1193 ;; Defined at:
  1194 ;;		line 6 in file "../Ressources/main.c"
  1195 ;; Parameters:    Size  Location     Type
  1196 ;;		None
  1197 ;; Auto vars:     Size  Location     Type
  1198 ;;		None
  1199 ;; Return value:  Size  Location     Type
  1200 ;;                  1    wreg      void 
  1201 ;; Registers used:
  1202 ;;		wreg, status,2, status,0
  1203 ;; Tracked objects:
  1204 ;;		On entry : 0/0
  1205 ;;		On exit  : 0/0
  1206 ;;		Unchanged: 0/0
  1207 ;; Data sizes:     COMMON   BANK0   BANK1   BANK2   BANK3   BANK4   BANK5   BANK6   BANK7   BANK8   BANK9  BANK10  BANK1
      +1  BANK12  BANK13  BANK14  BANK15  BANK16  BANK17  BANK18  BANK19  BANK20  BANK21  BANK22  BANK23  BANK24  BANK25
  1208 ;;      Params:         0       0       0       0       0       0       0       0       0       0       0       0       
      +0       0       0       0       0       0       0       0       0       0       0       0       0       0       0
  1209 ;;      Locals:         0       0       0       0       0       0       0       0       0       0       0       0       
      +0       0       0       0       0       0       0       0       0       0       0       0       0       0       0
  1210 ;;      Temps:          0       0       0       0       0       0       0       0       0       0       0       0       
      +0       0       0       0       0       0       0       0       0       0       0       0       0       0       0
  1211 ;;      Totals:         0       0       0       0       0       0       0       0       0       0       0       0       
      +0       0       0       0       0       0       0       0       0       0       0       0       0       0       0
  1212 ;;Total ram usage:        0 bytes
  1213 ;; Hardware stack levels used: 1
  1214 ;; This function calls:
  1215 ;;		Nothing
  1216 ;; This function is called by:
  1217 ;;		_main
  1218 ;; This function uses a non-reentrant model
  1219 ;;
  1220                           
  1221     07AA                     _init:	
  1222                           ;psect for function _init
  1223                           
  1224     07AA                     l695:	
  1225                           ;incstack = 0
  1226                           ; Regs used in _init: [wreg+status,2+status,0]
  1227                           
  1228                           
  1229                           ;../Ressources/main.c: 8:     RC6PPSbits.RC6PPS = 0x14;
  1230     07AA  003D               	movlb	29	; select bank29
  1231     07AB  0826               	movf	38,w	;volatile
  1232     07AC  39E0               	andlw	-32
  1233     07AD  3814               	iorlw	20
  1234     07AE  00A6               	movwf	38	;volatile
  1235                           
  1236                           ;../Ressources/main.c: 9:     RXPPSbits.RXPPS = 0x17;
  1237     07AF  003C               	movlb	28	; select bank28
  1238     07B0  0824               	movf	36,w	;volatile
  1239     07B1  39E0               	andlw	-32
  1240     07B2  3817               	iorlw	23
  1241     07B3  00A4               	movwf	36	;volatile
  1242     07B4                     l697:
  1243                           
  1244                           ;../Ressources/main.c: 12:     TRISCbits.TRISC6 = 0;
  1245     07B4  0021               	movlb	1	; select bank1
  1246     07B5  130E               	bcf	14,6	;volatile
  1247     07B6                     l699:
  1248                           
  1249                           ;../Ressources/main.c: 13:     TRISCbits.TRISC7 = 1;
  1250     07B6  178E               	bsf	14,7	;volatile
  1251     07B7                     l701:
  1252                           
  1253                           ;../Ressources/main.c: 14:     ANSELCbits.ANSC7 = 0;
  1254     07B7  0023               	movlb	3	; select bank3
  1255     07B8  138E               	bcf	14,7	;volatile
  1256     07B9                     l703:
  1257                           
  1258                           ;../Ressources/main.c: 17:     TX1STAbits.SYNC = 0;
  1259     07B9  121E               	bcf	30,4	;volatile
  1260     07BA                     l705:
  1261                           
  1262                           ;../Ressources/main.c: 18:     TX1STAbits.BRGH = 0;
  1263     07BA  111E               	bcf	30,2	;volatile
  1264     07BB                     l707:
  1265                           
  1266                           ;../Ressources/main.c: 19:     BAUD1CONbits.BRG16 = 0;
  1267     07BB  119F               	bcf	31,3	;volatile
  1268     07BC                     l709:
  1269                           
  1270                           ;../Ressources/main.c: 20:     SP1BRGHbits.SP1BRGH = 0;
  1271     07BC  019C               	clrf	28	;volatile
  1272     07BD                     l711:
  1273                           
  1274                           ;../Ressources/main.c: 21:     SP1BRGLbits.SP1BRGL = 0x0C;
  1275     07BD  300C               	movlw	12
  1276     07BE  009B               	movwf	27	;volatile
  1277     07BF                     l713:
  1278                           
  1279                           ;../Ressources/main.c: 24:     RC1STAbits.SPEN = 1;
  1280     07BF  179D               	bsf	29,7	;volatile
  1281     07C0                     l715:
  1282                           
  1283                           ;../Ressources/main.c: 25:     TX1STAbits.TXEN = 1;
  1284     07C0  169E               	bsf	30,5	;volatile
  1285     07C1                     l717:
  1286                           
  1287                           ;../Ressources/main.c: 26:     RC1STAbits.CREN = 1;
  1288     07C1  161D               	bsf	29,4	;volatile
  1289     07C2                     l129:
  1290     07C2  0008               	return
  1291     07C3                     __end_of_init:
  1292     007E                     btemp	set	126	;btemp
  1293     007E                     wtemp0	set	126
  1294                           
  1295                           	psect	config
  1296                           
  1297                           ;Config register CONFIG1 @ 0x8007
  1298                           ;	Oscillator Selection Bits
  1299                           ;	FOSC = HS, HS Oscillator, High-speed crystal/resonator connected between OSC1 and OSC2
      +                           pins
  1300                           ;	Watchdog Timer Enable
  1301                           ;	WDTE = SWDTEN, WDT controlled by the SWDTEN bit in the WDTCON register
  1302                           ;	Power-up Timer Enable
  1303                           ;	PWRTE = OFF, PWRT disabled
  1304                           ;	MCLR Pin Function Select
  1305                           ;	MCLRE = ON, MCLR/VPP pin function is MCLR
  1306                           ;	Flash Program Memory Code Protection
  1307                           ;	CP = OFF, Program memory code protection is disabled
  1308                           ;	Brown-out Reset Enable
  1309                           ;	BOREN = ON, Brown-out Reset enabled
  1310                           ;	Clock Out Enable
  1311                           ;	CLKOUTEN = OFF, CLKOUT function is disabled. I/O or oscillator function on the CLKOUT 
      +                          pin
  1312                           ;	Internal/External Switchover Mode
  1313                           ;	IESO = ON, Internal/External Switchover Mode is enabled
  1314                           ;	Fail-Safe Clock Monitor Enable
  1315                           ;	FCMEN = ON, Fail-Safe Clock Monitor is enabled
  1316     8007                     	org	32775
  1317     8007  3FEA               	dw	16362
  1318                           
  1319                           ;Config register CONFIG2 @ 0x8008
  1320                           ;	Flash Memory Self-Write Protection
  1321                           ;	WRT = OFF, Write protection off
  1322                           ;	Peripheral Pin Select one-way control
  1323                           ;	PPS1WAY = OFF, The PPSLOCK bit can be set and cleared repeatedly by software
  1324                           ;	Zero-cross detect disable
  1325                           ;	ZCDDIS = ON, ZCD disabled. ZCD can be enabled by setting the ZCDSEN bit of ZCDCON
  1326                           ;	Phase Lock Loop enable
  1327                           ;	PLLEN = OFF, 4x PLL is disabled
  1328                           ;	Stack Overflow/Underflow Reset Enable
  1329                           ;	STVREN = ON, Stack Overflow or Underflow will cause a Reset
  1330                           ;	Brown-out Reset Voltage Selection
  1331                           ;	BORV = LO, Brown-out Reset Voltage (Vbor), low trip point selected.
  1332                           ;	Low-Power Brown Out Reset
  1333                           ;	LPBOR = OFF, Low-Power BOR is disabled
  1334                           ;	In-Circuit Debugger Mode
  1335                           ;	DEBUG = 0x1, unprogrammed default
  1336                           ;	Low-Voltage Programming Enable
  1337                           ;	LVP = OFF, High-voltage on MCLR/VPP must be used for programming
  1338     8008                     	org	32776
  1339     8008  1EFB               	dw	7931

Data Sizes:
    Strings     0
    Constant    0
    Data        16
    BSS         0
    Persistent  32
    Stack       0

Auto Spaces:
    Space          Size  Autos    Used
    COMMON           14      4       4
    BANK0            80      0      16
    BANK1            80      0       0
    BANK2            80      0       0
    BANK3            80      0       0
    BANK4            80      0       0
    BANK5            80      0       0
    BANK6            80      0       0
    BANK7            80      0       0
    BANK8            80      0       0
    BANK9            80      0       0
    BANK10           80      0       0
    BANK11           80      0       0
    BANK12           80      0       0
    BANK13           80      0       0
    BANK14           80      0       0
    BANK15           80      0       0
    BANK16           80      0       0
    BANK17           80      0       0
    BANK18           80      0       0
    BANK19           80      0       0
    BANK20           80      0       0
    BANK21           80      0       0
    BANK22           80      0       0
    BANK23           80      0       0
    BANK24           80      0       0
    BANK25           32      0       0

Pointer List with Targets:

    None.

Critical Paths under _main in COMMON

    None.

Critical Paths under _main in BANK0

    None.

Critical Paths under _main in BANK1

    None.

Critical Paths under _main in BANK2

    None.

Critical Paths under _main in BANK3

    None.

Critical Paths under _main in BANK4

    None.

Critical Paths under _main in BANK5

    None.

Critical Paths under _main in BANK6

    None.

Critical Paths under _main in BANK7

    None.

Critical Paths under _main in BANK8

    None.

Critical Paths under _main in BANK9

    None.

Critical Paths under _main in BANK10

    None.

Critical Paths under _main in BANK11

    None.

Critical Paths under _main in BANK12

    None.

Critical Paths under _main in BANK13

    None.

Critical Paths under _main in BANK14

    None.

Critical Paths under _main in BANK15

    None.

Critical Paths under _main in BANK16

    None.

Critical Paths under _main in BANK17

    None.

Critical Paths under _main in BANK18

    None.

Critical Paths under _main in BANK19

    None.

Critical Paths under _main in BANK20

    None.

Critical Paths under _main in BANK21

    None.

Critical Paths under _main in BANK22

    None.

Critical Paths under _main in BANK23

    None.

Critical Paths under _main in BANK24

    None.

Critical Paths under _main in BANK25

    None.

Call Graph Tables:

 ---------------------------------------------------------------------------------
 (Depth) Function   	        Calls       Base Space   Used Autos Params    Refs
 ---------------------------------------------------------------------------------
 (0) _main                                                 4     4      0      45
                                              0 COMMON     4     4      0
                               _init
 ---------------------------------------------------------------------------------
 (1) _init                                                 0     0      0       0
 ---------------------------------------------------------------------------------
 Estimated maximum stack depth 1
 ---------------------------------------------------------------------------------

 Call Graph Graphs:

 _main (ROOT)
   _init

 Address spaces:
Name               Size   Autos  Total    Cost      Usage
BIGRAM             7F0      0       0       0        0.0%
NULL                 0      0       0       0        0.0%
CODE                 0      0       0       0        0.0%
BITCOMMON            E      0       0       1        0.0%
BITSFR0              0      0       0       1        0.0%
SFR0                 0      0       0       1        0.0%
COMMON               E      4       4       2       28.6%
BITSFR1              0      0       0       2        0.0%
SFR1                 0      0       0       2        0.0%
BITSFR2              0      0       0       3        0.0%
SFR2                 0      0       0       3        0.0%
STACK                0      0       0       3        0.0%
BITBANK0            50      0       0       4        0.0%
BITSFR3              0      0       0       4        0.0%
SFR3                 0      0       0       4        0.0%
BANK0               50      0      10       5       20.0%
BITSFR4              0      0       0       5        0.0%
SFR4                 0      0       0       5        0.0%
BITBANK1            50      0       0       6        0.0%
BITSFR5              0      0       0       6        0.0%
SFR5                 0      0       0       6        0.0%
BANK1               50      0       0       7        0.0%
BITSFR6              0      0       0       7        0.0%
SFR6                 0      0       0       7        0.0%
BITBANK2            50      0       0       8        0.0%
BITSFR7              0      0       0       8        0.0%
SFR7                 0      0       0       8        0.0%
BANK2               50      0       0       9        0.0%
BITSFR8              0      0       0       9        0.0%
SFR8                 0      0       0       9        0.0%
BITBANK3            50      0       0      10        0.0%
BITSFR9              0      0       0      10        0.0%
SFR9                 0      0       0      10        0.0%
BANK3               50      0       0      11        0.0%
BITSFR10             0      0       0      11        0.0%
SFR10                0      0       0      11        0.0%
BITBANK4            50      0       0      12        0.0%
BITSFR11             0      0       0      12        0.0%
SFR11                0      0       0      12        0.0%
BANK4               50      0       0      13        0.0%
BITSFR12             0      0       0      13        0.0%
SFR12                0      0       0      13        0.0%
BITSFR13             0      0       0      14        0.0%
SFR13                0      0       0      14        0.0%
ABS                  0      0      14      14        0.0%
BITBANK5            50      0       0      15        0.0%
BITSFR14             0      0       0      15        0.0%
SFR14                0      0       0      15        0.0%
BANK5               50      0       0      16        0.0%
BITSFR15             0      0       0      16        0.0%
SFR15                0      0       0      16        0.0%
BITBANK6            50      0       0      17        0.0%
BITSFR16             0      0       0      17        0.0%
SFR16                0      0       0      17        0.0%
BANK6               50      0       0      18        0.0%
BITSFR17             0      0       0      18        0.0%
SFR17                0      0       0      18        0.0%
BITBANK7            50      0       0      19        0.0%
BITSFR18             0      0       0      19        0.0%
SFR18                0      0       0      19        0.0%
BANK7               50      0       0      20        0.0%
BITSFR19             0      0       0      20        0.0%
SFR19                0      0       0      20        0.0%
BITBANK8            50      0       0      21        0.0%
BITSFR20             0      0       0      21        0.0%
SFR20                0      0       0      21        0.0%
BANK8               50      0       0      22        0.0%
BITSFR21             0      0       0      22        0.0%
SFR21                0      0       0      22        0.0%
BITBANK9            50      0       0      23        0.0%
BITSFR22             0      0       0      23        0.0%
SFR22                0      0       0      23        0.0%
BANK9               50      0       0      24        0.0%
BITSFR23             0      0       0      24        0.0%
SFR23                0      0       0      24        0.0%
BITBANK10           50      0       0      25        0.0%
BITSFR24             0      0       0      25        0.0%
SFR24                0      0       0      25        0.0%
BANK10              50      0       0      26        0.0%
BITSFR25             0      0       0      26        0.0%
SFR25                0      0       0      26        0.0%
BITBANK11           50      0       0      27        0.0%
BITSFR26             0      0       0      27        0.0%
SFR26                0      0       0      27        0.0%
BITSFR27             0      0       0      28        0.0%
SFR27                0      0       0      28        0.0%
DATA                 0      0      14      28        0.0%
BANK11              50      0       0      29        0.0%
BITSFR28             0      0       0      29        0.0%
SFR28                0      0       0      29        0.0%
BITBANK12           50      0       0      30        0.0%
BITSFR29             0      0       0      30        0.0%
SFR29                0      0       0      30        0.0%
BANK12              50      0       0      31        0.0%
BITSFR30             0      0       0      31        0.0%
SFR30                0      0       0      31        0.0%
BITBANK13           50      0       0      32        0.0%
BITSFR31             0      0       0      32        0.0%
SFR31                0      0       0      32        0.0%
BANK13              50      0       0      33        0.0%
BITBANK14           50      0       0      34        0.0%
BANK14              50      0       0      35        0.0%
BITBANK15           50      0       0      36        0.0%
BANK15              50      0       0      37        0.0%
BITBANK16           50      0       0      38        0.0%
BANK16              50      0       0      39        0.0%
BITBANK17           50      0       0      40        0.0%
BANK17              50      0       0      41        0.0%
BITBANK18           50      0       0      42        0.0%
BANK18              50      0       0      43        0.0%
BITBANK19           50      0       0      44        0.0%
BANK19              50      0       0      45        0.0%
BITBANK20           50      0       0      46        0.0%
BANK20              50      0       0      47        0.0%
BITBANK21           50      0       0      48        0.0%
BANK21              50      0       0      49        0.0%
BITBANK22           50      0       0      50        0.0%
BANK22              50      0       0      51        0.0%
BITBANK23           50      0       0      52        0.0%
BANK23              50      0       0      53        0.0%
BITBANK24           50      0       0      54        0.0%
BANK24              50      0       0      55        0.0%
BITBANK25           20      0       0      56        0.0%
BANK25              20      0       0      57        0.0%


Microchip Technology PIC Macro Assembler V2.45 build 20230818022343 
Symbol Table                                                                                   Mon Feb  5 11:00:59 2024

                    l129 07C2                      l701 07B7                      l711 07BD  
                    l703 07B9                      l713 07BF                      l705 07BA  
                    l715 07C0                      l707 07BB                      l811 07E5  
                    l717 07C1                      l709 07BC                      l805 07D3  
                    l807 07DA                      l809 07E1                      l695 07AA  
                    l697 07B4                      l699 07B6                      l795 07C3  
                    l797 07C6                      l799 07D1                      u110 07EE  
                    u111 07ED                      u127 07CB                      u137 07DD  
                    wreg 0009             _BAUD1CONbits 019F                     _main 07C3  
                   _init 07AA                     fsr0h 0005                     fsr1h 0007  
                   fsr0l 0004                     indf1 0001                     fsr1l 0006  
                   btemp 007E                     start 0002                    ?_main 0070  
                  ?_init 0070                    main@i 0072                    wtemp0 007E  
        __initialization 07F1             __end_of_main 07F1             __end_of_init 07C3  
                 ??_main 0070                   ??_init 0070                   _TX1REG 019A  
__end_of__initialization 07FD           __pcstackCOMMON 0070             __pidataBANK0 079A  
             __pmaintext 07C3                  _SSP1ADD 0212                  _SSP1BUF 0211  
                __ptext1 07AA                  _tableau 0020     end_of_initialization 07FD  
                init_ram 0794                  initloop 0795                _TRISAbits 008C  
              _TRISCbits 008E                _RXPPSbits 0E24      start_initialization 07F1  
            __pdataBANK0 0020                ___latbits 0003                 _LATAbits 010C  
               _LATCbits 010E                 _SSP1CON1 0215                 _SSP1STAT 0214  
            _SP1BRGHbits 019C              _SP1BRGLbits 019B               _ANSELCbits 018E  
           _SSP1CON1bits 0215            _SSPDATPPSbits 0E21               _RC1STAbits 019D  
             _RC3PPSbits 0EA3            _SSPCLKPPSbits 0E20               _RC5PPSbits 0EA5  
             _RC6PPSbits 0EA6             _SSP1STATbits 0214               _TX1STAbits 019E  
